Using pre-set license
Built from '2022.3/staging' branch; Version is '2022.3.11f1 (d00248457e15) revision 13632072'; Using compiler version '192829333'; Build Type 'Release'
OS: 'Windows 11  (10.0.22631) 64bit Core' Language: 'en' Physical Memory: 16332 MB
BatchMode: 1, IsHumanControllingUs: 0, StartBugReporterOnCrash: 0, Is64bit: 1, IsPro: 1

COMMAND LINE ARGUMENTS:
C:\Program Files\Unity\Hub\Editor\2022.3.11f1\Editor\Unity.exe
-adb2
-batchMode
-noUpm
-name
AssetImportWorker0
-projectPath
C:/Users/david/Desktop/github/GMTK2024/GMTK2024
-logFile
Logs/AssetImportWorker0.log
-srvPort
62522
Successfully changed project path to: C:/Users/david/Desktop/github/GMTK2024/GMTK2024
C:/Users/david/Desktop/github/GMTK2024/GMTK2024
[UnityMemory] Configuration Parameters - Can be set up in boot.config
    "memorysetup-bucket-allocator-granularity=16"
    "memorysetup-bucket-allocator-bucket-count=8"
    "memorysetup-bucket-allocator-block-size=33554432"
    "memorysetup-bucket-allocator-block-count=8"
    "memorysetup-main-allocator-block-size=16777216"
    "memorysetup-thread-allocator-block-size=16777216"
    "memorysetup-gfx-main-allocator-block-size=16777216"
    "memorysetup-gfx-thread-allocator-block-size=16777216"
    "memorysetup-cache-allocator-block-size=4194304"
    "memorysetup-typetree-allocator-block-size=2097152"
    "memorysetup-profiler-bucket-allocator-granularity=16"
    "memorysetup-profiler-bucket-allocator-bucket-count=8"
    "memorysetup-profiler-bucket-allocator-block-size=33554432"
    "memorysetup-profiler-bucket-allocator-block-count=8"
    "memorysetup-profiler-allocator-block-size=16777216"
    "memorysetup-profiler-editor-allocator-block-size=1048576"
    "memorysetup-temp-allocator-size-main=16777216"
    "memorysetup-job-temp-allocator-block-size=2097152"
    "memorysetup-job-temp-allocator-block-size-background=1048576"
    "memorysetup-job-temp-allocator-reduction-small-platforms=262144"
    "memorysetup-allocator-temp-initial-block-size-main=262144"
    "memorysetup-allocator-temp-initial-block-size-worker=262144"
    "memorysetup-temp-allocator-size-background-worker=32768"
    "memorysetup-temp-allocator-size-job-worker=262144"
    "memorysetup-temp-allocator-size-preload-manager=33554432"
    "memorysetup-temp-allocator-size-nav-mesh-worker=65536"
    "memorysetup-temp-allocator-size-audio-worker=65536"
    "memorysetup-temp-allocator-size-cloud-worker=32768"
    "memorysetup-temp-allocator-size-gi-baking-worker=262144"
    "memorysetup-temp-allocator-size-gfx=262144"
Player connection [25148] Host "[IP] 192.168.1.13 [Port] 0 [Flags] 2 [Guid] 3951087374 [EditorId] 3951087374 [Version] 1048832 [Id] WindowsEditor(7,PC-Altaro) [Debug] 1 [PackageName] WindowsEditor [ProjectName] Editor" joined multi-casting on [225.0.0.222:54997]...

Player connection [25148] Host "[IP] 192.168.1.13 [Port] 0 [Flags] 2 [Guid] 3951087374 [EditorId] 3951087374 [Version] 1048832 [Id] WindowsEditor(7,PC-Altaro) [Debug] 1 [PackageName] WindowsEditor [ProjectName] Editor" joined alternative multi-casting on [225.0.0.222:34997]...

[Physics::Module] Initialized MultithreadedJobDispatcher with 11 workers.
Refreshing native plugins compatible for Editor in 15.69 ms, found 3 plugins.
Preloading 0 native plugins for Editor in 0.00 ms.
Initialize engine version: 2022.3.11f1 (d00248457e15)
[Subsystems] Discovering subsystems at path C:/Program Files/Unity/Hub/Editor/2022.3.11f1/Editor/Data/Resources/UnitySubsystems
[Subsystems] Discovering subsystems at path C:/Users/david/Desktop/github/GMTK2024/GMTK2024/Assets
GfxDevice: creating device client; threaded=0; jobified=0
Direct3D:
    Version:  Direct3D 11.0 [level 11.1]
    Renderer: AMD Radeon RX 6700 XT (ID=0x73df)
    Vendor:   ATI
    VRAM:     12243 MB
    Driver:   31.0.24033.1003
Initialize mono
Mono path[0] = 'C:/Program Files/Unity/Hub/Editor/2022.3.11f1/Editor/Data/Managed'
Mono path[1] = 'C:/Program Files/Unity/Hub/Editor/2022.3.11f1/Editor/Data/MonoBleedingEdge/lib/mono/unityjit-win32'
Mono config path = 'C:/Program Files/Unity/Hub/Editor/2022.3.11f1/Editor/Data/MonoBleedingEdge/etc'
Using monoOptions --debugger-agent=transport=dt_socket,embedding=1,server=y,suspend=n,address=127.0.0.1:56888
Begin MonoManager ReloadAssembly
Registering precompiled unity dll's ...
Register platform support module: C:/Program Files/Unity/Hub/Editor/2022.3.11f1/Editor/Data/PlaybackEngines/WebGLSupport/UnityEditor.WebGL.Extensions.dll
Register platform support module: C:/Program Files/Unity/Hub/Editor/2022.3.11f1/Editor/Data/PlaybackEngines/AndroidPlayer/UnityEditor.Android.Extensions.dll
Register platform support module: C:/Program Files/Unity/Hub/Editor/2022.3.11f1/Editor/Data/PlaybackEngines/WindowsStandaloneSupport/UnityEditor.WindowsStandalone.Extensions.dll
Registered in 0.016530 seconds.
- Loaded All Assemblies, in  0.450 seconds
Native extension for WindowsStandalone target not found
Native extension for Android target not found
Android Extension - Scanning For ADB Devices 1126 ms
Native extension for WebGL target not found
Mono: successfully reloaded assembly
- Finished resetting the current domain, in  1.532 seconds
Domain Reload Profiling: 1980ms
	BeginReloadAssembly (132ms)
		ExecutionOrderSort (0ms)
		DisableScriptedObjects (0ms)
		BackupInstance (0ms)
		ReleaseScriptingObjects (0ms)
		CreateAndSetChildDomain (1ms)
	RebuildCommonClasses (44ms)
	RebuildNativeTypeToScriptingClass (16ms)
	initialDomainReloadingComplete (78ms)
	LoadAllAssembliesAndSetupDomain (178ms)
		LoadAssemblies (129ms)
		RebuildTransferFunctionScriptingTraits (0ms)
		AnalyzeDomain (174ms)
			TypeCache.Refresh (172ms)
				TypeCache.ScanAssembly (156ms)
			ScanForSourceGeneratedMonoScriptInfo (1ms)
			ResolveRequiredComponents (1ms)
	FinalizeReload (1533ms)
		ReleaseScriptCaches (0ms)
		RebuildScriptCaches (0ms)
		SetupLoadedEditorAssemblies (1459ms)
			LogAssemblyErrors (0ms)
			InitializePlatformSupportModulesInManaged (1274ms)
			SetLoadedEditorAssemblies (5ms)
			RefreshPlugins (0ms)
			BeforeProcessingInitializeOnLoad (3ms)
			ProcessInitializeOnLoadAttributes (121ms)
			ProcessInitializeOnLoadMethodAttributes (56ms)
			AfterProcessingInitializeOnLoad (0ms)
			EditorAssembliesLoaded (0ms)
		ExecutionOrderSort2 (0ms)
		AwakeInstancesAfterBackupRestoration (0ms)
========================================================================
Worker process is ready to serve import requests
Begin MonoManager ReloadAssembly
- Loaded All Assemblies, in  0.797 seconds
Refreshing native plugins compatible for Editor in 4.94 ms, found 3 plugins.
Native extension for WindowsStandalone target not found
Native extension for Android target not found
Native extension for WebGL target not found
Package Manager log level set to [2]
[Package Manager] Server::EnsureServerProcessIsRunning -- launch failed, reason: Unity was launched with the -noUpm command-line argument
[Package Manager] UpmClient::Send -- Unable to send message (not connected to UPM process).
[Package Manager] Cannot connect to Unity Package Manager local server
Mono: successfully reloaded assembly
- Finished resetting the current domain, in  0.819 seconds
Domain Reload Profiling: 1612ms
	BeginReloadAssembly (172ms)
		ExecutionOrderSort (0ms)
		DisableScriptedObjects (5ms)
		BackupInstance (0ms)
		ReleaseScriptingObjects (0ms)
		CreateAndSetChildDomain (28ms)
	RebuildCommonClasses (41ms)
	RebuildNativeTypeToScriptingClass (12ms)
	initialDomainReloadingComplete (50ms)
	LoadAllAssembliesAndSetupDomain (518ms)
		LoadAssemblies (388ms)
		RebuildTransferFunctionScriptingTraits (0ms)
		AnalyzeDomain (232ms)
			TypeCache.Refresh (195ms)
				TypeCache.ScanAssembly (174ms)
			ScanForSourceGeneratedMonoScriptInfo (22ms)
			ResolveRequiredComponents (13ms)
	FinalizeReload (820ms)
		ReleaseScriptCaches (0ms)
		RebuildScriptCaches (0ms)
		SetupLoadedEditorAssemblies (558ms)
			LogAssemblyErrors (0ms)
			InitializePlatformSupportModulesInManaged (27ms)
			SetLoadedEditorAssemblies (3ms)
			RefreshPlugins (0ms)
			BeforeProcessingInitializeOnLoad (86ms)
			ProcessInitializeOnLoadAttributes (356ms)
			ProcessInitializeOnLoadMethodAttributes (79ms)
			AfterProcessingInitializeOnLoad (7ms)
			EditorAssembliesLoaded (0ms)
		ExecutionOrderSort2 (0ms)
		AwakeInstancesAfterBackupRestoration (10ms)
Launched and connected shader compiler UnityShaderCompiler.exe after 0.06 seconds
Refreshing native plugins compatible for Editor in 5.97 ms, found 3 plugins.
Preloading 0 native plugins for Editor in 0.00 ms.
Unloading 5086 Unused Serialized files (Serialized files now loaded: 0)
Unloading 77 unused Assets / (1.6 MB). Loaded Objects now: 5542.
Memory consumption went from 225.3 MB to 223.7 MB.
Total: 4.860700 ms (FindLiveObjects: 0.637900 ms CreateObjectMapping: 0.164700 ms MarkObjects: 3.501300 ms  DeleteObjects: 0.555000 ms)

AssetImportParameters requested are different than current active one (requested -> active):
  custom:container-demuxer-ogg: 62fdf1f143b41e24485cea50d1cbac27 -> 
  custom:video-decoder-ogg-theora: a1e56fd34408186e4bbccfd4996cb3dc -> 
  custom:framework-win-MediaFoundation: 216162199b28c13a410421893ffa2e32 -> 
  custom:container-demuxer-webm: 4f35f7cbe854078d1ac9338744f61a02 -> 
  custom:container-muxer-webm: aa71ff27fc2769a1b78a27578f13a17b -> 
  custom:video-decoder-webm-vp8: 9c59270c3fd7afecdb556c50c9e8de78 -> 
  custom:AudioImporter_EditorPlatform: d09bf68614088b80899f8185d706f6e7 -> 
  custom:video-encoder-webm-vp8: eb34c28f22e8b96e1ab97ce403110664 -> 
  custom:audio-decoder-ogg-vorbis: bf7c407c2cedff20999df2af8eb42d56 -> 
  custom:audio-encoder-webm-vorbis: bf7c407c2cedff20999df2af8eb42d56 -> 
========================================================================
Received Import Request.
  Time since last request: 49004.275076 seconds.
  path: Assets/Imports/LowPolyFoodLite/Models/cakeMod.fbx
  artifactKey: Guid(986edca0561a1f64796250f3fdf8afbd) Importer(815301076,1909f56bfc062723c751e8b465ee728b)
Start importing Assets/Imports/LowPolyFoodLite/Models/cakeMod.fbx using Guid(986edca0561a1f64796250f3fdf8afbd) Importer(815301076,1909f56bfc062723c751e8b465ee728b)  -> (artifact id: '430a957c7a024d85ccbab53edeb8f1c0') in 1.438487 seconds
Number of updated asset objects reloaded before import = 0
Number of asset objects unloaded after import = 28
========================================================================
Received Prepare
Refreshing native plugins compatible for Editor in 4.24 ms, found 3 plugins.
Preloading 0 native plugins for Editor in 0.00 ms.
Unloading 14 Unused Serialized files (Serialized files now loaded: 0)
Unloading 14 unused Assets / (1.5 MB). Loaded Objects now: 5678.
Memory consumption went from 114.4 MB to 112.9 MB.
Total: 4.942800 ms (FindLiveObjects: 0.506500 ms CreateObjectMapping: 0.165000 ms MarkObjects: 3.720800 ms  DeleteObjects: 0.549000 ms)

Prepare: number of updated asset objects reloaded= 0
AssetImportParameters requested are different than current active one (requested -> active):
  custom:container-demuxer-ogg: 62fdf1f143b41e24485cea50d1cbac27 -> 
  custom:video-decoder-ogg-theora: a1e56fd34408186e4bbccfd4996cb3dc -> 
  custom:framework-win-MediaFoundation: 216162199b28c13a410421893ffa2e32 -> 
  custom:CustomObjectIndexerAttribute: d54d2f2da18e7612c182cf67624b6b12 -> 
  custom:container-demuxer-webm: 4f35f7cbe854078d1ac9338744f61a02 -> 
  custom:container-muxer-webm: aa71ff27fc2769a1b78a27578f13a17b -> 
  custom:video-decoder-webm-vp8: 9c59270c3fd7afecdb556c50c9e8de78 -> 
  custom:SearchIndexIgnoredProperties: e643bd26f0fe6173181afceb89e7c659 -> 
  custom:AudioImporter_EditorPlatform: d09bf68614088b80899f8185d706f6e7 -> 
  custom:video-encoder-webm-vp8: eb34c28f22e8b96e1ab97ce403110664 -> 
  custom:audio-decoder-ogg-vorbis: bf7c407c2cedff20999df2af8eb42d56 -> 
  custom:audio-encoder-webm-vorbis: bf7c407c2cedff20999df2af8eb42d56 -> 
========================================================================
Received Import Request.
  Time since last request: 177.006360 seconds.
  path: Assets/Handpainted_Grass_and_Ground_Textures/Textures
  artifactKey: Guid(547dc1e76fb957e40b1d76175f4d934c) Importer(815301076,1909f56bfc062723c751e8b465ee728b)
Start importing Assets/Handpainted_Grass_and_Ground_Textures/Textures using Guid(547dc1e76fb957e40b1d76175f4d934c) Importer(815301076,1909f56bfc062723c751e8b465ee728b)  -> (artifact id: '4da0d4446c794762331e2960f92daba7') in 0.000726 seconds
Number of updated asset objects reloaded before import = 0
Number of asset objects unloaded after import = 0
========================================================================
Received Import Request.
  Time since last request: 1.970952 seconds.
  path: Assets/Handpainted_Grass_and_Ground_Textures/Textures/Grass
  artifactKey: Guid(81aa5b08aeb420f4ba9e6a77812b8384) Importer(815301076,1909f56bfc062723c751e8b465ee728b)
Start importing Assets/Handpainted_Grass_and_Ground_Textures/Textures/Grass using Guid(81aa5b08aeb420f4ba9e6a77812b8384) Importer(815301076,1909f56bfc062723c751e8b465ee728b)  -> (artifact id: 'c5136292974990b59f26632eb881079c') in 0.000546 seconds
Number of updated asset objects reloaded before import = 0
Number of asset objects unloaded after import = 0
========================================================================
Received Import Request.
  Time since last request: 1.931533 seconds.
  path: Assets/Handpainted_Grass_and_Ground_Textures/Textures/Grass/Grass_darked
  artifactKey: Guid(8b50b5524d6fd0244b1dc042957e48ba) Importer(815301076,1909f56bfc062723c751e8b465ee728b)
Start importing Assets/Handpainted_Grass_and_Ground_Textures/Textures/Grass/Grass_darked using Guid(8b50b5524d6fd0244b1dc042957e48ba) Importer(815301076,1909f56bfc062723c751e8b465ee728b)  -> (artifact id: 'a16950be03ccac2b51ea4e214354e8ae') in 0.000493 seconds
Number of updated asset objects reloaded before import = 0
Number of asset objects unloaded after import = 0
========================================================================
Received Import Request.
  Time since last request: 0.163865 seconds.
  path: Assets/Handpainted_Grass_and_Ground_Textures/Textures/Grass/Grass_darked/Grass_darked_down.png
  artifactKey: Guid(9234305f12ded3442b911c3ff978d340) Importer(815301076,1909f56bfc062723c751e8b465ee728b)
Start importing Assets/Handpainted_Grass_and_Ground_Textures/Textures/Grass/Grass_darked/Grass_darked_down.png using Guid(9234305f12ded3442b911c3ff978d340) Importer(815301076,1909f56bfc062723c751e8b465ee728b)  -> (artifact id: '7c7aaa89a4631e8fce416a23544e5cb7') in 0.019770 seconds
Number of updated asset objects reloaded before import = 0
Number of asset objects unloaded after import = 2
========================================================================
Received Import Request.
  Time since last request: 0.000060 seconds.
  path: Assets/Handpainted_Grass_and_Ground_Textures/Textures/Grass/Grass_darked/Grass_darked_right.png
  artifactKey: Guid(ec7bab56bfdc3d147b9e1fda8c12082d) Importer(815301076,1909f56bfc062723c751e8b465ee728b)
Start importing Assets/Handpainted_Grass_and_Ground_Textures/Textures/Grass/Grass_darked/Grass_darked_right.png using Guid(ec7bab56bfdc3d147b9e1fda8c12082d) Importer(815301076,1909f56bfc062723c751e8b465ee728b)  -> (artifact id: '2a08cd2b5e7912d539c0303192f92d49') in 0.014046 seconds
Number of updated asset objects reloaded before import = 0
Number of asset objects unloaded after import = 2
========================================================================
Received Import Request.
  Time since last request: 3.429850 seconds.
  path: Assets/Handpainted_Grass_and_Ground_Textures/Textures/Grass/Grass_swamp_dark
  artifactKey: Guid(be36384a508ba5a47a59fae7425f50b3) Importer(815301076,1909f56bfc062723c751e8b465ee728b)
Start importing Assets/Handpainted_Grass_and_Ground_Textures/Textures/Grass/Grass_swamp_dark using Guid(be36384a508ba5a47a59fae7425f50b3) Importer(815301076,1909f56bfc062723c751e8b465ee728b)  -> (artifact id: '509a1b3383cc539f3db9dca51f8d86b7') in 0.000580 seconds
Number of updated asset objects reloaded before import = 0
Number of asset objects unloaded after import = 0
========================================================================
Received Import Request.
  Time since last request: 0.092144 seconds.
  path: Assets/Handpainted_Grass_and_Ground_Textures/Textures/Grass/Grass_swamp_dark/Grass_swamp_dark_down.png
  artifactKey: Guid(fbbb6bbb9d3869c4e9cbda0884c281a2) Importer(815301076,1909f56bfc062723c751e8b465ee728b)
Start importing Assets/Handpainted_Grass_and_Ground_Textures/Textures/Grass/Grass_swamp_dark/Grass_swamp_dark_down.png using Guid(fbbb6bbb9d3869c4e9cbda0884c281a2) Importer(815301076,1909f56bfc062723c751e8b465ee728b)  -> (artifact id: '78f1555b0a97eccafe5904e2cf5d7bfb') in 0.014291 seconds
Number of updated asset objects reloaded before import = 0
Number of asset objects unloaded after import = 2
========================================================================
Received Import Request.
  Time since last request: 0.000021 seconds.
  path: Assets/Handpainted_Grass_and_Ground_Textures/Textures/Grass/Grass_swamp_dark/Grass_swamp_dark_right.png
  artifactKey: Guid(ebd860c0227aa48418f02eb2af1438b1) Importer(815301076,1909f56bfc062723c751e8b465ee728b)
Start importing Assets/Handpainted_Grass_and_Ground_Textures/Textures/Grass/Grass_swamp_dark/Grass_swamp_dark_right.png using Guid(ebd860c0227aa48418f02eb2af1438b1) Importer(815301076,1909f56bfc062723c751e8b465ee728b)  -> (artifact id: '17daf87322e6caf2271bb89850c1499a') in 0.012276 seconds
Number of updated asset objects reloaded before import = 0
Number of asset objects unloaded after import = 2
========================================================================
Received Import Request.
  Time since last request: 1.840710 seconds.
  path: Assets/Handpainted_Grass_and_Ground_Textures/Textures/Grass/Grass_overcorrupted
  artifactKey: Guid(34cb6fae8668a0d44a494267d88c792f) Importer(815301076,1909f56bfc062723c751e8b465ee728b)
Start importing Assets/Handpainted_Grass_and_Ground_Textures/Textures/Grass/Grass_overcorrupted using Guid(34cb6fae8668a0d44a494267d88c792f) Importer(815301076,1909f56bfc062723c751e8b465ee728b)  -> (artifact id: '8d2dc5906dac2bf69dbf4c47b7c5acce') in 0.000560 seconds
Number of updated asset objects reloaded before import = 0
Number of asset objects unloaded after import = 0
========================================================================
Received Import Request.
  Time since last request: 0.067670 seconds.
  path: Assets/Handpainted_Grass_and_Ground_Textures/Textures/Grass/Grass_overcorrupted/Grass_overcorrupted_down.png
  artifactKey: Guid(8acdc6d940b8a594792bbae9f254ed32) Importer(815301076,1909f56bfc062723c751e8b465ee728b)
Start importing Assets/Handpainted_Grass_and_Ground_Textures/Textures/Grass/Grass_overcorrupted/Grass_overcorrupted_down.png using Guid(8acdc6d940b8a594792bbae9f254ed32) Importer(815301076,1909f56bfc062723c751e8b465ee728b)  -> (artifact id: '42914f00649fd189b65a6d284c81b44d') in 0.011828 seconds
Number of updated asset objects reloaded before import = 0
Number of asset objects unloaded after import = 2
========================================================================
Received Import Request.
  Time since last request: 0.000023 seconds.
  path: Assets/Handpainted_Grass_and_Ground_Textures/Textures/Grass/Grass_overcorrupted/Grass_overcorrupted_right.png
  artifactKey: Guid(7c336b3b2ecc2e648ae85a73fb3a537f) Importer(815301076,1909f56bfc062723c751e8b465ee728b)
Start importing Assets/Handpainted_Grass_and_Ground_Textures/Textures/Grass/Grass_overcorrupted/Grass_overcorrupted_right.png using Guid(7c336b3b2ecc2e648ae85a73fb3a537f) Importer(815301076,1909f56bfc062723c751e8b465ee728b)  -> (artifact id: '93db7bcbc033cf804f41bee580e65e33') in 0.010890 seconds
Number of updated asset objects reloaded before import = 0
Number of asset objects unloaded after import = 2
========================================================================
Received Import Request.
  Time since last request: 0.000058 seconds.
  path: Assets/Handpainted_Grass_and_Ground_Textures/Textures/Grass/Grass_overcorrupted/Grass_overcorrupted_up.png
  artifactKey: Guid(fd8c3363a4dd30247bee08b93a86a3a9) Importer(815301076,1909f56bfc062723c751e8b465ee728b)
Start importing Assets/Handpainted_Grass_and_Ground_Textures/Textures/Grass/Grass_overcorrupted/Grass_overcorrupted_up.png using Guid(fd8c3363a4dd30247bee08b93a86a3a9) Importer(815301076,1909f56bfc062723c751e8b465ee728b)  -> (artifact id: 'dac58c389b719dba7b9eba0f15479f81') in 0.010778 seconds
Number of updated asset objects reloaded before import = 0
Number of asset objects unloaded after import = 2
========================================================================
Received Import Request.
  Time since last request: 1.563896 seconds.
  path: Assets/Handpainted_Grass_and_Ground_Textures/Textures/Grass/Grass_normal
  artifactKey: Guid(14a0d092ce1760b448941f0fb356b1c7) Importer(815301076,1909f56bfc062723c751e8b465ee728b)
Start importing Assets/Handpainted_Grass_and_Ground_Textures/Textures/Grass/Grass_normal using Guid(14a0d092ce1760b448941f0fb356b1c7) Importer(815301076,1909f56bfc062723c751e8b465ee728b)  -> (artifact id: '75f18bbe3b26c78c5d85a80d5ba28d80') in 0.000563 seconds
Number of updated asset objects reloaded before import = 0
Number of asset objects unloaded after import = 0
========================================================================
Received Import Request.
  Time since last request: 0.055669 seconds.
  path: Assets/Handpainted_Grass_and_Ground_Textures/Textures/Grass/Grass_normal/Grass_normal_down.png
  artifactKey: Guid(3d7e23f397bd4e347bc2a33df00d0897) Importer(815301076,1909f56bfc062723c751e8b465ee728b)
Start importing Assets/Handpainted_Grass_and_Ground_Textures/Textures/Grass/Grass_normal/Grass_normal_down.png using Guid(3d7e23f397bd4e347bc2a33df00d0897) Importer(815301076,1909f56bfc062723c751e8b465ee728b)  -> (artifact id: 'd6762b6b37bca290cafb07713839618b') in 0.012412 seconds
Number of updated asset objects reloaded before import = 0
Number of asset objects unloaded after import = 2
========================================================================
Received Import Request.
  Time since last request: 0.000051 seconds.
  path: Assets/Handpainted_Grass_and_Ground_Textures/Textures/Grass/Grass_normal/Grass_normal_up.png
  artifactKey: Guid(deb64ef6450ec574db0af67225551acf) Importer(815301076,1909f56bfc062723c751e8b465ee728b)
Start importing Assets/Handpainted_Grass_and_Ground_Textures/Textures/Grass/Grass_normal/Grass_normal_up.png using Guid(deb64ef6450ec574db0af67225551acf) Importer(815301076,1909f56bfc062723c751e8b465ee728b)  -> (artifact id: 'a70c8a8867cb99ce3c5a4d9211f66497') in 0.013305 seconds
Number of updated asset objects reloaded before import = 0
Number of asset objects unloaded after import = 2
========================================================================
Received Import Request.
  Time since last request: 13.000410 seconds.
  path: Assets/Handpainted_Grass_and_Ground_Textures/Textures/Grass/Grass_normal/New Material.mat
  artifactKey: Guid(24fe29754833aa94d8697fb8d07b3303) Importer(815301076,1909f56bfc062723c751e8b465ee728b)
Start importing Assets/Handpainted_Grass_and_Ground_Textures/Textures/Grass/Grass_normal/New Material.mat using Guid(24fe29754833aa94d8697fb8d07b3303) Importer(815301076,1909f56bfc062723c751e8b465ee728b)  -> (artifact id: '78d1954fe20f9cbde8fb038748d45213') in 0.008247 seconds
Number of updated asset objects reloaded before import = 0
Number of asset objects unloaded after import = 2
========================================================================
Received Import Request.
  Time since last request: 37.050643 seconds.
  path: Assets/Handpainted_Grass_and_Ground_Textures/Textures/Grass/Grass_lighted
  artifactKey: Guid(d936f86bde2d5f34196930bff055a08c) Importer(815301076,1909f56bfc062723c751e8b465ee728b)
Start importing Assets/Handpainted_Grass_and_Ground_Textures/Textures/Grass/Grass_lighted using Guid(d936f86bde2d5f34196930bff055a08c) Importer(815301076,1909f56bfc062723c751e8b465ee728b)  -> (artifact id: '9f75b04c35e19458db4ed03305d1f37d') in 0.000500 seconds
Number of updated asset objects reloaded before import = 0
Number of asset objects unloaded after import = 0
========================================================================
Received Import Request.
  Time since last request: 0.057153 seconds.
  path: Assets/Handpainted_Grass_and_Ground_Textures/Textures/Grass/Grass_lighted/Grass_lighted_down.png
  artifactKey: Guid(6e3abed3edda0ae4b876a53ee95f7d37) Importer(815301076,1909f56bfc062723c751e8b465ee728b)
Start importing Assets/Handpainted_Grass_and_Ground_Textures/Textures/Grass/Grass_lighted/Grass_lighted_down.png using Guid(6e3abed3edda0ae4b876a53ee95f7d37) Importer(815301076,1909f56bfc062723c751e8b465ee728b)  -> (artifact id: '047d5f3d6162e621bb97a9c1a9a361f0') in 0.039980 seconds
Number of updated asset objects reloaded before import = 0
Number of asset objects unloaded after import = 2
========================================================================
Received Import Request.
  Time since last request: 0.000019 seconds.
  path: Assets/Handpainted_Grass_and_Ground_Textures/Textures/Grass/Grass_lighted/Grass_lighted_up.png
  artifactKey: Guid(9273b0666f47d5e4e86165bf96cb7404) Importer(815301076,1909f56bfc062723c751e8b465ee728b)
Start importing Assets/Handpainted_Grass_and_Ground_Textures/Textures/Grass/Grass_lighted/Grass_lighted_up.png using Guid(9273b0666f47d5e4e86165bf96cb7404) Importer(815301076,1909f56bfc062723c751e8b465ee728b)  -> (artifact id: 'ce394927a61ef8662feadabe795800b6') in 0.011595 seconds
Number of updated asset objects reloaded before import = 0
Number of asset objects unloaded after import = 2
========================================================================
Received Import Request.
  Time since last request: 3.357025 seconds.
  path: Assets/Handpainted_Grass_and_Ground_Textures/Textures/Grass/Grass_swamp_lighted
  artifactKey: Guid(fe0923e3eeda74b4d85bb541f3470699) Importer(815301076,1909f56bfc062723c751e8b465ee728b)
Start importing Assets/Handpainted_Grass_and_Ground_Textures/Textures/Grass/Grass_swamp_lighted using Guid(fe0923e3eeda74b4d85bb541f3470699) Importer(815301076,1909f56bfc062723c751e8b465ee728b)  -> (artifact id: 'c43dde785c6f52f0ea7bda9df4ee3624') in 0.000567 seconds
Number of updated asset objects reloaded before import = 0
Number of asset objects unloaded after import = 0
========================================================================
Received Import Request.
  Time since last request: 0.302124 seconds.
  path: Assets/Handpainted_Grass_and_Ground_Textures/Textures/Grass/Grass_swamp_lighted/Grass_swamp_lighted_down.png
  artifactKey: Guid(c6d3dfb14834d2642842e5bc8bdf6c8a) Importer(815301076,1909f56bfc062723c751e8b465ee728b)
Start importing Assets/Handpainted_Grass_and_Ground_Textures/Textures/Grass/Grass_swamp_lighted/Grass_swamp_lighted_down.png using Guid(c6d3dfb14834d2642842e5bc8bdf6c8a) Importer(815301076,1909f56bfc062723c751e8b465ee728b)  -> (artifact id: '6ac3e17772f463abb92fa1f66d10d7e8') in 0.013427 seconds
Number of updated asset objects reloaded before import = 0
Number of asset objects unloaded after import = 2
========================================================================
Received Import Request.
  Time since last request: 0.000042 seconds.
  path: Assets/Handpainted_Grass_and_Ground_Textures/Textures/Grass/Grass_swamp_lighted/Grass_swamp_lighted_up.png
  artifactKey: Guid(388f2f1cf74926b4b87216b23523d64d) Importer(815301076,1909f56bfc062723c751e8b465ee728b)
Start importing Assets/Handpainted_Grass_and_Ground_Textures/Textures/Grass/Grass_swamp_lighted/Grass_swamp_lighted_up.png using Guid(388f2f1cf74926b4b87216b23523d64d) Importer(815301076,1909f56bfc062723c751e8b465ee728b)  -> (artifact id: '72b1334ec3c3dea8cd5d124d02cd9e5a') in 0.012883 seconds
Number of updated asset objects reloaded before import = 0
Number of asset objects unloaded after import = 2
========================================================================
Received Import Request.
  Time since last request: 7.526931 seconds.
  path: Assets/Handpainted_Grass_and_Ground_Textures/Textures/Grass/Grass_swamp_lighted/New Material.mat
  artifactKey: Guid(3b1b3715bedf8f4488daac062fe5735a) Importer(815301076,1909f56bfc062723c751e8b465ee728b)
Start importing Assets/Handpainted_Grass_and_Ground_Textures/Textures/Grass/Grass_swamp_lighted/New Material.mat using Guid(3b1b3715bedf8f4488daac062fe5735a) Importer(815301076,1909f56bfc062723c751e8b465ee728b)  -> (artifact id: '6ce1b1f812701124a47f05f2e00c3921') in 0.007999 seconds
Number of updated asset objects reloaded before import = 0
Number of asset objects unloaded after import = 2
========================================================================
Received Import Request.
  Time since last request: 29.774803 seconds.
  path: Assets/Handpainted_Grass_and_Ground_Textures/Demo
  artifactKey: Guid(5d141430ace3cc0408e31b23e56e08ab) Importer(815301076,1909f56bfc062723c751e8b465ee728b)
Start importing Assets/Handpainted_Grass_and_Ground_Textures/Demo using Guid(5d141430ace3cc0408e31b23e56e08ab) Importer(815301076,1909f56bfc062723c751e8b465ee728b)  -> (artifact id: '7dd59d258343260ce7913d52f294b5b5') in 0.000483 seconds
Number of updated asset objects reloaded before import = 0
Number of asset objects unloaded after import = 0
========================================================================
Received Import Request.
  Time since last request: 0.068522 seconds.
  path: Assets/Handpainted_Grass_and_Ground_Textures/Demo/New Terrain.asset
  artifactKey: Guid(a4503dc03081cd84aa03d1a3fb0dc910) Importer(815301076,1909f56bfc062723c751e8b465ee728b)
Start importing Assets/Handpainted_Grass_and_Ground_Textures/Demo/New Terrain.asset using Guid(a4503dc03081cd84aa03d1a3fb0dc910) Importer(815301076,1909f56bfc062723c751e8b465ee728b)  -> (artifact id: 'db0bdc9555081a8f10fa78582cdc146d') in 0.189220 seconds
Number of updated asset objects reloaded before import = 0
Number of asset objects unloaded after import = 30
========================================================================
Received Import Request.
  Time since last request: 1.419295 seconds.
  path: Assets/Handpainted_Grass_and_Ground_Textures/Demo/terrain_layers
  artifactKey: Guid(fd194f911707f554c9daa1f2de48c620) Importer(815301076,1909f56bfc062723c751e8b465ee728b)
Start importing Assets/Handpainted_Grass_and_Ground_Textures/Demo/terrain_layers using Guid(fd194f911707f554c9daa1f2de48c620) Importer(815301076,1909f56bfc062723c751e8b465ee728b)  -> (artifact id: '8948322a1be73ce0572b4cf40e50a331') in 0.000805 seconds
Number of updated asset objects reloaded before import = 0
Number of asset objects unloaded after import = 0
========================================================================
Received Import Request.
  Time since last request: 0.126429 seconds.
  path: Assets/Handpainted_Grass_and_Ground_Textures/Demo/terrain_layers/dirt_clay_down.terrainlayer
  artifactKey: Guid(4c4035b4429296047a447dd96db29248) Importer(815301076,1909f56bfc062723c751e8b465ee728b)
Start importing Assets/Handpainted_Grass_and_Ground_Textures/Demo/terrain_layers/dirt_clay_down.terrainlayer using Guid(4c4035b4429296047a447dd96db29248) Importer(815301076,1909f56bfc062723c751e8b465ee728b)  -> (artifact id: '6f1c3529dc6b567f256a32316fcdc60c') in 0.015095 seconds
Number of updated asset objects reloaded before import = 0
Number of asset objects unloaded after import = 2
========================================================================
Received Import Request.
  Time since last request: 0.000027 seconds.
  path: Assets/Handpainted_Grass_and_Ground_Textures/Demo/terrain_layers/dirt_desatured_down.terrainlayer
  artifactKey: Guid(a2067e44dd8d50144b0a359c7513a3ba) Importer(815301076,1909f56bfc062723c751e8b465ee728b)
Start importing Assets/Handpainted_Grass_and_Ground_Textures/Demo/terrain_layers/dirt_desatured_down.terrainlayer using Guid(a2067e44dd8d50144b0a359c7513a3ba) Importer(815301076,1909f56bfc062723c751e8b465ee728b)  -> (artifact id: 'b7a4dbe2d9fdc2959baf57459871c9fe') in 0.008014 seconds
Number of updated asset objects reloaded before import = 0
Number of asset objects unloaded after import = 2
========================================================================
Received Import Request.
  Time since last request: 0.000025 seconds.
  path: Assets/Handpainted_Grass_and_Ground_Textures/Demo/terrain_layers/dirt_claydarked_right.terrainlayer
  artifactKey: Guid(79459100015b83e448ec508ceae4fc57) Importer(815301076,1909f56bfc062723c751e8b465ee728b)
Start importing Assets/Handpainted_Grass_and_Ground_Textures/Demo/terrain_layers/dirt_claydarked_right.terrainlayer using Guid(79459100015b83e448ec508ceae4fc57) Importer(815301076,1909f56bfc062723c751e8b465ee728b)  -> (artifact id: '0894717af35a6d2ac93fc06ea7125268') in 0.008032 seconds
Number of updated asset objects reloaded before import = 0
Number of asset objects unloaded after import = 2
========================================================================
Received Import Request.
  Time since last request: 0.000054 seconds.
  path: Assets/Handpainted_Grass_and_Ground_Textures/Demo/terrain_layers/dirt_clay_right.terrainlayer
  artifactKey: Guid(6de2cb754be81fe4da45a5d5149551c6) Importer(815301076,1909f56bfc062723c751e8b465ee728b)
Start importing Assets/Handpainted_Grass_and_Ground_Textures/Demo/terrain_layers/dirt_clay_right.terrainlayer using Guid(6de2cb754be81fe4da45a5d5149551c6) Importer(815301076,1909f56bfc062723c751e8b465ee728b)  -> (artifact id: '0b0e0f33a8e71ca52fcb6495b22a6834') in 0.010919 seconds
Number of updated asset objects reloaded before import = 0
Number of asset objects unloaded after import = 2
========================================================================
Received Import Request.
  Time since last request: 0.000024 seconds.
  path: Assets/Handpainted_Grass_and_Ground_Textures/Demo/terrain_layers/dirt_desatured_rocks_left.terrainlayer
  artifactKey: Guid(2af4e57ff8bc78e4a88241418c051a76) Importer(815301076,1909f56bfc062723c751e8b465ee728b)
Start importing Assets/Handpainted_Grass_and_Ground_Textures/Demo/terrain_layers/dirt_desatured_rocks_left.terrainlayer using Guid(2af4e57ff8bc78e4a88241418c051a76) Importer(815301076,1909f56bfc062723c751e8b465ee728b)  -> (artifact id: '9df39d457517f8d98091ff2f42644ba9') in 0.009156 seconds
Number of updated asset objects reloaded before import = 0
Number of asset objects unloaded after import = 2
========================================================================
Received Import Request.
  Time since last request: 0.000022 seconds.
  path: Assets/Handpainted_Grass_and_Ground_Textures/Demo/terrain_layers/dirt_corrupted_lighted_left.terrainlayer
  artifactKey: Guid(732b43abd374c374d978d756f1c4a5ac) Importer(815301076,1909f56bfc062723c751e8b465ee728b)
Start importing Assets/Handpainted_Grass_and_Ground_Textures/Demo/terrain_layers/dirt_corrupted_lighted_left.terrainlayer using Guid(732b43abd374c374d978d756f1c4a5ac) Importer(815301076,1909f56bfc062723c751e8b465ee728b)  -> (artifact id: '7e252d699e363e139d83424e88c6f308') in 0.007466 seconds
Number of updated asset objects reloaded before import = 0
Number of asset objects unloaded after import = 2
========================================================================
Received Import Request.
  Time since last request: 0.000042 seconds.
  path: Assets/Handpainted_Grass_and_Ground_Textures/Demo/terrain_layers/dirt_lighted_down.terrainlayer
  artifactKey: Guid(9d3c14d093c5efa488e582f9a1b2f663) Importer(815301076,1909f56bfc062723c751e8b465ee728b)
Start importing Assets/Handpainted_Grass_and_Ground_Textures/Demo/terrain_layers/dirt_lighted_down.terrainlayer using Guid(9d3c14d093c5efa488e582f9a1b2f663) Importer(815301076,1909f56bfc062723c751e8b465ee728b)  -> (artifact id: '73c7faa9abf5ae6157c5d6b5e4c998b1') in 0.007531 seconds
Number of updated asset objects reloaded before import = 0
Number of asset objects unloaded after import = 2
========================================================================
Received Import Request.
  Time since last request: 0.000040 seconds.
  path: Assets/Handpainted_Grass_and_Ground_Textures/Demo/terrain_layers/dirt_lighted_rocks_left.terrainlayer
  artifactKey: Guid(1c493d6bb8797ef4f9f71200033d5fae) Importer(815301076,1909f56bfc062723c751e8b465ee728b)
Start importing Assets/Handpainted_Grass_and_Ground_Textures/Demo/terrain_layers/dirt_lighted_rocks_left.terrainlayer using Guid(1c493d6bb8797ef4f9f71200033d5fae) Importer(815301076,1909f56bfc062723c751e8b465ee728b)  -> (artifact id: '6c26b45ad869f375f552c28c61f90fe4') in 0.007874 seconds
Number of updated asset objects reloaded before import = 0
Number of asset objects unloaded after import = 2
========================================================================
Received Import Request.
  Time since last request: 0.000021 seconds.
  path: Assets/Handpainted_Grass_and_Ground_Textures/Demo/terrain_layers/dirt_lighted_rocks_right.terrainlayer
  artifactKey: Guid(93048c3e21ad4ea48a891e7dfba702ff) Importer(815301076,1909f56bfc062723c751e8b465ee728b)
Start importing Assets/Handpainted_Grass_and_Ground_Textures/Demo/terrain_layers/dirt_lighted_rocks_right.terrainlayer using Guid(93048c3e21ad4ea48a891e7dfba702ff) Importer(815301076,1909f56bfc062723c751e8b465ee728b)  -> (artifact id: '76d84f7f3bdf72e8a1a60d0c25ba3c86') in 0.008965 seconds
Number of updated asset objects reloaded before import = 0
Number of asset objects unloaded after import = 2
========================================================================
Received Import Request.
  Time since last request: 0.000080 seconds.
  path: Assets/Handpainted_Grass_and_Ground_Textures/Demo/terrain_layers/dirt_lighted_rocks_down.terrainlayer
  artifactKey: Guid(d5d5a56e581314b45bc87cf717f146a9) Importer(815301076,1909f56bfc062723c751e8b465ee728b)
Start importing Assets/Handpainted_Grass_and_Ground_Textures/Demo/terrain_layers/dirt_lighted_rocks_down.terrainlayer using Guid(d5d5a56e581314b45bc87cf717f146a9) Importer(815301076,1909f56bfc062723c751e8b465ee728b)  -> (artifact id: '72d03d0a67223540b5f940be0492b7c1') in 0.013174 seconds
Number of updated asset objects reloaded before import = 0
Number of asset objects unloaded after import = 2
========================================================================
Received Import Request.
  Time since last request: 0.000024 seconds.
  path: Assets/Handpainted_Grass_and_Ground_Textures/Demo/terrain_layers/dirt_clay_up.terrainlayer
  artifactKey: Guid(799b17a5976350a4699e3fe5773d8e83) Importer(815301076,1909f56bfc062723c751e8b465ee728b)
Start importing Assets/Handpainted_Grass_and_Ground_Textures/Demo/terrain_layers/dirt_clay_up.terrainlayer using Guid(799b17a5976350a4699e3fe5773d8e83) Importer(815301076,1909f56bfc062723c751e8b465ee728b)  -> (artifact id: '1afaaff9a7ffbc3282bb1be38a633e77') in 0.010548 seconds
Number of updated asset objects reloaded before import = 0
Number of asset objects unloaded after import = 2
========================================================================
Received Import Request.
  Time since last request: 0.000024 seconds.
  path: Assets/Handpainted_Grass_and_Ground_Textures/Demo/terrain_layers/dirt_corrupted_left.terrainlayer
  artifactKey: Guid(01fdb5ede7bc71744bebfca6e00634c0) Importer(815301076,1909f56bfc062723c751e8b465ee728b)
Start importing Assets/Handpainted_Grass_and_Ground_Textures/Demo/terrain_layers/dirt_corrupted_left.terrainlayer using Guid(01fdb5ede7bc71744bebfca6e00634c0) Importer(815301076,1909f56bfc062723c751e8b465ee728b)  -> (artifact id: '54018c266bed38ff87609d6f0ba23169') in 0.007350 seconds
Number of updated asset objects reloaded before import = 0
Number of asset objects unloaded after import = 2
========================================================================
Received Import Request.
  Time since last request: 0.000019 seconds.
  path: Assets/Handpainted_Grass_and_Ground_Textures/Demo/terrain_layers/dirt_desatured_up.terrainlayer
  artifactKey: Guid(bcb6b5f0b45e65f41a03dfd1c55f60d3) Importer(815301076,1909f56bfc062723c751e8b465ee728b)
Start importing Assets/Handpainted_Grass_and_Ground_Textures/Demo/terrain_layers/dirt_desatured_up.terrainlayer using Guid(bcb6b5f0b45e65f41a03dfd1c55f60d3) Importer(815301076,1909f56bfc062723c751e8b465ee728b)  -> (artifact id: '4996c7a40647f1de9c403960d1e45be9') in 0.008117 seconds
Number of updated asset objects reloaded before import = 0
Number of asset objects unloaded after import = 2
========================================================================
Received Import Request.
  Time since last request: 0.000023 seconds.
  path: Assets/Handpainted_Grass_and_Ground_Textures/Demo/terrain_layers/dirt_lighted_up.terrainlayer
  artifactKey: Guid(1f75228414d5254428e95e86edd17bb3) Importer(815301076,1909f56bfc062723c751e8b465ee728b)
Start importing Assets/Handpainted_Grass_and_Ground_Textures/Demo/terrain_layers/dirt_lighted_up.terrainlayer using Guid(1f75228414d5254428e95e86edd17bb3) Importer(815301076,1909f56bfc062723c751e8b465ee728b)  -> (artifact id: 'aa4099ba5130452ee8349661c1deb563') in 0.007724 seconds
Number of updated asset objects reloaded before import = 0
Number of asset objects unloaded after import = 2
========================================================================
Received Import Request.
  Time since last request: 0.000064 seconds.
  path: Assets/Handpainted_Grass_and_Ground_Textures/Demo/terrain_layers/dirt_lighted_left.terrainlayer
  artifactKey: Guid(8868eb00d1fb1564881e9adbc06e83c8) Importer(815301076,1909f56bfc062723c751e8b465ee728b)
Start importing Assets/Handpainted_Grass_and_Ground_Textures/Demo/terrain_layers/dirt_lighted_left.terrainlayer using Guid(8868eb00d1fb1564881e9adbc06e83c8) Importer(815301076,1909f56bfc062723c751e8b465ee728b)  -> (artifact id: '4f49e69a53790e8680f4f723807b2fd5') in 0.007550 seconds
Number of updated asset objects reloaded before import = 0
Number of asset objects unloaded after import = 2
========================================================================
Received Import Request.
  Time since last request: 0.000019 seconds.
  path: Assets/Handpainted_Grass_and_Ground_Textures/Demo/terrain_layers/dirt_claydarked_left.terrainlayer
  artifactKey: Guid(69aae8f389094174fa2ca70f9268a251) Importer(815301076,1909f56bfc062723c751e8b465ee728b)
Start importing Assets/Handpainted_Grass_and_Ground_Textures/Demo/terrain_layers/dirt_claydarked_left.terrainlayer using Guid(69aae8f389094174fa2ca70f9268a251) Importer(815301076,1909f56bfc062723c751e8b465ee728b)  -> (artifact id: '52dc1a6ffa5281dcd4a5e10d85a027c7') in 0.009518 seconds
Number of updated asset objects reloaded before import = 0
Number of asset objects unloaded after import = 2
========================================================================
Received Import Request.
  Time since last request: 0.000029 seconds.
  path: Assets/Handpainted_Grass_and_Ground_Textures/Demo/terrain_layers/dirt_desatured_rocks_right.terrainlayer
  artifactKey: Guid(623b445a6e0248847a90129992558440) Importer(815301076,1909f56bfc062723c751e8b465ee728b)
Start importing Assets/Handpainted_Grass_and_Ground_Textures/Demo/terrain_layers/dirt_desatured_rocks_right.terrainlayer using Guid(623b445a6e0248847a90129992558440) Importer(815301076,1909f56bfc062723c751e8b465ee728b)  -> (artifact id: '49d7c26351545d57ebb7a851b2a87a8e') in 0.008486 seconds
Number of updated asset objects reloaded before import = 0
Number of asset objects unloaded after import = 2
========================================================================
Received Import Request.
  Time since last request: 2.434235 seconds.
  path: Assets/Handpainted_Grass_and_Ground_Textures/Demo/terrain_layers/dirt_normal_left.terrainlayer
  artifactKey: Guid(9d4c363caf962fc4db3f057f27debd78) Importer(815301076,1909f56bfc062723c751e8b465ee728b)
Start importing Assets/Handpainted_Grass_and_Ground_Textures/Demo/terrain_layers/dirt_normal_left.terrainlayer using Guid(9d4c363caf962fc4db3f057f27debd78) Importer(815301076,1909f56bfc062723c751e8b465ee728b)  -> (artifact id: '980a9322f38e60897af6fe7f8d2d5f8e') in 0.007511 seconds
Number of updated asset objects reloaded before import = 0
Number of asset objects unloaded after import = 2
========================================================================
Received Import Request.
  Time since last request: 0.000022 seconds.
  path: Assets/Handpainted_Grass_and_Ground_Textures/Demo/terrain_layers/dirt_overcorrupted_down.terrainlayer
  artifactKey: Guid(89258d896d872294bb3a0cefacbc3158) Importer(815301076,1909f56bfc062723c751e8b465ee728b)
Start importing Assets/Handpainted_Grass_and_Ground_Textures/Demo/terrain_layers/dirt_overcorrupted_down.terrainlayer using Guid(89258d896d872294bb3a0cefacbc3158) Importer(815301076,1909f56bfc062723c751e8b465ee728b)  -> (artifact id: '98e25c62532e547f53c3fdc33079b02c') in 0.007973 seconds
Number of updated asset objects reloaded before import = 0
Number of asset objects unloaded after import = 2
========================================================================
Received Import Request.
  Time since last request: 0.000030 seconds.
  path: Assets/Handpainted_Grass_and_Ground_Textures/Demo/terrain_layers/dirt_overcorrupted_up.terrainlayer
  artifactKey: Guid(a597e1737097f994a9beacb7152ea611) Importer(815301076,1909f56bfc062723c751e8b465ee728b)
Start importing Assets/Handpainted_Grass_and_Ground_Textures/Demo/terrain_layers/dirt_overcorrupted_up.terrainlayer using Guid(a597e1737097f994a9beacb7152ea611) Importer(815301076,1909f56bfc062723c751e8b465ee728b)  -> (artifact id: 'cb411b6d975388e4b33d9f4407229b13') in 0.008553 seconds
Number of updated asset objects reloaded before import = 0
Number of asset objects unloaded after import = 2
========================================================================
Received Import Request.
  Time since last request: 0.000019 seconds.
  path: Assets/Handpainted_Grass_and_Ground_Textures/Demo/terrain_layers/dirt_overcorrupted_left.terrainlayer
  artifactKey: Guid(630526f594c11b34196947e39addf186) Importer(815301076,1909f56bfc062723c751e8b465ee728b)
Start importing Assets/Handpainted_Grass_and_Ground_Textures/Demo/terrain_layers/dirt_overcorrupted_left.terrainlayer using Guid(630526f594c11b34196947e39addf186) Importer(815301076,1909f56bfc062723c751e8b465ee728b)  -> (artifact id: '64845af5148c62faecf6e53698fb9901') in 0.008328 seconds
Number of updated asset objects reloaded before import = 0
Number of asset objects unloaded after import = 2
========================================================================
Received Import Request.
  Time since last request: 0.021029 seconds.
  path: Assets/Handpainted_Grass_and_Ground_Textures/Demo/terrain_layers/dirt_overdesatured_left.terrainlayer
  artifactKey: Guid(0f4c7a21d9678e542a477fd5229167fa) Importer(815301076,1909f56bfc062723c751e8b465ee728b)
Start importing Assets/Handpainted_Grass_and_Ground_Textures/Demo/terrain_layers/dirt_overdesatured_left.terrainlayer using Guid(0f4c7a21d9678e542a477fd5229167fa) Importer(815301076,1909f56bfc062723c751e8b465ee728b)  -> (artifact id: 'a70f5898f27b33bc4cb9c1c311553fc7') in 0.007315 seconds
Number of updated asset objects reloaded before import = 0
Number of asset objects unloaded after import = 2
========================================================================
Received Import Request.
  Time since last request: 0.000024 seconds.
  path: Assets/Handpainted_Grass_and_Ground_Textures/Demo/terrain_layers/Grass_bluetint_down.terrainlayer
  artifactKey: Guid(af09d6fd4ebc81e448c4a90956dfb789) Importer(815301076,1909f56bfc062723c751e8b465ee728b)
Start importing Assets/Handpainted_Grass_and_Ground_Textures/Demo/terrain_layers/Grass_bluetint_down.terrainlayer using Guid(af09d6fd4ebc81e448c4a90956dfb789) Importer(815301076,1909f56bfc062723c751e8b465ee728b)  -> (artifact id: 'e963acc11a7b8deea08331dfed0fbf54') in 0.007310 seconds
Number of updated asset objects reloaded before import = 0
Number of asset objects unloaded after import = 2
========================================================================
Received Import Request.
  Time since last request: 2.696638 seconds.
  path: Assets/Handpainted_Grass_and_Ground_Textures/Demo/Materials
  artifactKey: Guid(83f13a6693876d44dace90001e20ca5b) Importer(815301076,1909f56bfc062723c751e8b465ee728b)
Start importing Assets/Handpainted_Grass_and_Ground_Textures/Demo/Materials using Guid(83f13a6693876d44dace90001e20ca5b) Importer(815301076,1909f56bfc062723c751e8b465ee728b)  -> (artifact id: '289b79ca75fc1c5379c2f98098acabc6') in 0.000571 seconds
Number of updated asset objects reloaded before import = 0
Number of asset objects unloaded after import = 0
========================================================================
Received Import Request.
  Time since last request: 0.207549 seconds.
  path: Assets/Handpainted_Grass_and_Ground_Textures/Demo/Materials/Grass_swamp_dark.mat
  artifactKey: Guid(5c8f7163468315a498a8687a4245eb69) Importer(815301076,1909f56bfc062723c751e8b465ee728b)
Start importing Assets/Handpainted_Grass_and_Ground_Textures/Demo/Materials/Grass_swamp_dark.mat using Guid(5c8f7163468315a498a8687a4245eb69) Importer(815301076,1909f56bfc062723c751e8b465ee728b)  -> (artifact id: '3c2738df08028a617984e694e72e2265') in 0.011511 seconds
Number of updated asset objects reloaded before import = 0
Number of asset objects unloaded after import = 3
========================================================================
Received Import Request.
  Time since last request: 0.000019 seconds.
  path: Assets/Handpainted_Grass_and_Ground_Textures/Demo/Materials/Material_snow_dark_step_001.mat
  artifactKey: Guid(e15e334004cbb7c44b30bea8cff89942) Importer(815301076,1909f56bfc062723c751e8b465ee728b)
Start importing Assets/Handpainted_Grass_and_Ground_Textures/Demo/Materials/Material_snow_dark_step_001.mat using Guid(e15e334004cbb7c44b30bea8cff89942) Importer(815301076,1909f56bfc062723c751e8b465ee728b)  -> (artifact id: '84b316151a7b016eff13e9968d450dd6') in 0.010149 seconds
Number of updated asset objects reloaded before import = 0
Number of asset objects unloaded after import = 3
========================================================================
Received Import Request.
  Time since last request: 0.000024 seconds.
  path: Assets/Handpainted_Grass_and_Ground_Textures/Demo/Materials/Material_Grass_overcorrupted.mat
  artifactKey: Guid(ba17272ce492ff74a934b37c50250d08) Importer(815301076,1909f56bfc062723c751e8b465ee728b)
Start importing Assets/Handpainted_Grass_and_Ground_Textures/Demo/Materials/Material_Grass_overcorrupted.mat using Guid(ba17272ce492ff74a934b37c50250d08) Importer(815301076,1909f56bfc062723c751e8b465ee728b)  -> (artifact id: 'ccca87fa2666afeff4461727933c38fd') in 0.010827 seconds
Number of updated asset objects reloaded before import = 0
Number of asset objects unloaded after import = 3
========================================================================
Received Import Request.
  Time since last request: 0.000028 seconds.
  path: Assets/Handpainted_Grass_and_Ground_Textures/Demo/Materials/material_dirt_corrupted_light.mat
  artifactKey: Guid(0d421966b9024684ab5e3bfeb9a5bea4) Importer(815301076,1909f56bfc062723c751e8b465ee728b)
Start importing Assets/Handpainted_Grass_and_Ground_Textures/Demo/Materials/material_dirt_corrupted_light.mat using Guid(0d421966b9024684ab5e3bfeb9a5bea4) Importer(815301076,1909f56bfc062723c751e8b465ee728b)  -> (artifact id: '251eac58b88da2841fc45a3567bc28ec') in 0.010835 seconds
Number of updated asset objects reloaded before import = 0
Number of asset objects unloaded after import = 3
========================================================================
Received Import Request.
  Time since last request: 0.000018 seconds.
  path: Assets/Handpainted_Grass_and_Ground_Textures/Demo/Materials/Material_Grass_lighted.mat
  artifactKey: Guid(b720916f84c05c445a1e56e7d5ac7c34) Importer(815301076,1909f56bfc062723c751e8b465ee728b)
Start importing Assets/Handpainted_Grass_and_Ground_Textures/Demo/Materials/Material_Grass_lighted.mat using Guid(b720916f84c05c445a1e56e7d5ac7c34) Importer(815301076,1909f56bfc062723c751e8b465ee728b)  -> (artifact id: 'b04cf730c67202365f49b9024aa10aa3') in 0.010636 seconds
Number of updated asset objects reloaded before import = 0
Number of asset objects unloaded after import = 3
========================================================================
Received Import Request.
  Time since last request: 0.000017 seconds.
  path: Assets/Handpainted_Grass_and_Ground_Textures/Demo/Materials/Material_snow_dark_step_003.mat
  artifactKey: Guid(aa4778537297c184abeca13aed2ef30d) Importer(815301076,1909f56bfc062723c751e8b465ee728b)
Start importing Assets/Handpainted_Grass_and_Ground_Textures/Demo/Materials/Material_snow_dark_step_003.mat using Guid(aa4778537297c184abeca13aed2ef30d) Importer(815301076,1909f56bfc062723c751e8b465ee728b)  -> (artifact id: '0cdc1a884358456ae22e9b6480ccb52b') in 0.015966 seconds
Number of updated asset objects reloaded before import = 0
Number of asset objects unloaded after import = 3
========================================================================
Received Import Request.
  Time since last request: 0.000027 seconds.
  path: Assets/Handpainted_Grass_and_Ground_Textures/Demo/Materials/Material_Grass_darked.mat
  artifactKey: Guid(49ca5b6b9bc21464081bc5be2701aca1) Importer(815301076,1909f56bfc062723c751e8b465ee728b)
Start importing Assets/Handpainted_Grass_and_Ground_Textures/Demo/Materials/Material_Grass_darked.mat using Guid(49ca5b6b9bc21464081bc5be2701aca1) Importer(815301076,1909f56bfc062723c751e8b465ee728b)  -> (artifact id: 'c62901323abe34b40d3bc49f18fe52b0') in 0.013131 seconds
Number of updated asset objects reloaded before import = 0
Number of asset objects unloaded after import = 3
========================================================================
Received Import Request.
  Time since last request: 0.000028 seconds.
  path: Assets/Handpainted_Grass_and_Ground_Textures/Demo/Materials/material_dirt_desatured.mat
  artifactKey: Guid(7734f1945cbbb954888ae7a4c9b08726) Importer(815301076,1909f56bfc062723c751e8b465ee728b)
Start importing Assets/Handpainted_Grass_and_Ground_Textures/Demo/Materials/material_dirt_desatured.mat using Guid(7734f1945cbbb954888ae7a4c9b08726) Importer(815301076,1909f56bfc062723c751e8b465ee728b)  -> (artifact id: '63067374e17e76cc352afe5de576cbf7') in 0.009832 seconds
Number of updated asset objects reloaded before import = 0
Number of asset objects unloaded after import = 3
========================================================================
Received Import Request.
  Time since last request: 0.000019 seconds.
  path: Assets/Handpainted_Grass_and_Ground_Textures/Demo/Materials/Material_snow_dark_step_007.mat
  artifactKey: Guid(53c84e32e98ed5b45a858363264827db) Importer(815301076,1909f56bfc062723c751e8b465ee728b)
Start importing Assets/Handpainted_Grass_and_Ground_Textures/Demo/Materials/Material_snow_dark_step_007.mat using Guid(53c84e32e98ed5b45a858363264827db) Importer(815301076,1909f56bfc062723c751e8b465ee728b)  -> (artifact id: 'a0768c30926a7d3959b1d458e9b53e86') in 0.014688 seconds
Number of updated asset objects reloaded before import = 0
Number of asset objects unloaded after import = 3
========================================================================
Received Import Request.
  Time since last request: 0.000024 seconds.
  path: Assets/Handpainted_Grass_and_Ground_Textures/Demo/Materials/Material_snow_dark_step_008.mat
  artifactKey: Guid(defd0022054ddf240bfdb18aea02eb24) Importer(815301076,1909f56bfc062723c751e8b465ee728b)
Start importing Assets/Handpainted_Grass_and_Ground_Textures/Demo/Materials/Material_snow_dark_step_008.mat using Guid(defd0022054ddf240bfdb18aea02eb24) Importer(815301076,1909f56bfc062723c751e8b465ee728b)  -> (artifact id: '36694912243156407a681cb1590244b6') in 0.011547 seconds
Number of updated asset objects reloaded before import = 0
Number of asset objects unloaded after import = 3
========================================================================
Received Import Request.
  Time since last request: 0.000039 seconds.
  path: Assets/Handpainted_Grass_and_Ground_Textures/Demo/Materials/Material_dirt_over_corrupted.mat
  artifactKey: Guid(9bdcce6dec6d8e44e81a490c3e0ffb4e) Importer(815301076,1909f56bfc062723c751e8b465ee728b)
Start importing Assets/Handpainted_Grass_and_Ground_Textures/Demo/Materials/Material_dirt_over_corrupted.mat using Guid(9bdcce6dec6d8e44e81a490c3e0ffb4e) Importer(815301076,1909f56bfc062723c751e8b465ee728b)  -> (artifact id: '5e8448006d30c17ad27bf708e1de7c5c') in 0.009883 seconds
Number of updated asset objects reloaded before import = 0
Number of asset objects unloaded after import = 3
========================================================================
Received Import Request.
  Time since last request: 0.000020 seconds.
  path: Assets/Handpainted_Grass_and_Ground_Textures/Demo/Materials/material_dirt_corrupted.mat
  artifactKey: Guid(9298c1f97ff67a843b2911d91b906966) Importer(815301076,1909f56bfc062723c751e8b465ee728b)
Start importing Assets/Handpainted_Grass_and_Ground_Textures/Demo/Materials/material_dirt_corrupted.mat using Guid(9298c1f97ff67a843b2911d91b906966) Importer(815301076,1909f56bfc062723c751e8b465ee728b)  -> (artifact id: '7ab558fe139a7a729554be938d16d03b') in 0.008912 seconds
Number of updated asset objects reloaded before import = 0
Number of asset objects unloaded after import = 3
========================================================================
Received Import Request.
  Time since last request: 0.000026 seconds.
  path: Assets/Handpainted_Grass_and_Ground_Textures/Demo/Materials/Material_Grass_desatured.mat
  artifactKey: Guid(40cc89b9c27c19c459d15b79d4211bee) Importer(815301076,1909f56bfc062723c751e8b465ee728b)
Start importing Assets/Handpainted_Grass_and_Ground_Textures/Demo/Materials/Material_Grass_desatured.mat using Guid(40cc89b9c27c19c459d15b79d4211bee) Importer(815301076,1909f56bfc062723c751e8b465ee728b)  -> (artifact id: '37643406dcfd38d45c7e1ff644f25b9f') in 0.008977 seconds
Number of updated asset objects reloaded before import = 0
Number of asset objects unloaded after import = 3
========================================================================
Received Import Request.
  Time since last request: 0.000026 seconds.
  path: Assets/Handpainted_Grass_and_Ground_Textures/Demo/Materials/material_dirt_clay.mat
  artifactKey: Guid(068d39ad2a610284589321a74477fca7) Importer(815301076,1909f56bfc062723c751e8b465ee728b)
Start importing Assets/Handpainted_Grass_and_Ground_Textures/Demo/Materials/material_dirt_clay.mat using Guid(068d39ad2a610284589321a74477fca7) Importer(815301076,1909f56bfc062723c751e8b465ee728b)  -> (artifact id: '22d73a468d60f12c5e4fe025a75f406e') in 0.009976 seconds
Number of updated asset objects reloaded before import = 0
Number of asset objects unloaded after import = 3
========================================================================
Received Import Request.
  Time since last request: 0.000033 seconds.
  path: Assets/Handpainted_Grass_and_Ground_Textures/Demo/Materials/Material_dirt_lighted_rocks.mat
  artifactKey: Guid(ba828f98c36e04b45aed6d9bbb51a599) Importer(815301076,1909f56bfc062723c751e8b465ee728b)
Start importing Assets/Handpainted_Grass_and_Ground_Textures/Demo/Materials/Material_dirt_lighted_rocks.mat using Guid(ba828f98c36e04b45aed6d9bbb51a599) Importer(815301076,1909f56bfc062723c751e8b465ee728b)  -> (artifact id: '4f4134be13955742aa16b433175dd172') in 0.009949 seconds
Number of updated asset objects reloaded before import = 0
Number of asset objects unloaded after import = 3
========================================================================
Received Import Request.
  Time since last request: 0.000024 seconds.
  path: Assets/Handpainted_Grass_and_Ground_Textures/Demo/Materials/Material_snow_normal_step_002.mat
  artifactKey: Guid(6357b1f9ba0c8184ab83661ffd0761f5) Importer(815301076,1909f56bfc062723c751e8b465ee728b)
Start importing Assets/Handpainted_Grass_and_Ground_Textures/Demo/Materials/Material_snow_normal_step_002.mat using Guid(6357b1f9ba0c8184ab83661ffd0761f5) Importer(815301076,1909f56bfc062723c751e8b465ee728b)  -> (artifact id: '3b7bdc06976d41b69b4fe6b44607a25e') in 0.010817 seconds
Number of updated asset objects reloaded before import = 0
Number of asset objects unloaded after import = 3
========================================================================
Received Import Request.
  Time since last request: 1.161810 seconds.
  path: Assets/Handpainted_Grass_and_Ground_Textures/Demo/Materials/Material_snow_normal_step_004.mat
  artifactKey: Guid(31488567972b3b44fbd8abdc81ccb4ce) Importer(815301076,1909f56bfc062723c751e8b465ee728b)
Start importing Assets/Handpainted_Grass_and_Ground_Textures/Demo/Materials/Material_snow_normal_step_004.mat using Guid(31488567972b3b44fbd8abdc81ccb4ce) Importer(815301076,1909f56bfc062723c751e8b465ee728b)  -> (artifact id: 'e9723065f9116fd002125485ea7626f7') in 0.010419 seconds
Number of updated asset objects reloaded before import = 0
Number of asset objects unloaded after import = 3
========================================================================
Received Import Request.
  Time since last request: 0.000027 seconds.
  path: Assets/Handpainted_Grass_and_Ground_Textures/Demo/Materials/Material_snow_normal_step_007.mat
  artifactKey: Guid(48202fb674240d64c8264e0318e2c937) Importer(815301076,1909f56bfc062723c751e8b465ee728b)
Start importing Assets/Handpainted_Grass_and_Ground_Textures/Demo/Materials/Material_snow_normal_step_007.mat using Guid(48202fb674240d64c8264e0318e2c937) Importer(815301076,1909f56bfc062723c751e8b465ee728b)  -> (artifact id: '77875903d901e7576b4430c2a4ff49cb') in 0.008657 seconds
Number of updated asset objects reloaded before import = 0
Number of asset objects unloaded after import = 3
========================================================================
Received Import Request.
  Time since last request: 0.000037 seconds.
  path: Assets/Handpainted_Grass_and_Ground_Textures/Demo/Materials/Material_snow_super_dark_step_002.mat
  artifactKey: Guid(cb5c9cbdca9d36749af0305f3e76696d) Importer(815301076,1909f56bfc062723c751e8b465ee728b)
Start importing Assets/Handpainted_Grass_and_Ground_Textures/Demo/Materials/Material_snow_super_dark_step_002.mat using Guid(cb5c9cbdca9d36749af0305f3e76696d) Importer(815301076,1909f56bfc062723c751e8b465ee728b)  -> (artifact id: '29897fa4ab656f9e026e0e38cb2f35dc') in 0.010474 seconds
Number of updated asset objects reloaded before import = 0
Number of asset objects unloaded after import = 3
========================================================================
Received Import Request.
  Time since last request: 0.044709 seconds.
  path: Assets/Handpainted_Grass_and_Ground_Textures/Demo/Materials/Material_snow_super_dark_step_003.mat
  artifactKey: Guid(e2c61f76e917ea543addd335549ea4c1) Importer(815301076,1909f56bfc062723c751e8b465ee728b)
Start importing Assets/Handpainted_Grass_and_Ground_Textures/Demo/Materials/Material_snow_super_dark_step_003.mat using Guid(e2c61f76e917ea543addd335549ea4c1) Importer(815301076,1909f56bfc062723c751e8b465ee728b)  -> (artifact id: 'fcb1da9a6428a7f02624c1222e66e726') in 0.011380 seconds
Number of updated asset objects reloaded before import = 0
Number of asset objects unloaded after import = 3
========================================================================
Received Import Request.
  Time since last request: 14.508069 seconds.
  path: Assets/Imports/BigRookGames/_AssetPacks/Stylized Weapon Pack/M4 Scoped Assault Rifle/Prefabs/Assault_Rifle_M4_with_scope.prefab
  artifactKey: Guid(fc45b7e62abe3a34da71d3a00638f636) Importer(2089858483,0ecaa5967403d082aa24f35e1b516d23)
Start importing Assets/Imports/BigRookGames/_AssetPacks/Stylized Weapon Pack/M4 Scoped Assault Rifle/Prefabs/Assault_Rifle_M4_with_scope.prefab using Guid(fc45b7e62abe3a34da71d3a00638f636) Importer(2089858483,0ecaa5967403d082aa24f35e1b516d23) Generated GUIDs only implemented for interfaces!
 -> (artifact id: 'e93c445608a0f38520f28558a081d502') in 0.423135 seconds
Editor requested this worker to shutdown with reason: balancing worker count downwards
Number of updated asset objects reloaded before import = 0
Number of asset objects unloaded after import = 56
TcpMessagingSession - receive error: operation aborted. errorcode: 995, details: The I/O operation has been aborted because of either a thread exit or an application request.
AssetImportWorker is now disconnected from the server
Process exiting
Exiting without the bug reporter. Application will terminate with return code 0