Using pre-set license
Built from '2022.3/staging' branch; Version is '2022.3.11f1 (d00248457e15) revision 13632072'; Using compiler version '192829333'; Build Type 'Release'
OS: 'Windows 11  (10.0.22631) 64bit Core' Language: 'en' Physical Memory: 16332 MB
BatchMode: 1, IsHumanControllingUs: 0, StartBugReporterOnCrash: 0, Is64bit: 1, IsPro: 1

COMMAND LINE ARGUMENTS:
C:\Program Files\Unity\Hub\Editor\2022.3.11f1\Editor\Unity.exe
-adb2
-batchMode
-noUpm
-name
AssetImportWorker7
-projectPath
C:/Users/david/Desktop/github/GMTK2024/GMTK2024
-logFile
Logs/AssetImportWorker7.log
-srvPort
52060
Successfully changed project path to: C:/Users/david/Desktop/github/GMTK2024/GMTK2024
C:/Users/david/Desktop/github/GMTK2024/GMTK2024
[UnityMemory] Configuration Parameters - Can be set up in boot.config
    "memorysetup-bucket-allocator-granularity=16"
    "memorysetup-bucket-allocator-bucket-count=8"
    "memorysetup-bucket-allocator-block-size=33554432"
    "memorysetup-bucket-allocator-block-count=8"
    "memorysetup-main-allocator-block-size=16777216"
    "memorysetup-thread-allocator-block-size=16777216"
    "memorysetup-gfx-main-allocator-block-size=16777216"
    "memorysetup-gfx-thread-allocator-block-size=16777216"
    "memorysetup-cache-allocator-block-size=4194304"
    "memorysetup-typetree-allocator-block-size=2097152"
    "memorysetup-profiler-bucket-allocator-granularity=16"
    "memorysetup-profiler-bucket-allocator-bucket-count=8"
    "memorysetup-profiler-bucket-allocator-block-size=33554432"
    "memorysetup-profiler-bucket-allocator-block-count=8"
    "memorysetup-profiler-allocator-block-size=16777216"
    "memorysetup-profiler-editor-allocator-block-size=1048576"
    "memorysetup-temp-allocator-size-main=16777216"
    "memorysetup-job-temp-allocator-block-size=2097152"
    "memorysetup-job-temp-allocator-block-size-background=1048576"
    "memorysetup-job-temp-allocator-reduction-small-platforms=262144"
    "memorysetup-allocator-temp-initial-block-size-main=262144"
    "memorysetup-allocator-temp-initial-block-size-worker=262144"
    "memorysetup-temp-allocator-size-background-worker=32768"
    "memorysetup-temp-allocator-size-job-worker=262144"
    "memorysetup-temp-allocator-size-preload-manager=33554432"
    "memorysetup-temp-allocator-size-nav-mesh-worker=65536"
    "memorysetup-temp-allocator-size-audio-worker=65536"
    "memorysetup-temp-allocator-size-cloud-worker=32768"
    "memorysetup-temp-allocator-size-gi-baking-worker=262144"
    "memorysetup-temp-allocator-size-gfx=262144"
Player connection [13256] Host "[IP] 192.168.1.13 [Port] 0 [Flags] 2 [Guid] 858161021 [EditorId] 858161021 [Version] 1048832 [Id] WindowsEditor(7,PC-Altaro) [Debug] 1 [PackageName] WindowsEditor [ProjectName] Editor" joined multi-casting on [225.0.0.222:54997]...

Player connection [13256] Host "[IP] 192.168.1.13 [Port] 0 [Flags] 2 [Guid] 858161021 [EditorId] 858161021 [Version] 1048832 [Id] WindowsEditor(7,PC-Altaro) [Debug] 1 [PackageName] WindowsEditor [ProjectName] Editor" joined alternative multi-casting on [225.0.0.222:34997]...

[Physics::Module] Initialized MultithreadedJobDispatcher with 11 workers.
Refreshing native plugins compatible for Editor in 18.13 ms, found 3 plugins.
Preloading 0 native plugins for Editor in 0.00 ms.
Initialize engine version: 2022.3.11f1 (d00248457e15)
[Subsystems] Discovering subsystems at path C:/Program Files/Unity/Hub/Editor/2022.3.11f1/Editor/Data/Resources/UnitySubsystems
[Subsystems] Discovering subsystems at path C:/Users/david/Desktop/github/GMTK2024/GMTK2024/Assets
GfxDevice: creating device client; threaded=0; jobified=0
Direct3D:
    Version:  Direct3D 11.0 [level 11.1]
    Renderer: AMD Radeon RX 6700 XT (ID=0x73df)
    Vendor:   ATI
    VRAM:     12243 MB
    Driver:   31.0.24033.1003
Initialize mono
Mono path[0] = 'C:/Program Files/Unity/Hub/Editor/2022.3.11f1/Editor/Data/Managed'
Mono path[1] = 'C:/Program Files/Unity/Hub/Editor/2022.3.11f1/Editor/Data/MonoBleedingEdge/lib/mono/unityjit-win32'
Mono config path = 'C:/Program Files/Unity/Hub/Editor/2022.3.11f1/Editor/Data/MonoBleedingEdge/etc'
Using monoOptions --debugger-agent=transport=dt_socket,embedding=1,server=y,suspend=n,address=127.0.0.1:56924
Begin MonoManager ReloadAssembly
Registering precompiled unity dll's ...
Register platform support module: C:/Program Files/Unity/Hub/Editor/2022.3.11f1/Editor/Data/PlaybackEngines/WebGLSupport/UnityEditor.WebGL.Extensions.dll
Register platform support module: C:/Program Files/Unity/Hub/Editor/2022.3.11f1/Editor/Data/PlaybackEngines/AndroidPlayer/UnityEditor.Android.Extensions.dll
Register platform support module: C:/Program Files/Unity/Hub/Editor/2022.3.11f1/Editor/Data/PlaybackEngines/WindowsStandaloneSupport/UnityEditor.WindowsStandalone.Extensions.dll
Registered in 0.022140 seconds.
- Loaded All Assemblies, in  1.579 seconds
Native extension for WindowsStandalone target not found
Native extension for Android target not found
Android Extension - Scanning For ADB Devices 2066 ms
Native extension for WebGL target not found
Mono: successfully reloaded assembly
- Finished resetting the current domain, in  2.989 seconds
Domain Reload Profiling: 4565ms
	BeginReloadAssembly (513ms)
		ExecutionOrderSort (0ms)
		DisableScriptedObjects (0ms)
		BackupInstance (0ms)
		ReleaseScriptingObjects (0ms)
		CreateAndSetChildDomain (1ms)
	RebuildCommonClasses (288ms)
	RebuildNativeTypeToScriptingClass (33ms)
	initialDomainReloadingComplete (174ms)
	LoadAllAssembliesAndSetupDomain (568ms)
		LoadAssemblies (510ms)
		RebuildTransferFunctionScriptingTraits (0ms)
		AnalyzeDomain (565ms)
			TypeCache.Refresh (555ms)
				TypeCache.ScanAssembly (435ms)
			ScanForSourceGeneratedMonoScriptInfo (7ms)
			ResolveRequiredComponents (1ms)
	FinalizeReload (2989ms)
		ReleaseScriptCaches (0ms)
		RebuildScriptCaches (0ms)
		SetupLoadedEditorAssemblies (2765ms)
			LogAssemblyErrors (0ms)
			InitializePlatformSupportModulesInManaged (2419ms)
			SetLoadedEditorAssemblies (7ms)
			RefreshPlugins (0ms)
			BeforeProcessingInitializeOnLoad (3ms)
			ProcessInitializeOnLoadAttributes (241ms)
			ProcessInitializeOnLoadMethodAttributes (95ms)
			AfterProcessingInitializeOnLoad (0ms)
			EditorAssembliesLoaded (0ms)
		ExecutionOrderSort2 (0ms)
		AwakeInstancesAfterBackupRestoration (0ms)
========================================================================
Worker process is ready to serve import requests
Begin MonoManager ReloadAssembly
- Loaded All Assemblies, in  2.341 seconds
Refreshing native plugins compatible for Editor in 13.85 ms, found 3 plugins.
Native extension for WindowsStandalone target not found
Native extension for Android target not found
Native extension for WebGL target not found
Package Manager log level set to [2]
[Package Manager] Server::EnsureServerProcessIsRunning -- launch failed, reason: Unity was launched with the -noUpm command-line argument
[Package Manager] UpmClient::Send -- Unable to send message (not connected to UPM process).
[Package Manager] Cannot connect to Unity Package Manager local server
Mono: successfully reloaded assembly
- Finished resetting the current domain, in  2.519 seconds
Domain Reload Profiling: 4855ms
	BeginReloadAssembly (407ms)
		ExecutionOrderSort (0ms)
		DisableScriptedObjects (15ms)
		BackupInstance (0ms)
		ReleaseScriptingObjects (0ms)
		CreateAndSetChildDomain (48ms)
	RebuildCommonClasses (157ms)
	RebuildNativeTypeToScriptingClass (88ms)
	initialDomainReloadingComplete (101ms)
	LoadAllAssembliesAndSetupDomain (1582ms)
		LoadAssemblies (1075ms)
		RebuildTransferFunctionScriptingTraits (0ms)
		AnalyzeDomain (740ms)
			TypeCache.Refresh (676ms)
				TypeCache.ScanAssembly (643ms)
			ScanForSourceGeneratedMonoScriptInfo (31ms)
			ResolveRequiredComponents (30ms)
	FinalizeReload (2519ms)
		ReleaseScriptCaches (0ms)
		RebuildScriptCaches (0ms)
		SetupLoadedEditorAssemblies (1896ms)
			LogAssemblyErrors (0ms)
			InitializePlatformSupportModulesInManaged (163ms)
			SetLoadedEditorAssemblies (11ms)
			RefreshPlugins (0ms)
			BeforeProcessingInitializeOnLoad (261ms)
			ProcessInitializeOnLoadAttributes (1152ms)
			ProcessInitializeOnLoadMethodAttributes (300ms)
			AfterProcessingInitializeOnLoad (10ms)
			EditorAssembliesLoaded (0ms)
		ExecutionOrderSort2 (0ms)
		AwakeInstancesAfterBackupRestoration (14ms)
Launched and connected shader compiler UnityShaderCompiler.exe after 0.09 seconds
Refreshing native plugins compatible for Editor in 5.86 ms, found 3 plugins.
Preloading 0 native plugins for Editor in 0.00 ms.
Unloading 4948 Unused Serialized files (Serialized files now loaded: 0)
Unloading 65 unused Assets / (349.9 KB). Loaded Objects now: 5410.
Memory consumption went from 213.1 MB to 212.8 MB.
Total: 5.476400 ms (FindLiveObjects: 0.731200 ms CreateObjectMapping: 0.230800 ms MarkObjects: 4.157000 ms  DeleteObjects: 0.356000 ms)

AssetImportParameters requested are different than current active one (requested -> active):
  custom:container-demuxer-ogg: 62fdf1f143b41e24485cea50d1cbac27 -> 
  custom:video-decoder-ogg-theora: a1e56fd34408186e4bbccfd4996cb3dc -> 
  custom:framework-win-MediaFoundation: 216162199b28c13a410421893ffa2e32 -> 
  custom:CustomObjectIndexerAttribute: a3ef5dd2817f97addfee359851a9dba5 -> 
  custom:container-demuxer-webm: 4f35f7cbe854078d1ac9338744f61a02 -> 
  custom:container-muxer-webm: aa71ff27fc2769a1b78a27578f13a17b -> 
  custom:video-decoder-webm-vp8: 9c59270c3fd7afecdb556c50c9e8de78 -> 
  custom:SearchIndexIgnoredProperties: e643bd26f0fe6173181afceb89e7c659 -> 
  custom:AudioImporter_EditorPlatform: d09bf68614088b80899f8185d706f6e7 -> 
  custom:video-encoder-webm-vp8: eb34c28f22e8b96e1ab97ce403110664 -> 
  custom:audio-decoder-ogg-vorbis: bf7c407c2cedff20999df2af8eb42d56 -> 
  custom:audio-encoder-webm-vorbis: bf7c407c2cedff20999df2af8eb42d56 -> 
========================================================================
Received Import Request.
  Time since last request: 25445.258762 seconds.
  path: Assets/Imports/LowPolyFoodLite/Prefabs/Burger.prefab
  artifactKey: Guid(cff631b005b811944a846f281776d825) Importer(2089858483,0ecaa5967403d082aa24f35e1b516d23)
Start importing Assets/Imports/LowPolyFoodLite/Prefabs/Burger.prefab using Guid(cff631b005b811944a846f281776d825) Importer(2089858483,0ecaa5967403d082aa24f35e1b516d23) Generated GUIDs only implemented for interfaces!
 -> (artifact id: 'f94d05f62a05e8354ffa1f32193664be') in 0.755259 seconds
Number of updated asset objects reloaded before import = 0
Number of asset objects unloaded after import = 8
========================================================================
Received Import Request.
  Time since last request: 3.405750 seconds.
  path: Assets/Imports/LowPolyWeapons_LITE/Prefabs/Knife_01.prefab
  artifactKey: Guid(c1ab9abedc9d80f4a9109fe99b4ea8d4) Importer(815301076,1909f56bfc062723c751e8b465ee728b)
Start importing Assets/Imports/LowPolyWeapons_LITE/Prefabs/Knife_01.prefab using Guid(c1ab9abedc9d80f4a9109fe99b4ea8d4) Importer(815301076,1909f56bfc062723c751e8b465ee728b)  -> (artifact id: '1eaf3dde2864a2e859620ba7f936f0e9') in 1.015790 seconds
Number of updated asset objects reloaded before import = 0
Number of asset objects unloaded after import = 12
========================================================================
Received Import Request.
  Time since last request: 0.000040 seconds.
  path: Assets/Imports/LowPolyWeapons_LITE/Prefabs/Weapon_02.prefab
  artifactKey: Guid(260ff1508afea5241b6511d8fbe92201) Importer(815301076,1909f56bfc062723c751e8b465ee728b)
Start importing Assets/Imports/LowPolyWeapons_LITE/Prefabs/Weapon_02.prefab using Guid(260ff1508afea5241b6511d8fbe92201) Importer(815301076,1909f56bfc062723c751e8b465ee728b)  -> (artifact id: '0311134d921f3902ab9f688f2d6163a3') in 0.017882 seconds
Number of updated asset objects reloaded before import = 0
Number of asset objects unloaded after import = 49
========================================================================
Received Import Request.
  Time since last request: 0.000041 seconds.
  path: Assets/Imports/LowPolyWeapons_LITE/Materials/LowPolyWeaponsLite_BG.mat
  artifactKey: Guid(ad92502c071a67f45a728e19c6baa36f) Importer(2089858483,0ecaa5967403d082aa24f35e1b516d23)
Start importing Assets/Imports/LowPolyWeapons_LITE/Materials/LowPolyWeaponsLite_BG.mat using Guid(ad92502c071a67f45a728e19c6baa36f) Importer(2089858483,0ecaa5967403d082aa24f35e1b516d23) Generated GUIDs only implemented for interfaces!
 -> (artifact id: '1ce38e453a3a3a8782abe0fcc5609449') in 0.016912 seconds
Number of updated asset objects reloaded before import = 0
Number of asset objects unloaded after import = 1
========================================================================
Received Import Request.
  Time since last request: 0.000077 seconds.
  path: Assets/Imports/LowPolyWeapons_LITE/Materials/LowPolyWeaponsLite_MAIN.mat
  artifactKey: Guid(6381a2822798cc041b99cf46b7a1eebc) Importer(2089858483,0ecaa5967403d082aa24f35e1b516d23)
Start importing Assets/Imports/LowPolyWeapons_LITE/Materials/LowPolyWeaponsLite_MAIN.mat using Guid(6381a2822798cc041b99cf46b7a1eebc) Importer(2089858483,0ecaa5967403d082aa24f35e1b516d23) Generated GUIDs only implemented for interfaces!
 -> (artifact id: '9e738df55003cf4bf7f0c6a16a3a8159') in 0.010638 seconds
Number of updated asset objects reloaded before import = 0
Number of asset objects unloaded after import = 2
========================================================================
Received Import Request.
  Time since last request: 0.000033 seconds.
  path: Assets/Imports/LowPolyWeapons_LITE/Prefabs/Weapon_01.prefab
  artifactKey: Guid(a35b8c32acba1334b9b31dfe8cdbc9be) Importer(815301076,1909f56bfc062723c751e8b465ee728b)
Start importing Assets/Imports/LowPolyWeapons_LITE/Prefabs/Weapon_01.prefab using Guid(a35b8c32acba1334b9b31dfe8cdbc9be) Importer(815301076,1909f56bfc062723c751e8b465ee728b)  -> (artifact id: 'cbbcd5334b71c3fa4f539993cc06dec1') in 0.013091 seconds
Number of updated asset objects reloaded before import = 0
Number of asset objects unloaded after import = 31
========================================================================
Received Import Request.
  Time since last request: 0.000024 seconds.
  path: Assets/Settings/URP-Performant.asset
  artifactKey: Guid(d0e2fc18fe036412f8223b3b3d9ad574) Importer(2089858483,0ecaa5967403d082aa24f35e1b516d23)
Start importing Assets/Settings/URP-Performant.asset using Guid(d0e2fc18fe036412f8223b3b3d9ad574) Importer(2089858483,0ecaa5967403d082aa24f35e1b516d23) Generated GUIDs only implemented for interfaces!
 -> (artifact id: '53621c59803760b854d1d7da5eedbd88') in 0.055790 seconds
Number of updated asset objects reloaded before import = 0
Number of asset objects unloaded after import = 2
========================================================================
Received Import Request.
  Time since last request: 0.000025 seconds.
  path: Assets/Imports/LowPolyFoodLite/Materials/LP_FoodLite_MAIN.mat
  artifactKey: Guid(df7fe48a4062d5448bff2a0f1470487e) Importer(2089858483,0ecaa5967403d082aa24f35e1b516d23)
Start importing Assets/Imports/LowPolyFoodLite/Materials/LP_FoodLite_MAIN.mat using Guid(df7fe48a4062d5448bff2a0f1470487e) Importer(2089858483,0ecaa5967403d082aa24f35e1b516d23) Generated GUIDs only implemented for interfaces!
 -> (artifact id: '12ef71287bc2e05dd4b54ff3fc9017b0') in 0.009910 seconds
Number of updated asset objects reloaded before import = 0
Number of asset objects unloaded after import = 2
========================================================================
Received Prepare
Begin MonoManager ReloadAssembly
- Loaded All Assemblies, in  0.594 seconds
Refreshing native plugins compatible for Editor in 4.48 ms, found 3 plugins.
Native extension for WindowsStandalone target not found
Native extension for Android target not found
Native extension for WebGL target not found
[Package Manager] Server::EnsureServerProcessIsRunning -- launch failed, reason: Unity was launched with the -noUpm command-line argument
[Package Manager] UpmClient::Send -- Unable to send message (not connected to UPM process).
[Package Manager] Cannot connect to Unity Package Manager local server
Mono: successfully reloaded assembly
- Finished resetting the current domain, in  1.848 seconds
Domain Reload Profiling: 2438ms
	BeginReloadAssembly (219ms)
		ExecutionOrderSort (0ms)
		DisableScriptedObjects (5ms)
		BackupInstance (0ms)
		ReleaseScriptingObjects (0ms)
		CreateAndSetChildDomain (82ms)
	RebuildCommonClasses (34ms)
	RebuildNativeTypeToScriptingClass (12ms)
	initialDomainReloadingComplete (28ms)
	LoadAllAssembliesAndSetupDomain (296ms)
		LoadAssemblies (367ms)
		RebuildTransferFunctionScriptingTraits (0ms)
		AnalyzeDomain (23ms)
			TypeCache.Refresh (7ms)
				TypeCache.ScanAssembly (0ms)
			ScanForSourceGeneratedMonoScriptInfo (0ms)
			ResolveRequiredComponents (14ms)
	FinalizeReload (1848ms)
		ReleaseScriptCaches (0ms)
		RebuildScriptCaches (0ms)
		SetupLoadedEditorAssemblies (531ms)
			LogAssemblyErrors (0ms)
			InitializePlatformSupportModulesInManaged (31ms)
			SetLoadedEditorAssemblies (5ms)
			RefreshPlugins (0ms)
			BeforeProcessingInitializeOnLoad (82ms)
			ProcessInitializeOnLoadAttributes (327ms)
			ProcessInitializeOnLoadMethodAttributes (76ms)
			AfterProcessingInitializeOnLoad (9ms)
			EditorAssembliesLoaded (0ms)
		ExecutionOrderSort2 (0ms)
		AwakeInstancesAfterBackupRestoration (24ms)
Refreshing native plugins compatible for Editor in 4.78 ms, found 3 plugins.
Preloading 0 native plugins for Editor in 0.00 ms.
Unloading 4781 Unused Serialized files (Serialized files now loaded: 0)
Unloading 40 unused Assets / (318.5 KB). Loaded Objects now: 5459.
Memory consumption went from 183.6 MB to 183.3 MB.
Total: 3.534800 ms (FindLiveObjects: 0.538500 ms CreateObjectMapping: 0.149300 ms MarkObjects: 2.712800 ms  DeleteObjects: 0.133000 ms)

Prepare: number of updated asset objects reloaded= 0
AssetImportParameters requested are different than current active one (requested -> active):
  custom:container-demuxer-ogg: 62fdf1f143b41e24485cea50d1cbac27 -> 
  custom:video-decoder-ogg-theora: a1e56fd34408186e4bbccfd4996cb3dc -> 
  custom:framework-win-MediaFoundation: 216162199b28c13a410421893ffa2e32 -> 
  custom:CustomObjectIndexerAttribute: a3ef5dd2817f97addfee359851a9dba5 -> 
  custom:container-demuxer-webm: 4f35f7cbe854078d1ac9338744f61a02 -> 
  custom:container-muxer-webm: aa71ff27fc2769a1b78a27578f13a17b -> 
  custom:video-decoder-webm-vp8: 9c59270c3fd7afecdb556c50c9e8de78 -> 
  custom:SearchIndexIgnoredProperties: e643bd26f0fe6173181afceb89e7c659 -> 
  custom:AudioImporter_EditorPlatform: d09bf68614088b80899f8185d706f6e7 -> 
  custom:video-encoder-webm-vp8: eb34c28f22e8b96e1ab97ce403110664 -> 
  custom:audio-decoder-ogg-vorbis: bf7c407c2cedff20999df2af8eb42d56 -> 
  custom:audio-encoder-webm-vorbis: bf7c407c2cedff20999df2af8eb42d56 -> 
========================================================================
Received Import Request.
  Time since last request: 194.774529 seconds.
  path: Assets/Low Poly Stylized Gun Demo/Low Poly Stylized Gun/Fbx/Assult Rifel 6 Orange.fbx
  artifactKey: Guid(b4aa3c48b3f5871498799ad1c72191ed) Importer(815301076,1909f56bfc062723c751e8b465ee728b)
Start importing Assets/Low Poly Stylized Gun Demo/Low Poly Stylized Gun/Fbx/Assult Rifel 6 Orange.fbx using Guid(b4aa3c48b3f5871498799ad1c72191ed) Importer(815301076,1909f56bfc062723c751e8b465ee728b)  -> (artifact id: 'b4a57ce489dc7300f052dee7ed8fab6a') in 0.307245 seconds
Number of updated asset objects reloaded before import = 0
Number of asset objects unloaded after import = 28
========================================================================
Received Import Request.
  Time since last request: 0.000020 seconds.
  path: Assets/Low Poly Stylized Gun Demo/Low Poly Stylized Gun/Fbx/Assult Rifel 9 Blue.fbx
  artifactKey: Guid(9594955ec7668b64b9128191e70e2f82) Importer(815301076,1909f56bfc062723c751e8b465ee728b)
Start importing Assets/Low Poly Stylized Gun Demo/Low Poly Stylized Gun/Fbx/Assult Rifel 9 Blue.fbx using Guid(9594955ec7668b64b9128191e70e2f82) Importer(815301076,1909f56bfc062723c751e8b465ee728b)  -> (artifact id: '2ab52c45c92415bc510102f0a0725143') in 0.016572 seconds
Number of updated asset objects reloaded before import = 0
Number of asset objects unloaded after import = 9
========================================================================
Received Import Request.
  Time since last request: 4.488620 seconds.
  path: Assets/Low Poly Stylized Gun Demo/Low Poly Stylized Gun/Built In/Prefab/Assult Rifel 6 Orange Variant.prefab
  artifactKey: Guid(0b87e60f7bc98534a938be55a4f70724) Importer(815301076,1909f56bfc062723c751e8b465ee728b)
Start importing Assets/Low Poly Stylized Gun Demo/Low Poly Stylized Gun/Built In/Prefab/Assult Rifel 6 Orange Variant.prefab using Guid(0b87e60f7bc98534a938be55a4f70724) Importer(815301076,1909f56bfc062723c751e8b465ee728b)  -> (artifact id: '4dbb200bd65c4cde696853debcda6746') in 0.012006 seconds
Number of updated asset objects reloaded before import = 0
Number of asset objects unloaded after import = 19
========================================================================
Received Import Request.
  Time since last request: 0.000017 seconds.
  path: Assets/Low Poly Stylized Gun Demo/Low Poly Stylized Gun/Built In/Prefab/Sniper Rifel 2 Red Variant.prefab
  artifactKey: Guid(6dcd3488b8e244440a69d3e8a8d1f05c) Importer(815301076,1909f56bfc062723c751e8b465ee728b)
Start importing Assets/Low Poly Stylized Gun Demo/Low Poly Stylized Gun/Built In/Prefab/Sniper Rifel 2 Red Variant.prefab using Guid(6dcd3488b8e244440a69d3e8a8d1f05c) Importer(815301076,1909f56bfc062723c751e8b465ee728b)  -> (artifact id: '1fd524dbbab60610b1c42f47703d879c') in 0.009067 seconds
Number of updated asset objects reloaded before import = 0
Number of asset objects unloaded after import = 19
========================================================================
Received Import Request.
  Time since last request: 12.714495 seconds.
  path: Assets/Settings/URP-Performant.asset
  artifactKey: Guid(d0e2fc18fe036412f8223b3b3d9ad574) Importer(2089858483,3d70f49cd1c2eb9ae422958d1c652c6b)
Start importing Assets/Settings/URP-Performant.asset using Guid(d0e2fc18fe036412f8223b3b3d9ad574) Importer(2089858483,3d70f49cd1c2eb9ae422958d1c652c6b) Generated GUIDs only implemented for interfaces!
 -> (artifact id: '4ca449243a654fd3622854430eaa82cb') in 0.448334 seconds
Number of updated asset objects reloaded before import = 0
Number of asset objects unloaded after import = 1
========================================================================
Received Import Request.
  Time since last request: 0.000043 seconds.
  path: Assets/Low Poly Stylized Gun Demo/Low Poly Stylized Gun/Documentation
  artifactKey: Guid(919afa3a133199b4294a18846db8e98b) Importer(2089858483,0ecaa5967403d082aa24f35e1b516d23)
Start importing Assets/Low Poly Stylized Gun Demo/Low Poly Stylized Gun/Documentation using Guid(919afa3a133199b4294a18846db8e98b) Importer(2089858483,0ecaa5967403d082aa24f35e1b516d23) Generated GUIDs only implemented for interfaces!
 -> (artifact id: 'dd87af7e0ffaf57a9c9709e294bd12e0') in 0.068141 seconds
Number of updated asset objects reloaded before import = 0
Number of asset objects unloaded after import = 1
========================================================================
Received Import Request.
  Time since last request: 0.002926 seconds.
  path: Assets/Low Poly Stylized Gun Demo/Low Poly Stylized Gun/Fbx
  artifactKey: Guid(7867d7a6ef17bb44497c649b9a2aafc1) Importer(2089858483,0ecaa5967403d082aa24f35e1b516d23)
Start importing Assets/Low Poly Stylized Gun Demo/Low Poly Stylized Gun/Fbx using Guid(7867d7a6ef17bb44497c649b9a2aafc1) Importer(2089858483,0ecaa5967403d082aa24f35e1b516d23) Generated GUIDs only implemented for interfaces!
 -> (artifact id: '4e6c6c0df8d887c90049e6cc58e96beb') in 0.006942 seconds
Number of updated asset objects reloaded before import = 0
Number of asset objects unloaded after import = 1
Editor requested this worker to shutdown with reason: balancing worker count downwards
TcpMessagingSession - receive error
AssetImportWorkerClient::OnTransportError - code=2 error=End of file
AssetImportWorker is now disconnected from the server
Process exiting
Exiting without the bug reporter. Application will terminate with return code 0