Using pre-set license
Built from '2022.3/staging' branch; Version is '2022.3.11f1 (d00248457e15) revision 13632072'; Using compiler version '192829333'; Build Type 'Release'
OS: 'Windows 11  (10.0.22631) 64bit Core' Language: 'en' Physical Memory: 16332 MB
BatchMode: 1, IsHumanControllingUs: 0, StartBugReporterOnCrash: 0, Is64bit: 1, IsPro: 1

COMMAND LINE ARGUMENTS:
C:\Program Files\Unity\Hub\Editor\2022.3.11f1\Editor\Unity.exe
-adb2
-batchMode
-noUpm
-name
AssetImportWorker19
-projectPath
C:/Users/david/Desktop/github/GMTK2024/GMTK2024
-logFile
Logs/AssetImportWorker19.log
-srvPort
52060
Successfully changed project path to: C:/Users/david/Desktop/github/GMTK2024/GMTK2024
C:/Users/david/Desktop/github/GMTK2024/GMTK2024
[UnityMemory] Configuration Parameters - Can be set up in boot.config
    "memorysetup-bucket-allocator-granularity=16"
    "memorysetup-bucket-allocator-bucket-count=8"
    "memorysetup-bucket-allocator-block-size=33554432"
    "memorysetup-bucket-allocator-block-count=8"
    "memorysetup-main-allocator-block-size=16777216"
    "memorysetup-thread-allocator-block-size=16777216"
    "memorysetup-gfx-main-allocator-block-size=16777216"
    "memorysetup-gfx-thread-allocator-block-size=16777216"
    "memorysetup-cache-allocator-block-size=4194304"
    "memorysetup-typetree-allocator-block-size=2097152"
    "memorysetup-profiler-bucket-allocator-granularity=16"
    "memorysetup-profiler-bucket-allocator-bucket-count=8"
    "memorysetup-profiler-bucket-allocator-block-size=33554432"
    "memorysetup-profiler-bucket-allocator-block-count=8"
    "memorysetup-profiler-allocator-block-size=16777216"
    "memorysetup-profiler-editor-allocator-block-size=1048576"
    "memorysetup-temp-allocator-size-main=16777216"
    "memorysetup-job-temp-allocator-block-size=2097152"
    "memorysetup-job-temp-allocator-block-size-background=1048576"
    "memorysetup-job-temp-allocator-reduction-small-platforms=262144"
    "memorysetup-allocator-temp-initial-block-size-main=262144"
    "memorysetup-allocator-temp-initial-block-size-worker=262144"
    "memorysetup-temp-allocator-size-background-worker=32768"
    "memorysetup-temp-allocator-size-job-worker=262144"
    "memorysetup-temp-allocator-size-preload-manager=33554432"
    "memorysetup-temp-allocator-size-nav-mesh-worker=65536"
    "memorysetup-temp-allocator-size-audio-worker=65536"
    "memorysetup-temp-allocator-size-cloud-worker=32768"
    "memorysetup-temp-allocator-size-gi-baking-worker=262144"
    "memorysetup-temp-allocator-size-gfx=262144"
Player connection [10852] Host "[IP] 192.168.1.13 [Port] 0 [Flags] 2 [Guid] 69460024 [EditorId] 69460024 [Version] 1048832 [Id] WindowsEditor(7,PC-Altaro) [Debug] 1 [PackageName] WindowsEditor [ProjectName] Editor" joined multi-casting on [225.0.0.222:54997]...

Player connection [10852] Host "[IP] 192.168.1.13 [Port] 0 [Flags] 2 [Guid] 69460024 [EditorId] 69460024 [Version] 1048832 [Id] WindowsEditor(7,PC-Altaro) [Debug] 1 [PackageName] WindowsEditor [ProjectName] Editor" joined alternative multi-casting on [225.0.0.222:34997]...

[Physics::Module] Initialized MultithreadedJobDispatcher with 11 workers.
Refreshing native plugins compatible for Editor in 11.02 ms, found 3 plugins.
Preloading 0 native plugins for Editor in 0.00 ms.
Initialize engine version: 2022.3.11f1 (d00248457e15)
[Subsystems] Discovering subsystems at path C:/Program Files/Unity/Hub/Editor/2022.3.11f1/Editor/Data/Resources/UnitySubsystems
[Subsystems] Discovering subsystems at path C:/Users/david/Desktop/github/GMTK2024/GMTK2024/Assets
GfxDevice: creating device client; threaded=0; jobified=0
Direct3D:
    Version:  Direct3D 11.0 [level 11.1]
    Renderer: AMD Radeon RX 6700 XT (ID=0x73df)
    Vendor:   ATI
    VRAM:     12243 MB
    Driver:   31.0.24033.1003
Initialize mono
Mono path[0] = 'C:/Program Files/Unity/Hub/Editor/2022.3.11f1/Editor/Data/Managed'
Mono path[1] = 'C:/Program Files/Unity/Hub/Editor/2022.3.11f1/Editor/Data/MonoBleedingEdge/lib/mono/unityjit-win32'
Mono config path = 'C:/Program Files/Unity/Hub/Editor/2022.3.11f1/Editor/Data/MonoBleedingEdge/etc'
Using monoOptions --debugger-agent=transport=dt_socket,embedding=1,server=y,suspend=n,address=127.0.0.1:56680
Begin MonoManager ReloadAssembly
Registering precompiled unity dll's ...
Register platform support module: C:/Program Files/Unity/Hub/Editor/2022.3.11f1/Editor/Data/PlaybackEngines/WebGLSupport/UnityEditor.WebGL.Extensions.dll
Register platform support module: C:/Program Files/Unity/Hub/Editor/2022.3.11f1/Editor/Data/PlaybackEngines/AndroidPlayer/UnityEditor.Android.Extensions.dll
Register platform support module: C:/Program Files/Unity/Hub/Editor/2022.3.11f1/Editor/Data/PlaybackEngines/WindowsStandaloneSupport/UnityEditor.WindowsStandalone.Extensions.dll
Registered in 0.009689 seconds.
- Loaded All Assemblies, in  0.329 seconds
Native extension for WindowsStandalone target not found
Native extension for Android target not found
Android Extension - Scanning For ADB Devices 279 ms
Native extension for WebGL target not found
Mono: successfully reloaded assembly
- Finished resetting the current domain, in  0.639 seconds
Domain Reload Profiling: 966ms
	BeginReloadAssembly (94ms)
		ExecutionOrderSort (0ms)
		DisableScriptedObjects (0ms)
		BackupInstance (0ms)
		ReleaseScriptingObjects (0ms)
		CreateAndSetChildDomain (1ms)
	RebuildCommonClasses (33ms)
	RebuildNativeTypeToScriptingClass (11ms)
	initialDomainReloadingComplete (56ms)
	LoadAllAssembliesAndSetupDomain (132ms)
		LoadAssemblies (93ms)
		RebuildTransferFunctionScriptingTraits (0ms)
		AnalyzeDomain (130ms)
			TypeCache.Refresh (128ms)
				TypeCache.ScanAssembly (116ms)
			ScanForSourceGeneratedMonoScriptInfo (0ms)
			ResolveRequiredComponents (0ms)
	FinalizeReload (640ms)
		ReleaseScriptCaches (0ms)
		RebuildScriptCaches (0ms)
		SetupLoadedEditorAssemblies (588ms)
			LogAssemblyErrors (0ms)
			InitializePlatformSupportModulesInManaged (389ms)
			SetLoadedEditorAssemblies (3ms)
			RefreshPlugins (0ms)
			BeforeProcessingInitializeOnLoad (2ms)
			ProcessInitializeOnLoadAttributes (148ms)
			ProcessInitializeOnLoadMethodAttributes (46ms)
			AfterProcessingInitializeOnLoad (0ms)
			EditorAssembliesLoaded (0ms)
		ExecutionOrderSort2 (0ms)
		AwakeInstancesAfterBackupRestoration (0ms)
========================================================================
Worker process is ready to serve import requests
Begin MonoManager ReloadAssembly
- Loaded All Assemblies, in  0.574 seconds
Refreshing native plugins compatible for Editor in 3.85 ms, found 3 plugins.
Native extension for WindowsStandalone target not found
Native extension for Android target not found
Native extension for WebGL target not found
Package Manager log level set to [2]
[Package Manager] Server::EnsureServerProcessIsRunning -- launch failed, reason: Unity was launched with the -noUpm command-line argument
[Package Manager] UpmClient::Send -- Unable to send message (not connected to UPM process).
[Package Manager] Cannot connect to Unity Package Manager local server
Mono: successfully reloaded assembly
- Finished resetting the current domain, in  0.597 seconds
Domain Reload Profiling: 1169ms
	BeginReloadAssembly (131ms)
		ExecutionOrderSort (0ms)
		DisableScriptedObjects (5ms)
		BackupInstance (0ms)
		ReleaseScriptingObjects (0ms)
		CreateAndSetChildDomain (21ms)
	RebuildCommonClasses (31ms)
	RebuildNativeTypeToScriptingClass (11ms)
	initialDomainReloadingComplete (37ms)
	LoadAllAssembliesAndSetupDomain (362ms)
		LoadAssemblies (261ms)
		RebuildTransferFunctionScriptingTraits (0ms)
		AnalyzeDomain (176ms)
			TypeCache.Refresh (148ms)
				TypeCache.ScanAssembly (133ms)
			ScanForSourceGeneratedMonoScriptInfo (18ms)
			ResolveRequiredComponents (9ms)
	FinalizeReload (597ms)
		ReleaseScriptCaches (0ms)
		RebuildScriptCaches (0ms)
		SetupLoadedEditorAssemblies (428ms)
			LogAssemblyErrors (0ms)
			InitializePlatformSupportModulesInManaged (22ms)
			SetLoadedEditorAssemblies (4ms)
			RefreshPlugins (0ms)
			BeforeProcessingInitializeOnLoad (65ms)
			ProcessInitializeOnLoadAttributes (269ms)
			ProcessInitializeOnLoadMethodAttributes (61ms)
			AfterProcessingInitializeOnLoad (6ms)
			EditorAssembliesLoaded (0ms)
		ExecutionOrderSort2 (0ms)
		AwakeInstancesAfterBackupRestoration (7ms)
Launched and connected shader compiler UnityShaderCompiler.exe after 0.04 seconds
Refreshing native plugins compatible for Editor in 3.53 ms, found 3 plugins.
Preloading 0 native plugins for Editor in 0.00 ms.
Unloading 4948 Unused Serialized files (Serialized files now loaded: 0)
Unloading 65 unused Assets / (351.2 KB). Loaded Objects now: 5410.
Memory consumption went from 213.0 MB to 212.6 MB.
Total: 3.557400 ms (FindLiveObjects: 0.498400 ms CreateObjectMapping: 0.182300 ms MarkObjects: 2.675800 ms  DeleteObjects: 0.200300 ms)

AssetImportParameters requested are different than current active one (requested -> active):
  custom:container-demuxer-ogg: 62fdf1f143b41e24485cea50d1cbac27 -> 
  custom:video-decoder-ogg-theora: a1e56fd34408186e4bbccfd4996cb3dc -> 
  custom:framework-win-MediaFoundation: 216162199b28c13a410421893ffa2e32 -> 
  custom:CustomObjectIndexerAttribute: a3ef5dd2817f97addfee359851a9dba5 -> 
  custom:container-demuxer-webm: 4f35f7cbe854078d1ac9338744f61a02 -> 
  custom:container-muxer-webm: aa71ff27fc2769a1b78a27578f13a17b -> 
  custom:video-decoder-webm-vp8: 9c59270c3fd7afecdb556c50c9e8de78 -> 
  custom:SearchIndexIgnoredProperties: e643bd26f0fe6173181afceb89e7c659 -> 
  custom:AudioImporter_EditorPlatform: d09bf68614088b80899f8185d706f6e7 -> 
  custom:video-encoder-webm-vp8: eb34c28f22e8b96e1ab97ce403110664 -> 
  custom:audio-decoder-ogg-vorbis: bf7c407c2cedff20999df2af8eb42d56 -> 
  custom:audio-encoder-webm-vorbis: bf7c407c2cedff20999df2af8eb42d56 -> 
========================================================================
Received Import Request.
  Time since last request: 26966.683552 seconds.
  path: Assets/Imports/LowPolyFoodLite/Models/Avocado.fbx
  artifactKey: Guid(19f66ff944e6f3f428a16e5210fddaea) Importer(815301076,1909f56bfc062723c751e8b465ee728b)
Start importing Assets/Imports/LowPolyFoodLite/Models/Avocado.fbx using Guid(19f66ff944e6f3f428a16e5210fddaea) Importer(815301076,1909f56bfc062723c751e8b465ee728b)  -> (artifact id: '4bad3ec15ca15d43c73b242409880481') in 0.331247 seconds
Number of updated asset objects reloaded before import = 0
Number of asset objects unloaded after import = 9
========================================================================
Received Import Request.
  Time since last request: 0.000027 seconds.
  path: Assets/Imports/LowPolyFoodLite/Models/Plate_01.fbx
  artifactKey: Guid(610c01680284fa14ba5ec40bd8690a6f) Importer(815301076,1909f56bfc062723c751e8b465ee728b)
Start importing Assets/Imports/LowPolyFoodLite/Models/Plate_01.fbx using Guid(610c01680284fa14ba5ec40bd8690a6f) Importer(815301076,1909f56bfc062723c751e8b465ee728b)  -> (artifact id: '5354105eabbe1c4e546712bb59a5579d') in 0.014055 seconds
Number of updated asset objects reloaded before import = 0
Number of asset objects unloaded after import = 8
========================================================================
Received Import Request.
  Time since last request: 0.000033 seconds.
  path: Assets/Imports/LowPolyFoodLite/Models/Pepper.fbx
  artifactKey: Guid(0483fbf3fcdb60740a9db9ef1f6598ff) Importer(815301076,1909f56bfc062723c751e8b465ee728b)
Start importing Assets/Imports/LowPolyFoodLite/Models/Pepper.fbx using Guid(0483fbf3fcdb60740a9db9ef1f6598ff) Importer(815301076,1909f56bfc062723c751e8b465ee728b)  -> (artifact id: 'fcb9c54fb164a024056d938c34523ec0') in 0.013764 seconds
Number of updated asset objects reloaded before import = 0
Number of asset objects unloaded after import = 8
========================================================================
Received Import Request.
  Time since last request: 0.000029 seconds.
  path: Assets/Imports/LowPolyFoodLite/Models/Donut_01.fbx
  artifactKey: Guid(20fc9c5e71adb0443bff79e76235884b) Importer(815301076,1909f56bfc062723c751e8b465ee728b)
Start importing Assets/Imports/LowPolyFoodLite/Models/Donut_01.fbx using Guid(20fc9c5e71adb0443bff79e76235884b) Importer(815301076,1909f56bfc062723c751e8b465ee728b)  -> (artifact id: '8518489384adc4b34bad910a925e106f') in 0.015400 seconds
Number of updated asset objects reloaded before import = 0
Number of asset objects unloaded after import = 8
========================================================================
Received Import Request.
  Time since last request: 0.000023 seconds.
  path: Assets/Imports/LowPolyFoodLite/Models/KitchenProps_02.fbx
  artifactKey: Guid(0981cbdc714bea94496aa16ec2a12191) Importer(815301076,1909f56bfc062723c751e8b465ee728b)
Start importing Assets/Imports/LowPolyFoodLite/Models/KitchenProps_02.fbx using Guid(0981cbdc714bea94496aa16ec2a12191) Importer(815301076,1909f56bfc062723c751e8b465ee728b)  -> (artifact id: '2ad1b717223c7eb14043d42630e70ed1') in 0.013966 seconds
Number of updated asset objects reloaded before import = 0
Number of asset objects unloaded after import = 8
========================================================================
Received Import Request.
  Time since last request: 0.000026 seconds.
  path: Assets/Imports/LowPolyFoodLite/Models/Broccoli.fbx
  artifactKey: Guid(6f41ced50b4be084786971caeec1f413) Importer(815301076,1909f56bfc062723c751e8b465ee728b)
Start importing Assets/Imports/LowPolyFoodLite/Models/Broccoli.fbx using Guid(6f41ced50b4be084786971caeec1f413) Importer(815301076,1909f56bfc062723c751e8b465ee728b)  -> (artifact id: '8075e69b3dd5e2a870390e52c31a0783') in 0.016510 seconds
Number of updated asset objects reloaded before import = 0
Number of asset objects unloaded after import = 8
========================================================================
Received Import Request.
  Time since last request: 0.000017 seconds.
  path: Assets/Imports/LowPolyFoodLite/Models/Steak.fbx
  artifactKey: Guid(6e598c142fd0bf340965313dd204d416) Importer(815301076,1909f56bfc062723c751e8b465ee728b)
Start importing Assets/Imports/LowPolyFoodLite/Models/Steak.fbx using Guid(6e598c142fd0bf340965313dd204d416) Importer(815301076,1909f56bfc062723c751e8b465ee728b)  -> (artifact id: '01af3af095a0803a7e6edb5b51d8e873') in 0.013634 seconds
Number of updated asset objects reloaded before import = 0
Number of asset objects unloaded after import = 8
========================================================================
Received Import Request.
  Time since last request: 38.994764 seconds.
  path: Assets/Imports/KayKit_Restaurant_Bits_1.0_FREE/Assets/fbx/stove_single.fbx
  artifactKey: Guid(b8c0158d15a416246b28d7a373c3ad22) Importer(815301076,1909f56bfc062723c751e8b465ee728b)
Start importing Assets/Imports/KayKit_Restaurant_Bits_1.0_FREE/Assets/fbx/stove_single.fbx using Guid(b8c0158d15a416246b28d7a373c3ad22) Importer(815301076,1909f56bfc062723c751e8b465ee728b)  -> (artifact id: '55977b1031fe2043d8e38a233241f900') in 0.038276 seconds
Number of updated asset objects reloaded before import = 0
Number of asset objects unloaded after import = 10
========================================================================
Received Import Request.
  Time since last request: 0.000029 seconds.
  path: Assets/Imports/KayKit_Restaurant_Bits_1.0_FREE/Assets/fbx/wall_half.fbx
  artifactKey: Guid(42148c0527d041842878b49be658b61d) Importer(815301076,1909f56bfc062723c751e8b465ee728b)
Start importing Assets/Imports/KayKit_Restaurant_Bits_1.0_FREE/Assets/fbx/wall_half.fbx using Guid(42148c0527d041842878b49be658b61d) Importer(815301076,1909f56bfc062723c751e8b465ee728b)  -> (artifact id: 'e39d26069b15dd5ef8d7471a998e352d') in 0.021734 seconds
Number of updated asset objects reloaded before import = 0
Number of asset objects unloaded after import = 10
========================================================================
Received Import Request.
  Time since last request: 0.000026 seconds.
  path: Assets/Imports/KayKit_Restaurant_Bits_1.0_FREE/Assets/fbx/wall_orderwindow.fbx
  artifactKey: Guid(44fccbab02b06174f893c562f6c0ec51) Importer(815301076,1909f56bfc062723c751e8b465ee728b)
Start importing Assets/Imports/KayKit_Restaurant_Bits_1.0_FREE/Assets/fbx/wall_orderwindow.fbx using Guid(44fccbab02b06174f893c562f6c0ec51) Importer(815301076,1909f56bfc062723c751e8b465ee728b)  -> (artifact id: '0e7fdb279cbcecc51fe447260f280d32') in 0.018622 seconds
Number of updated asset objects reloaded before import = 0
Number of asset objects unloaded after import = 10
========================================================================
Received Import Request.
  Time since last request: 0.000028 seconds.
  path: Assets/Imports/KayKit_Restaurant_Bits_1.0_FREE/Assets/fbx/wall.fbx
  artifactKey: Guid(26e0e1521825f29458eec6cc9b844fec) Importer(815301076,1909f56bfc062723c751e8b465ee728b)
Start importing Assets/Imports/KayKit_Restaurant_Bits_1.0_FREE/Assets/fbx/wall.fbx using Guid(26e0e1521825f29458eec6cc9b844fec) Importer(815301076,1909f56bfc062723c751e8b465ee728b)  -> (artifact id: 'f958eac17eb86aa1b9d9e5afa657a1b9') in 0.019739 seconds
Number of updated asset objects reloaded before import = 0
Number of asset objects unloaded after import = 10
========================================================================
Received Import Request.
  Time since last request: 0.000031 seconds.
  path: Assets/Imports/KayKit_Restaurant_Bits_1.0_FREE/Assets/fbx/wall_orderwindow_decorated.fbx
  artifactKey: Guid(461216d030f4c294396430d2f1998a15) Importer(815301076,1909f56bfc062723c751e8b465ee728b)
Start importing Assets/Imports/KayKit_Restaurant_Bits_1.0_FREE/Assets/fbx/wall_orderwindow_decorated.fbx using Guid(461216d030f4c294396430d2f1998a15) Importer(815301076,1909f56bfc062723c751e8b465ee728b)  -> (artifact id: '65ecb4b7fef1eb8350cac222ec3988a0') in 0.026095 seconds
Number of updated asset objects reloaded before import = 0
Number of asset objects unloaded after import = 10
========================================================================
Received Import Request.
  Time since last request: 0.000028 seconds.
  path: Assets/Imports/KayKit_Restaurant_Bits_1.0_FREE/Assets/fbx/table_round_A_small_decorated.fbx
  artifactKey: Guid(5c8a2f27c5b32ce4fbce275525cef7bd) Importer(815301076,1909f56bfc062723c751e8b465ee728b)
Start importing Assets/Imports/KayKit_Restaurant_Bits_1.0_FREE/Assets/fbx/table_round_A_small_decorated.fbx using Guid(5c8a2f27c5b32ce4fbce275525cef7bd) Importer(815301076,1909f56bfc062723c751e8b465ee728b)  -> (artifact id: 'cb7b64356160d6198e2ffcda5ace8dbe') in 0.022079 seconds
Number of updated asset objects reloaded before import = 0
Number of asset objects unloaded after import = 10
========================================================================
Received Import Request.
  Time since last request: 0.000021 seconds.
  path: Assets/Imports/KayKit_Restaurant_Bits_1.0_FREE/Assets/fbx/wall_decorated.fbx
  artifactKey: Guid(545d4588d9eda134b86e81c71a50f933) Importer(815301076,1909f56bfc062723c751e8b465ee728b)
Start importing Assets/Imports/KayKit_Restaurant_Bits_1.0_FREE/Assets/fbx/wall_decorated.fbx using Guid(545d4588d9eda134b86e81c71a50f933) Importer(815301076,1909f56bfc062723c751e8b465ee728b)  -> (artifact id: 'df43791c1d107cceef111f1463a2abbf') in 0.024315 seconds
Number of updated asset objects reloaded before import = 0
Number of asset objects unloaded after import = 10
========================================================================
Received Import Request.
  Time since last request: 0.000025 seconds.
  path: Assets/Imports/KayKit_Restaurant_Bits_1.0_FREE/Assets/fbx/table_round_A.fbx
  artifactKey: Guid(bec0f8d258ab9d241a462bfffd062e22) Importer(815301076,1909f56bfc062723c751e8b465ee728b)
Start importing Assets/Imports/KayKit_Restaurant_Bits_1.0_FREE/Assets/fbx/table_round_A.fbx using Guid(bec0f8d258ab9d241a462bfffd062e22) Importer(815301076,1909f56bfc062723c751e8b465ee728b)  -> (artifact id: '09d62179f317c9f7875eb5334c18aed2') in 0.025127 seconds
Number of updated asset objects reloaded before import = 0
Number of asset objects unloaded after import = 10
========================================================================
Received Import Request.
  Time since last request: 3.058585 seconds.
  path: Assets/Imports/KayKit_Restaurant_Bits_1.0_FREE/Assets/fbx/stew_pot.fbx
  artifactKey: Guid(3b0631d8bd074d241a820d247acea8d4) Importer(815301076,1909f56bfc062723c751e8b465ee728b)
Start importing Assets/Imports/KayKit_Restaurant_Bits_1.0_FREE/Assets/fbx/stew_pot.fbx using Guid(3b0631d8bd074d241a820d247acea8d4) Importer(815301076,1909f56bfc062723c751e8b465ee728b)  -> (artifact id: 'e84f904eada343294d2fc1a7479d6af0') in 0.022493 seconds
Number of updated asset objects reloaded before import = 0
Number of asset objects unloaded after import = 10
========================================================================
Received Import Request.
  Time since last request: 0.036200 seconds.
  path: Assets/Imports/KayKit_Restaurant_Bits_1.0_FREE/Assets/fbx/shelf_papertowel.fbx
  artifactKey: Guid(14cd6c1f1e74c6f4cae0bc65c9572558) Importer(815301076,1909f56bfc062723c751e8b465ee728b)
Start importing Assets/Imports/KayKit_Restaurant_Bits_1.0_FREE/Assets/fbx/shelf_papertowel.fbx using Guid(14cd6c1f1e74c6f4cae0bc65c9572558) Importer(815301076,1909f56bfc062723c751e8b465ee728b)  -> (artifact id: '972fad6760a52a1eddcede8c4aad41ec') in 0.031016 seconds
Number of updated asset objects reloaded before import = 0
Number of asset objects unloaded after import = 10
========================================================================
Received Import Request.
  Time since last request: 0.023173 seconds.
  path: Assets/Imports/KayKit_Restaurant_Bits_1.0_FREE/Assets/fbx/pot_B.fbx
  artifactKey: Guid(796e8caf33a37544387129f5261e2031) Importer(815301076,1909f56bfc062723c751e8b465ee728b)
Start importing Assets/Imports/KayKit_Restaurant_Bits_1.0_FREE/Assets/fbx/pot_B.fbx using Guid(796e8caf33a37544387129f5261e2031) Importer(815301076,1909f56bfc062723c751e8b465ee728b)  -> (artifact id: 'fe68739f80d5da080f30eafa5f5f5a79') in 0.021957 seconds
Number of updated asset objects reloaded before import = 0
Number of asset objects unloaded after import = 10
========================================================================
Received Import Request.
  Time since last request: 0.211230 seconds.
  path: Assets/Imports/KayKit_Restaurant_Bits_1.0_FREE/Assets/fbx/plate_small.fbx
  artifactKey: Guid(79641937eba92fc4eaa3a8cfc7b84628) Importer(815301076,1909f56bfc062723c751e8b465ee728b)
Start importing Assets/Imports/KayKit_Restaurant_Bits_1.0_FREE/Assets/fbx/plate_small.fbx using Guid(79641937eba92fc4eaa3a8cfc7b84628) Importer(815301076,1909f56bfc062723c751e8b465ee728b)  -> (artifact id: 'f4955f9399f1eb547422f35d9786cee6') in 0.022243 seconds
Number of updated asset objects reloaded before import = 0
Number of asset objects unloaded after import = 10
Editor requested this worker to shutdown with reason: Scaling down because of idle timeout
TcpMessagingSession - receive error: operation aborted. errorcode: 995, details: The I/O operation has been aborted because of either a thread exit or an application request.
AssetImportWorker is now disconnected from the server
Process exiting
Exiting without the bug reporter. Application will terminate with return code 0