Using pre-set license
Built from '2022.3/staging' branch; Version is '2022.3.11f1 (d00248457e15) revision 13632072'; Using compiler version '192829333'; Build Type 'Release'
OS: 'Windows 11  (10.0.22631) 64bit Core' Language: 'en' Physical Memory: 16332 MB
BatchMode: 1, IsHumanControllingUs: 0, StartBugReporterOnCrash: 0, Is64bit: 1, IsPro: 1

COMMAND LINE ARGUMENTS:
C:\Program Files\Unity\Hub\Editor\2022.3.11f1\Editor\Unity.exe
-adb2
-batchMode
-noUpm
-name
AssetImportWorker19
-projectPath
C:/Users/david/Desktop/github/GMTK2024/GMTK2024
-logFile
Logs/AssetImportWorker19.log
-srvPort
62522
Successfully changed project path to: C:/Users/david/Desktop/github/GMTK2024/GMTK2024
C:/Users/david/Desktop/github/GMTK2024/GMTK2024
[UnityMemory] Configuration Parameters - Can be set up in boot.config
    "memorysetup-bucket-allocator-granularity=16"
    "memorysetup-bucket-allocator-bucket-count=8"
    "memorysetup-bucket-allocator-block-size=33554432"
    "memorysetup-bucket-allocator-block-count=8"
    "memorysetup-main-allocator-block-size=16777216"
    "memorysetup-thread-allocator-block-size=16777216"
    "memorysetup-gfx-main-allocator-block-size=16777216"
    "memorysetup-gfx-thread-allocator-block-size=16777216"
    "memorysetup-cache-allocator-block-size=4194304"
    "memorysetup-typetree-allocator-block-size=2097152"
    "memorysetup-profiler-bucket-allocator-granularity=16"
    "memorysetup-profiler-bucket-allocator-bucket-count=8"
    "memorysetup-profiler-bucket-allocator-block-size=33554432"
    "memorysetup-profiler-bucket-allocator-block-count=8"
    "memorysetup-profiler-allocator-block-size=16777216"
    "memorysetup-profiler-editor-allocator-block-size=1048576"
    "memorysetup-temp-allocator-size-main=16777216"
    "memorysetup-job-temp-allocator-block-size=2097152"
    "memorysetup-job-temp-allocator-block-size-background=1048576"
    "memorysetup-job-temp-allocator-reduction-small-platforms=262144"
    "memorysetup-allocator-temp-initial-block-size-main=262144"
    "memorysetup-allocator-temp-initial-block-size-worker=262144"
    "memorysetup-temp-allocator-size-background-worker=32768"
    "memorysetup-temp-allocator-size-job-worker=262144"
    "memorysetup-temp-allocator-size-preload-manager=33554432"
    "memorysetup-temp-allocator-size-nav-mesh-worker=65536"
    "memorysetup-temp-allocator-size-audio-worker=65536"
    "memorysetup-temp-allocator-size-cloud-worker=32768"
    "memorysetup-temp-allocator-size-gi-baking-worker=262144"
    "memorysetup-temp-allocator-size-gfx=262144"
Player connection [32868] Host "[IP] 192.168.1.13 [Port] 0 [Flags] 2 [Guid] 2111503272 [EditorId] 2111503272 [Version] 1048832 [Id] WindowsEditor(7,PC-Altaro) [Debug] 1 [PackageName] WindowsEditor [ProjectName] Editor" joined multi-casting on [225.0.0.222:54997]...

Player connection [32868] Host "[IP] 192.168.1.13 [Port] 0 [Flags] 2 [Guid] 2111503272 [EditorId] 2111503272 [Version] 1048832 [Id] WindowsEditor(7,PC-Altaro) [Debug] 1 [PackageName] WindowsEditor [ProjectName] Editor" joined alternative multi-casting on [225.0.0.222:34997]...

[Physics::Module] Initialized MultithreadedJobDispatcher with 11 workers.
Refreshing native plugins compatible for Editor in 18.54 ms, found 3 plugins.
Preloading 0 native plugins for Editor in 0.00 ms.
Initialize engine version: 2022.3.11f1 (d00248457e15)
[Subsystems] Discovering subsystems at path C:/Program Files/Unity/Hub/Editor/2022.3.11f1/Editor/Data/Resources/UnitySubsystems
[Subsystems] Discovering subsystems at path C:/Users/david/Desktop/github/GMTK2024/GMTK2024/Assets
GfxDevice: creating device client; threaded=0; jobified=0
Direct3D:
    Version:  Direct3D 11.0 [level 11.1]
    Renderer: AMD Radeon RX 6700 XT (ID=0x73df)
    Vendor:   ATI
    VRAM:     12243 MB
    Driver:   31.0.24033.1003
Initialize mono
Mono path[0] = 'C:/Program Files/Unity/Hub/Editor/2022.3.11f1/Editor/Data/Managed'
Mono path[1] = 'C:/Program Files/Unity/Hub/Editor/2022.3.11f1/Editor/Data/MonoBleedingEdge/lib/mono/unityjit-win32'
Mono config path = 'C:/Program Files/Unity/Hub/Editor/2022.3.11f1/Editor/Data/MonoBleedingEdge/etc'
Using monoOptions --debugger-agent=transport=dt_socket,embedding=1,server=y,suspend=n,address=127.0.0.1:56524
Begin MonoManager ReloadAssembly
Registering precompiled unity dll's ...
Register platform support module: C:/Program Files/Unity/Hub/Editor/2022.3.11f1/Editor/Data/PlaybackEngines/WebGLSupport/UnityEditor.WebGL.Extensions.dll
Register platform support module: C:/Program Files/Unity/Hub/Editor/2022.3.11f1/Editor/Data/PlaybackEngines/AndroidPlayer/UnityEditor.Android.Extensions.dll
Register platform support module: C:/Program Files/Unity/Hub/Editor/2022.3.11f1/Editor/Data/PlaybackEngines/WindowsStandaloneSupport/UnityEditor.WindowsStandalone.Extensions.dll
Registered in 0.040790 seconds.
- Loaded All Assemblies, in  0.974 seconds
Native extension for WindowsStandalone target not found
Native extension for Android target not found
Android Extension - Scanning For ADB Devices 749 ms
Native extension for WebGL target not found
Mono: successfully reloaded assembly
- Finished resetting the current domain, in  1.368 seconds
Domain Reload Profiling: 2340ms
	BeginReloadAssembly (240ms)
		ExecutionOrderSort (0ms)
		DisableScriptedObjects (0ms)
		BackupInstance (0ms)
		ReleaseScriptingObjects (0ms)
		CreateAndSetChildDomain (1ms)
	RebuildCommonClasses (139ms)
	RebuildNativeTypeToScriptingClass (58ms)
	initialDomainReloadingComplete (157ms)
	LoadAllAssembliesAndSetupDomain (378ms)
		LoadAssemblies (236ms)
		RebuildTransferFunctionScriptingTraits (0ms)
		AnalyzeDomain (368ms)
			TypeCache.Refresh (367ms)
				TypeCache.ScanAssembly (340ms)
			ScanForSourceGeneratedMonoScriptInfo (1ms)
			ResolveRequiredComponents (1ms)
	FinalizeReload (1369ms)
		ReleaseScriptCaches (0ms)
		RebuildScriptCaches (0ms)
		SetupLoadedEditorAssemblies (1263ms)
			LogAssemblyErrors (0ms)
			InitializePlatformSupportModulesInManaged (947ms)
			SetLoadedEditorAssemblies (6ms)
			RefreshPlugins (0ms)
			BeforeProcessingInitializeOnLoad (3ms)
			ProcessInitializeOnLoadAttributes (237ms)
			ProcessInitializeOnLoadMethodAttributes (71ms)
			AfterProcessingInitializeOnLoad (0ms)
			EditorAssembliesLoaded (0ms)
		ExecutionOrderSort2 (0ms)
		AwakeInstancesAfterBackupRestoration (0ms)
========================================================================
Worker process is ready to serve import requests
Begin MonoManager ReloadAssembly
- Loaded All Assemblies, in  1.321 seconds
Refreshing native plugins compatible for Editor in 6.25 ms, found 3 plugins.
Native extension for WindowsStandalone target not found
Native extension for Android target not found
Native extension for WebGL target not found
Package Manager log level set to [2]
[Package Manager] Server::EnsureServerProcessIsRunning -- launch failed, reason: Unity was launched with the -noUpm command-line argument
[Package Manager] UpmClient::Send -- Unable to send message (not connected to UPM process).
[Package Manager] Cannot connect to Unity Package Manager local server
Mono: successfully reloaded assembly
- Finished resetting the current domain, in  1.373 seconds
Domain Reload Profiling: 2686ms
	BeginReloadAssembly (295ms)
		ExecutionOrderSort (0ms)
		DisableScriptedObjects (8ms)
		BackupInstance (0ms)
		ReleaseScriptingObjects (0ms)
		CreateAndSetChildDomain (24ms)
	RebuildCommonClasses (52ms)
	RebuildNativeTypeToScriptingClass (29ms)
	initialDomainReloadingComplete (59ms)
	LoadAllAssembliesAndSetupDomain (877ms)
		LoadAssemblies (700ms)
		RebuildTransferFunctionScriptingTraits (0ms)
		AnalyzeDomain (312ms)
			TypeCache.Refresh (267ms)
				TypeCache.ScanAssembly (239ms)
			ScanForSourceGeneratedMonoScriptInfo (29ms)
			ResolveRequiredComponents (14ms)
	FinalizeReload (1374ms)
		ReleaseScriptCaches (0ms)
		RebuildScriptCaches (0ms)
		SetupLoadedEditorAssemblies (919ms)
			LogAssemblyErrors (0ms)
			InitializePlatformSupportModulesInManaged (42ms)
			SetLoadedEditorAssemblies (6ms)
			RefreshPlugins (0ms)
			BeforeProcessingInitializeOnLoad (148ms)
			ProcessInitializeOnLoadAttributes (616ms)
			ProcessInitializeOnLoadMethodAttributes (98ms)
			AfterProcessingInitializeOnLoad (9ms)
			EditorAssembliesLoaded (0ms)
		ExecutionOrderSort2 (0ms)
		AwakeInstancesAfterBackupRestoration (11ms)
Launched and connected shader compiler UnityShaderCompiler.exe after 0.06 seconds
Refreshing native plugins compatible for Editor in 7.09 ms, found 3 plugins.
Preloading 0 native plugins for Editor in 0.00 ms.
Unloading 5089 Unused Serialized files (Serialized files now loaded: 0)
Unloading 77 unused Assets / (1.6 MB). Loaded Objects now: 5547.
Memory consumption went from 227.2 MB to 225.6 MB.
Total: 5.413400 ms (FindLiveObjects: 0.556800 ms CreateObjectMapping: 0.161900 ms MarkObjects: 3.998500 ms  DeleteObjects: 0.694000 ms)

AssetImportParameters requested are different than current active one (requested -> active):
  custom:container-demuxer-ogg: 62fdf1f143b41e24485cea50d1cbac27 -> 
  custom:video-decoder-ogg-theora: a1e56fd34408186e4bbccfd4996cb3dc -> 
  custom:framework-win-MediaFoundation: 216162199b28c13a410421893ffa2e32 -> 
  custom:CustomObjectIndexerAttribute: d54d2f2da18e7612c182cf67624b6b12 -> 
  custom:container-demuxer-webm: 4f35f7cbe854078d1ac9338744f61a02 -> 
  custom:container-muxer-webm: aa71ff27fc2769a1b78a27578f13a17b -> 
  custom:video-decoder-webm-vp8: 9c59270c3fd7afecdb556c50c9e8de78 -> 
  custom:SearchIndexIgnoredProperties: e643bd26f0fe6173181afceb89e7c659 -> 
  custom:AudioImporter_EditorPlatform: d09bf68614088b80899f8185d706f6e7 -> 
  custom:video-encoder-webm-vp8: eb34c28f22e8b96e1ab97ce403110664 -> 
  custom:audio-decoder-ogg-vorbis: bf7c407c2cedff20999df2af8eb42d56 -> 
  custom:audio-encoder-webm-vorbis: bf7c407c2cedff20999df2af8eb42d56 -> 
========================================================================
Received Import Request.
  Time since last request: 49607.706823 seconds.
  path: Assets/Imports/AC Little Enchant Mesh VFX/Demo/Prefabs Demo/Fire Lvl 1.prefab
  artifactKey: Guid(a63d09c8c6e07174f8d32dac12043e8a) Importer(2089858483,3d70f49cd1c2eb9ae422958d1c652c6b)
Start importing Assets/Imports/AC Little Enchant Mesh VFX/Demo/Prefabs Demo/Fire Lvl 1.prefab using Guid(a63d09c8c6e07174f8d32dac12043e8a) Importer(2089858483,3d70f49cd1c2eb9ae422958d1c652c6b) Generated GUIDs only implemented for interfaces!
 -> (artifact id: 'e496a6f23cabad242bd56e466ec1c89a') in 0.202412 seconds
Number of updated asset objects reloaded before import = 0
Number of asset objects unloaded after import = 19
========================================================================
Received Import Request.
  Time since last request: 0.000039 seconds.
  path: Assets/Nicrom/Shaders/Wind/_Prefabs/LPW_Tree_B1_9m_01.prefab
  artifactKey: Guid(9787e9e0fbeb87a45beb0d9d4e03edca) Importer(2089858483,3d70f49cd1c2eb9ae422958d1c652c6b)
Start importing Assets/Nicrom/Shaders/Wind/_Prefabs/LPW_Tree_B1_9m_01.prefab using Guid(9787e9e0fbeb87a45beb0d9d4e03edca) Importer(2089858483,3d70f49cd1c2eb9ae422958d1c652c6b) Generated GUIDs only implemented for interfaces!
 -> (artifact id: '61424df4de4384cd26f1995713157416') in 0.008435 seconds
Number of updated asset objects reloaded before import = 0
Number of asset objects unloaded after import = 9
========================================================================
Received Import Request.
  Time since last request: 0.000017 seconds.
  path: Assets/Nicrom/Shaders/Wind/_Prefabs/LPW_Tree_C1_9m_01.prefab
  artifactKey: Guid(4b4ea87231b37c148abee861d3c0001e) Importer(2089858483,0ecaa5967403d082aa24f35e1b516d23)
Start importing Assets/Nicrom/Shaders/Wind/_Prefabs/LPW_Tree_C1_9m_01.prefab using Guid(4b4ea87231b37c148abee861d3c0001e) Importer(2089858483,0ecaa5967403d082aa24f35e1b516d23) Generated GUIDs only implemented for interfaces!
 -> (artifact id: 'edf190c6c69367b85a3c3614e845f272') in 0.039877 seconds
Number of updated asset objects reloaded before import = 0
Number of asset objects unloaded after import = 8
========================================================================
Received Import Request.
  Time since last request: 0.000021 seconds.
  path: Assets/Nicrom/Shaders/Wind/Assets/Models
  artifactKey: Guid(a53e5d2d977b5be498c11ea351581ade) Importer(2089858483,0ecaa5967403d082aa24f35e1b516d23)
Start importing Assets/Nicrom/Shaders/Wind/Assets/Models using Guid(a53e5d2d977b5be498c11ea351581ade) Importer(2089858483,0ecaa5967403d082aa24f35e1b516d23) Generated GUIDs only implemented for interfaces!
 -> (artifact id: '4be4a07d75b053200753359fd3a425b2') in 0.004321 seconds
Number of updated asset objects reloaded before import = 0
Number of asset objects unloaded after import = 1
========================================================================
Received Import Request.
  Time since last request: 0.000067 seconds.
  path: Assets/Scenes/Main.unity
  artifactKey: Guid(99c9720ab356a0642a771bea13969a05) Importer(2089858483,0ecaa5967403d082aa24f35e1b516d23)
Start importing Assets/Scenes/Main.unity using Guid(99c9720ab356a0642a771bea13969a05) Importer(2089858483,0ecaa5967403d082aa24f35e1b516d23) Generated GUIDs only implemented for interfaces!
 -> (artifact id: 'e316239fbc5065af71057f08d73b071c') in 0.005098 seconds
Number of updated asset objects reloaded before import = 0
Number of asset objects unloaded after import = 1
========================================================================
Received Import Request.
  Time since last request: 0.000057 seconds.
  path: Assets/Prefabs/Apple.prefab
  artifactKey: Guid(3c34c00f33f0b254daee20c57709cc5a) Importer(2089858483,3d70f49cd1c2eb9ae422958d1c652c6b)
Start importing Assets/Prefabs/Apple.prefab using Guid(3c34c00f33f0b254daee20c57709cc5a) Importer(2089858483,3d70f49cd1c2eb9ae422958d1c652c6b) Generated GUIDs only implemented for interfaces!
 -> (artifact id: '348336e41dce2f6690bfb9667175e95d') in 0.020104 seconds
Number of updated asset objects reloaded before import = 0
Number of asset objects unloaded after import = 55
========================================================================
Received Import Request.
  Time since last request: 0.000024 seconds.
  path: Assets/Imports/AC Little Enchant Mesh VFX/Prefabs/Water Lvl 2.prefab
  artifactKey: Guid(df9d36bee28994a438f2a9236733c869) Importer(2089858483,3d70f49cd1c2eb9ae422958d1c652c6b)
Start importing Assets/Imports/AC Little Enchant Mesh VFX/Prefabs/Water Lvl 2.prefab using Guid(df9d36bee28994a438f2a9236733c869) Importer(2089858483,3d70f49cd1c2eb9ae422958d1c652c6b) Generated GUIDs only implemented for interfaces!
 -> (artifact id: '7baa0c88782d3fcce9b38dd62f56c48d') in 0.009797 seconds
Number of updated asset objects reloaded before import = 0
Number of asset objects unloaded after import = 21
========================================================================
Received Import Request.
  Time since last request: 0.000025 seconds.
  path: Assets/Nicrom/Shaders/Wind/Demo/LPW_Demo.unity
  artifactKey: Guid(c32987c5553eb7f4681d55e43c309896) Importer(2089858483,3d70f49cd1c2eb9ae422958d1c652c6b)
Start importing Assets/Nicrom/Shaders/Wind/Demo/LPW_Demo.unity using Guid(c32987c5553eb7f4681d55e43c309896) Importer(2089858483,3d70f49cd1c2eb9ae422958d1c652c6b) Opening scene 'Assets/Nicrom/Shaders/Wind/Demo/LPW_Demo.unity additively'
Loaded scene 'Assets/Nicrom/Shaders/Wind/Demo/LPW_Demo.unity'
	Deserialize:            99.533 ms
	Integration:            63.034 ms
	Integration of assets:  12.739 ms
	Thread Wait Time:       0.098 ms
	Total Operation Time:   175.404 ms
Generated GUIDs only implemented for interfaces!
 -> (artifact id: 'da02787a93ae0288008138738bd57214') in 0.534307 seconds
Number of updated asset objects reloaded before import = 0
Number of asset objects unloaded after import = 186
========================================================================
Received Import Request.
  Time since last request: 9.233787 seconds.
  path: Assets/Nicrom/Shaders/Wind/Assets/Materials/LPW_Grass_A1_01.mat
  artifactKey: Guid(f3c124f836b5e5340a91904bbaa1bf07) Importer(2089858483,0ecaa5967403d082aa24f35e1b516d23)
Start importing Assets/Nicrom/Shaders/Wind/Assets/Materials/LPW_Grass_A1_01.mat using Guid(f3c124f836b5e5340a91904bbaa1bf07) Importer(2089858483,0ecaa5967403d082aa24f35e1b516d23) Generated GUIDs only implemented for interfaces!
 -> (artifact id: 'fb8ac1ad2d7a70f97c83a3aa4001babc') in 0.020624 seconds
Number of updated asset objects reloaded before import = 0
Number of asset objects unloaded after import = 3
========================================================================
Received Import Request.
  Time since last request: 0.000020 seconds.
  path: Assets/Nicrom/Shaders/Wind/Assets/Models/LPW_Ground_A1_100x100_01.fbx
  artifactKey: Guid(dbc5577fb32b294459a6c2b9d3f4d366) Importer(2089858483,0ecaa5967403d082aa24f35e1b516d23)
Start importing Assets/Nicrom/Shaders/Wind/Assets/Models/LPW_Ground_A1_100x100_01.fbx using Guid(dbc5577fb32b294459a6c2b9d3f4d366) Importer(2089858483,0ecaa5967403d082aa24f35e1b516d23) Generated GUIDs only implemented for interfaces!
 -> (artifact id: '32f8f3853708de15e9d240e7b5e7b185') in 0.053544 seconds
Number of updated asset objects reloaded before import = 0
Number of asset objects unloaded after import = 9
========================================================================
Received Import Request.
  Time since last request: 0.000025 seconds.
  path: Assets/Nicrom/Shaders/Wind/_Prefabs/LPW_Rock_Wall_A1_01.prefab
  artifactKey: Guid(25cb56d59f80f614b9da0e9a36c48a05) Importer(2089858483,0ecaa5967403d082aa24f35e1b516d23)
Start importing Assets/Nicrom/Shaders/Wind/_Prefabs/LPW_Rock_Wall_A1_01.prefab using Guid(25cb56d59f80f614b9da0e9a36c48a05) Importer(2089858483,0ecaa5967403d082aa24f35e1b516d23) Generated GUIDs only implemented for interfaces!
 -> (artifact id: '24decda2afa84c7115574720515744f0') in 0.010297 seconds
Number of updated asset objects reloaded before import = 0
Number of asset objects unloaded after import = 8
========================================================================
Received Import Request.
  Time since last request: 0.000023 seconds.
  path: Assets/Nicrom/Shaders/Wind/Assets/Scripts/Editor/LPVegetation_MaterialInspector.cs
  artifactKey: Guid(597615af27a084144b8307b32b72a684) Importer(2089858483,0ecaa5967403d082aa24f35e1b516d23)
Start importing Assets/Nicrom/Shaders/Wind/Assets/Scripts/Editor/LPVegetation_MaterialInspector.cs using Guid(597615af27a084144b8307b32b72a684) Importer(2089858483,0ecaa5967403d082aa24f35e1b516d23) Generated GUIDs only implemented for interfaces!
 -> (artifact id: '3b7aeb186b5f521a6e262180052ec9c4') in 0.006586 seconds
Number of updated asset objects reloaded before import = 0
Number of asset objects unloaded after import = 1
========================================================================
Received Import Request.
  Time since last request: 0.000037 seconds.
  path: Assets/Nicrom/Shaders/Wind/Assets/Models/LPW_Rock_Wall_A1_01.fbx
  artifactKey: Guid(21e4e23f629a66042b0804449f9cdf4e) Importer(2089858483,0ecaa5967403d082aa24f35e1b516d23)
Start importing Assets/Nicrom/Shaders/Wind/Assets/Models/LPW_Rock_Wall_A1_01.fbx using Guid(21e4e23f629a66042b0804449f9cdf4e) Importer(2089858483,0ecaa5967403d082aa24f35e1b516d23) Generated GUIDs only implemented for interfaces!
 -> (artifact id: '2649bfd12c6cfcb994a2dd877f49d91d') in 0.032720 seconds
Number of updated asset objects reloaded before import = 0
Number of asset objects unloaded after import = 8
========================================================================
Received Import Request.
  Time since last request: 0.000077 seconds.
  path: Assets/Nicrom/Shaders/Wind/Demo/LPW_Prefabs.unity
  artifactKey: Guid(b1d1fa2b5aa74b8409b7db2947b6d448) Importer(2089858483,0ecaa5967403d082aa24f35e1b516d23)
Start importing Assets/Nicrom/Shaders/Wind/Demo/LPW_Prefabs.unity using Guid(b1d1fa2b5aa74b8409b7db2947b6d448) Importer(2089858483,0ecaa5967403d082aa24f35e1b516d23) Generated GUIDs only implemented for interfaces!
 -> (artifact id: '9f030a88030775422385be141c225aa9') in 0.004686 seconds
Number of updated asset objects reloaded before import = 0
Number of asset objects unloaded after import = 1
========================================================================
Received Import Request.
  Time since last request: 0.000058 seconds.
  path: Assets/Nicrom/Shaders/Wind/Assets/Textures/LPW_TextureAtlas_01.png
  artifactKey: Guid(225da740038919f4ca9eaff413945956) Importer(2089858483,0ecaa5967403d082aa24f35e1b516d23)
Start importing Assets/Nicrom/Shaders/Wind/Assets/Textures/LPW_TextureAtlas_01.png using Guid(225da740038919f4ca9eaff413945956) Importer(2089858483,0ecaa5967403d082aa24f35e1b516d23) Generated GUIDs only implemented for interfaces!
 -> (artifact id: '66e46f019b0d9963ec14554fe6547505') in 0.051392 seconds
Number of updated asset objects reloaded before import = 0
Number of asset objects unloaded after import = 1
========================================================================
Received Import Request.
  Time since last request: 0.000038 seconds.
  path: Assets/Nicrom/Shaders/Wind/Assets/Textures/LPW_NoiseMap_01.png
  artifactKey: Guid(325d48ff66bae3245b768b66049c7718) Importer(2089858483,0ecaa5967403d082aa24f35e1b516d23)
Start importing Assets/Nicrom/Shaders/Wind/Assets/Textures/LPW_NoiseMap_01.png using Guid(325d48ff66bae3245b768b66049c7718) Importer(2089858483,0ecaa5967403d082aa24f35e1b516d23) Generated GUIDs only implemented for interfaces!
 -> (artifact id: '7c29c2af98f1aba94d420b7406c97304') in 0.020810 seconds
Number of updated asset objects reloaded before import = 0
Number of asset objects unloaded after import = 1
========================================================================
Received Import Request.
  Time since last request: 0.438937 seconds.
  path: Assets/Nicrom/Shaders/Wind/Assets/Materials/LPW_Ground_02.mat
  artifactKey: Guid(3d8367cece3b5b94b9fefc8fddb97cb7) Importer(2089858483,0ecaa5967403d082aa24f35e1b516d23)
Start importing Assets/Nicrom/Shaders/Wind/Assets/Materials/LPW_Ground_02.mat using Guid(3d8367cece3b5b94b9fefc8fddb97cb7) Importer(2089858483,0ecaa5967403d082aa24f35e1b516d23) Generated GUIDs only implemented for interfaces!
 -> (artifact id: 'a7c152a6d8a33f1a9182974266e9a6c0') in 0.008296 seconds
Number of updated asset objects reloaded before import = 0
Number of asset objects unloaded after import = 1
========================================================================
Received Import Request.
  Time since last request: 24.993262 seconds.
  path: Assets/Nicrom/Shaders/Wind/Demo/LPW_Prefabs.unity
  artifactKey: Guid(b1d1fa2b5aa74b8409b7db2947b6d448) Importer(815301076,1909f56bfc062723c751e8b465ee728b)
Start importing Assets/Nicrom/Shaders/Wind/Demo/LPW_Prefabs.unity using Guid(b1d1fa2b5aa74b8409b7db2947b6d448) Importer(815301076,1909f56bfc062723c751e8b465ee728b)  -> (artifact id: 'eb870e5f7ff7d74119e75ba6bd6d7db3') in 0.000547 seconds
Number of updated asset objects reloaded before import = 0
Number of asset objects unloaded after import = 0
========================================================================
Received Prepare
Begin MonoManager ReloadAssembly
- Loaded All Assemblies, in  0.839 seconds
Refreshing native plugins compatible for Editor in 6.85 ms, found 3 plugins.
Native extension for WindowsStandalone target not found
Native extension for Android target not found
Native extension for WebGL target not found
[Package Manager] Server::EnsureServerProcessIsRunning -- launch failed, reason: Unity was launched with the -noUpm command-line argument
[Package Manager] UpmClient::Send -- Unable to send message (not connected to UPM process).
[Package Manager] Cannot connect to Unity Package Manager local server
Mono: successfully reloaded assembly
- Finished resetting the current domain, in  2.475 seconds
Domain Reload Profiling: 3311ms
	BeginReloadAssembly (263ms)
		ExecutionOrderSort (0ms)
		DisableScriptedObjects (6ms)
		BackupInstance (0ms)
		ReleaseScriptingObjects (0ms)
		CreateAndSetChildDomain (76ms)
	RebuildCommonClasses (51ms)
	RebuildNativeTypeToScriptingClass (14ms)
	initialDomainReloadingComplete (39ms)
	LoadAllAssembliesAndSetupDomain (468ms)
		LoadAssemblies (523ms)
		RebuildTransferFunctionScriptingTraits (0ms)
		AnalyzeDomain (86ms)
			TypeCache.Refresh (15ms)
				TypeCache.ScanAssembly (0ms)
			ScanForSourceGeneratedMonoScriptInfo (51ms)
			ResolveRequiredComponents (19ms)
	FinalizeReload (2475ms)
		ReleaseScriptCaches (0ms)
		RebuildScriptCaches (0ms)
		SetupLoadedEditorAssemblies (547ms)
			LogAssemblyErrors (0ms)
			InitializePlatformSupportModulesInManaged (30ms)
			SetLoadedEditorAssemblies (4ms)
			RefreshPlugins (0ms)
			BeforeProcessingInitializeOnLoad (95ms)
			ProcessInitializeOnLoadAttributes (345ms)
			ProcessInitializeOnLoadMethodAttributes (67ms)
			AfterProcessingInitializeOnLoad (7ms)
			EditorAssembliesLoaded (0ms)
		ExecutionOrderSort2 (0ms)
		AwakeInstancesAfterBackupRestoration (20ms)
Refreshing native plugins compatible for Editor in 4.06 ms, found 3 plugins.
Preloading 0 native plugins for Editor in 0.00 ms.
Unloading 4892 Unused Serialized files (Serialized files now loaded: 0)
Unloading 52 unused Assets / (1.5 MB). Loaded Objects now: 5565.
Memory consumption went from 192.8 MB to 191.3 MB.
Total: 4.758000 ms (FindLiveObjects: 0.818300 ms CreateObjectMapping: 0.174300 ms MarkObjects: 3.348200 ms  DeleteObjects: 0.415400 ms)

Prepare: number of updated asset objects reloaded= 2
AssetImportParameters requested are different than current active one (requested -> active):
  custom:container-demuxer-ogg: 62fdf1f143b41e24485cea50d1cbac27 -> 
  custom:video-decoder-ogg-theora: a1e56fd34408186e4bbccfd4996cb3dc -> 
  custom:framework-win-MediaFoundation: 216162199b28c13a410421893ffa2e32 -> 
  custom:CustomObjectIndexerAttribute: d54d2f2da18e7612c182cf67624b6b12 -> 
  custom:container-demuxer-webm: 4f35f7cbe854078d1ac9338744f61a02 -> 
  custom:container-muxer-webm: aa71ff27fc2769a1b78a27578f13a17b -> 
  custom:video-decoder-webm-vp8: 9c59270c3fd7afecdb556c50c9e8de78 -> 
  custom:SearchIndexIgnoredProperties: e643bd26f0fe6173181afceb89e7c659 -> 
  custom:AudioImporter_EditorPlatform: d09bf68614088b80899f8185d706f6e7 -> 
  custom:video-encoder-webm-vp8: eb34c28f22e8b96e1ab97ce403110664 -> 
  custom:audio-decoder-ogg-vorbis: bf7c407c2cedff20999df2af8eb42d56 -> 
  custom:audio-encoder-webm-vorbis: bf7c407c2cedff20999df2af8eb42d56 -> 
========================================================================
Received Import Request.
  Time since last request: 19.865523 seconds.
  path: Assets/Scenes/Main.unity
  artifactKey: Guid(99c9720ab356a0642a771bea13969a05) Importer(815301076,1909f56bfc062723c751e8b465ee728b)
Start importing Assets/Scenes/Main.unity using Guid(99c9720ab356a0642a771bea13969a05) Importer(815301076,1909f56bfc062723c751e8b465ee728b)  -> (artifact id: '7515fa388102c6402ccc338fe8aa8fe8') in 0.001781 seconds
Number of updated asset objects reloaded before import = 0
Number of asset objects unloaded after import = 0
========================================================================
Received Import Request.
  Time since last request: 227.313812 seconds.
  path: Assets/Materials
  artifactKey: Guid(3ba657f46d6127b4c9588ed2eb0ec988) Importer(815301076,1909f56bfc062723c751e8b465ee728b)
Start importing Assets/Materials using Guid(3ba657f46d6127b4c9588ed2eb0ec988) Importer(815301076,1909f56bfc062723c751e8b465ee728b)  -> (artifact id: 'd5077d478040eccd60bb0eee309b2d07') in 0.000547 seconds
Number of updated asset objects reloaded before import = 0
Number of asset objects unloaded after import = 0
========================================================================
Received Import Request.
  Time since last request: 0.078206 seconds.
  path: Assets/Materials/DamaageFlash.mat
  artifactKey: Guid(6c23e8a22a73b9442a7f5633c9f4a8a0) Importer(815301076,1909f56bfc062723c751e8b465ee728b)
Start importing Assets/Materials/DamaageFlash.mat using Guid(6c23e8a22a73b9442a7f5633c9f4a8a0) Importer(815301076,1909f56bfc062723c751e8b465ee728b)  -> (artifact id: '80d52123c73384e390132ea7ad4fd0a8') in 0.328242 seconds
Number of updated asset objects reloaded before import = 0
Number of asset objects unloaded after import = 21
========================================================================
Received Import Request.
  Time since last request: 0.000039 seconds.
  path: Assets/Materials/ProjectileSparks.mat
  artifactKey: Guid(30c30cb192fb9314d93fb9294841c834) Importer(815301076,1909f56bfc062723c751e8b465ee728b)
Start importing Assets/Materials/ProjectileSparks.mat using Guid(30c30cb192fb9314d93fb9294841c834) Importer(815301076,1909f56bfc062723c751e8b465ee728b)  -> (artifact id: '26612c55eddf63e74bd073cd7fa32fc2') in 0.014116 seconds
Number of updated asset objects reloaded before import = 0
Number of asset objects unloaded after import = 3
========================================================================
Received Import Request.
  Time since last request: 0.000042 seconds.
  path: Assets/Materials/New Material.mat
  artifactKey: Guid(98d59781160b8c04cac876fe2c8ec6d4) Importer(815301076,1909f56bfc062723c751e8b465ee728b)
Start importing Assets/Materials/New Material.mat using Guid(98d59781160b8c04cac876fe2c8ec6d4) Importer(815301076,1909f56bfc062723c751e8b465ee728b)  -> (artifact id: '4ca34783b16481880de3320d967c21ad') in 0.763943 seconds
Number of updated asset objects reloaded before import = 0
Number of asset objects unloaded after import = 2
========================================================================
Received Import Request.
  Time since last request: 7.700786 seconds.
  path: Assets/Materials/Ground.mat
  artifactKey: Guid(27344e9729b112342bcd325575d63d96) Importer(815301076,1909f56bfc062723c751e8b465ee728b)
Start importing Assets/Materials/Ground.mat using Guid(27344e9729b112342bcd325575d63d96) Importer(815301076,1909f56bfc062723c751e8b465ee728b)  -> (artifact id: 'f5410fd696e0f38f0b19cebe2b495ed7') in 0.007236 seconds
Number of updated asset objects reloaded before import = 0
Number of asset objects unloaded after import = 2
========================================================================
Received Prepare
Begin MonoManager ReloadAssembly
- Loaded All Assemblies, in  0.472 seconds
Refreshing native plugins compatible for Editor in 5.06 ms, found 3 plugins.
Native extension for WindowsStandalone target not found
Native extension for Android target not found
Native extension for WebGL target not found
[Package Manager] Server::EnsureServerProcessIsRunning -- launch failed, reason: Unity was launched with the -noUpm command-line argument
[Package Manager] UpmClient::Send -- Unable to send message (not connected to UPM process).
[Package Manager] Cannot connect to Unity Package Manager local server
Mono: successfully reloaded assembly
- Finished resetting the current domain, in  1.346 seconds
Domain Reload Profiling: 1816ms
	BeginReloadAssembly (162ms)
		ExecutionOrderSort (0ms)
		DisableScriptedObjects (10ms)
		BackupInstance (0ms)
		ReleaseScriptingObjects (0ms)
		CreateAndSetChildDomain (42ms)
	RebuildCommonClasses (32ms)
	RebuildNativeTypeToScriptingClass (12ms)
	initialDomainReloadingComplete (30ms)
	LoadAllAssembliesAndSetupDomain (233ms)
		LoadAssemblies (292ms)
		RebuildTransferFunctionScriptingTraits (0ms)
		AnalyzeDomain (20ms)
			TypeCache.Refresh (7ms)
				TypeCache.ScanAssembly (0ms)
			ScanForSourceGeneratedMonoScriptInfo (0ms)
			ResolveRequiredComponents (12ms)
	FinalizeReload (1347ms)
		ReleaseScriptCaches (0ms)
		RebuildScriptCaches (0ms)
		SetupLoadedEditorAssemblies (528ms)
			LogAssemblyErrors (0ms)
			InitializePlatformSupportModulesInManaged (28ms)
			SetLoadedEditorAssemblies (4ms)
			RefreshPlugins (0ms)
			BeforeProcessingInitializeOnLoad (81ms)
			ProcessInitializeOnLoadAttributes (330ms)
			ProcessInitializeOnLoadMethodAttributes (75ms)
			AfterProcessingInitializeOnLoad (9ms)
			EditorAssembliesLoaded (0ms)
		ExecutionOrderSort2 (0ms)
		AwakeInstancesAfterBackupRestoration (27ms)
Refreshing native plugins compatible for Editor in 5.64 ms, found 3 plugins.
Preloading 0 native plugins for Editor in 0.00 ms.
Unloading 4892 Unused Serialized files (Serialized files now loaded: 0)
Unloading 52 unused Assets / (1.5 MB). Loaded Objects now: 5645.
Memory consumption went from 194.8 MB to 193.2 MB.
Total: 5.152100 ms (FindLiveObjects: 0.759900 ms CreateObjectMapping: 0.221300 ms MarkObjects: 3.585500 ms  DeleteObjects: 0.583700 ms)

Prepare: number of updated asset objects reloaded= 0
AssetImportParameters requested are different than current active one (requested -> active):
  custom:container-demuxer-ogg: 62fdf1f143b41e24485cea50d1cbac27 -> 
  custom:video-decoder-ogg-theora: a1e56fd34408186e4bbccfd4996cb3dc -> 
  custom:framework-win-MediaFoundation: 216162199b28c13a410421893ffa2e32 -> 
  custom:CustomObjectIndexerAttribute: d54d2f2da18e7612c182cf67624b6b12 -> 
  custom:container-demuxer-webm: 4f35f7cbe854078d1ac9338744f61a02 -> 
  custom:container-muxer-webm: aa71ff27fc2769a1b78a27578f13a17b -> 
  custom:video-decoder-webm-vp8: 9c59270c3fd7afecdb556c50c9e8de78 -> 
  custom:SearchIndexIgnoredProperties: e643bd26f0fe6173181afceb89e7c659 -> 
  custom:AudioImporter_EditorPlatform: d09bf68614088b80899f8185d706f6e7 -> 
  custom:video-encoder-webm-vp8: eb34c28f22e8b96e1ab97ce403110664 -> 
  custom:audio-decoder-ogg-vorbis: bf7c407c2cedff20999df2af8eb42d56 -> 
  custom:audio-encoder-webm-vorbis: bf7c407c2cedff20999df2af8eb42d56 -> 
========================================================================
Received Import Request.
  Time since last request: 99.034574 seconds.
  path: Assets/Materials/Ground.mat
  artifactKey: Guid(27344e9729b112342bcd325575d63d96) Importer(815301076,1909f56bfc062723c751e8b465ee728b)
Start importing Assets/Materials/Ground.mat using Guid(27344e9729b112342bcd325575d63d96) Importer(815301076,1909f56bfc062723c751e8b465ee728b)  -> (artifact id: '7c7fad515fcd5c513ae2fd03b7704051') in 0.229302 seconds
Number of updated asset objects reloaded before import = 0
Number of asset objects unloaded after import = 21
========================================================================
Received Import Request.
  Time since last request: 11.142759 seconds.
  path: Assets/Prefabs
  artifactKey: Guid(d1cbc1722663c46449dbf15c97127f3c) Importer(815301076,1909f56bfc062723c751e8b465ee728b)
Start importing Assets/Prefabs using Guid(d1cbc1722663c46449dbf15c97127f3c) Importer(815301076,1909f56bfc062723c751e8b465ee728b)  -> (artifact id: 'a84750736dc54d31791b72f14029b043') in 0.000565 seconds
Number of updated asset objects reloaded before import = 0
Number of asset objects unloaded after import = 0
========================================================================
Received Import Request.
  Time since last request: 0.062665 seconds.
  path: Assets/Prefabs/Apple.prefab
  artifactKey: Guid(3c34c00f33f0b254daee20c57709cc5a) Importer(815301076,1909f56bfc062723c751e8b465ee728b)
Start importing Assets/Prefabs/Apple.prefab using Guid(3c34c00f33f0b254daee20c57709cc5a) Importer(815301076,1909f56bfc062723c751e8b465ee728b)  -> (artifact id: '6add2016a5a20875eaff21941b83d457') in 0.277439 seconds
Number of updated asset objects reloaded before import = 0
Number of asset objects unloaded after import = 61
========================================================================
Received Import Request.
  Time since last request: 0.000027 seconds.
  path: Assets/Prefabs/Pepper.prefab
  artifactKey: Guid(c6d97d9ecaf224d4aa7927766b9e8b22) Importer(815301076,1909f56bfc062723c751e8b465ee728b)
Start importing Assets/Prefabs/Pepper.prefab using Guid(c6d97d9ecaf224d4aa7927766b9e8b22) Importer(815301076,1909f56bfc062723c751e8b465ee728b)  -> (artifact id: '3d40ec3a393fec77a6a16d94d7fd04b0') in 0.010451 seconds
Number of updated asset objects reloaded before import = 0
Number of asset objects unloaded after import = 11
========================================================================
Received Import Request.
  Time since last request: 0.000035 seconds.
  path: Assets/Prefabs/Tomato.prefab
  artifactKey: Guid(5d417da467b25a841990034ad197fd1c) Importer(815301076,1909f56bfc062723c751e8b465ee728b)
Start importing Assets/Prefabs/Tomato.prefab using Guid(5d417da467b25a841990034ad197fd1c) Importer(815301076,1909f56bfc062723c751e8b465ee728b)  -> (artifact id: 'c8eb7b93fb6ecc49d97b1121582f7d11') in 0.020953 seconds
Number of updated asset objects reloaded before import = 0
Number of asset objects unloaded after import = 60
========================================================================
Received Import Request.
  Time since last request: 0.000035 seconds.
  path: Assets/Prefabs/Cupcake.prefab
  artifactKey: Guid(46fe23c3e12ffed4a811809354de524a) Importer(815301076,1909f56bfc062723c751e8b465ee728b)
Start importing Assets/Prefabs/Cupcake.prefab using Guid(46fe23c3e12ffed4a811809354de524a) Importer(815301076,1909f56bfc062723c751e8b465ee728b)  -> (artifact id: 'b4f21dc1223b7a876fdcc86cd2704a4d') in 0.015904 seconds
Number of updated asset objects reloaded before import = 0
Number of asset objects unloaded after import = 76
========================================================================
Received Import Request.
  Time since last request: 0.000020 seconds.
  path: Assets/Prefabs/Bullet.prefab
  artifactKey: Guid(0cb762b9b3e92f64fbb394c7813f5024) Importer(815301076,1909f56bfc062723c751e8b465ee728b)
Start importing Assets/Prefabs/Bullet.prefab using Guid(0cb762b9b3e92f64fbb394c7813f5024) Importer(815301076,1909f56bfc062723c751e8b465ee728b)  -> (artifact id: '4b3f445a7a932151627b13a8e2ee1a9a') in 0.012814 seconds
Number of updated asset objects reloaded before import = 0
Number of asset objects unloaded after import = 11
========================================================================
Received Import Request.
  Time since last request: 0.000025 seconds.
  path: Assets/Prefabs/Boss.prefab
  artifactKey: Guid(3e775b84964f96e45b471c6c1e33d18b) Importer(815301076,1909f56bfc062723c751e8b465ee728b)
Start importing Assets/Prefabs/Boss.prefab using Guid(3e775b84964f96e45b471c6c1e33d18b) Importer(815301076,1909f56bfc062723c751e8b465ee728b)  -> (artifact id: 'd5d5d13c0995eb244d1965b533f13501') in 0.013524 seconds
Number of updated asset objects reloaded before import = 0
Number of asset objects unloaded after import = 84
========================================================================
Received Import Request.
  Time since last request: 0.000024 seconds.
  path: Assets/Prefabs/Donut.prefab
  artifactKey: Guid(fd1e6b50b3e690d4abe05697dbc2e2c6) Importer(815301076,1909f56bfc062723c751e8b465ee728b)
Start importing Assets/Prefabs/Donut.prefab using Guid(fd1e6b50b3e690d4abe05697dbc2e2c6) Importer(815301076,1909f56bfc062723c751e8b465ee728b)  -> (artifact id: '2e4a209cbde3d4aec78b952f99327684') in 0.015956 seconds
Number of updated asset objects reloaded before import = 0
Number of asset objects unloaded after import = 49
========================================================================
Received Import Request.
  Time since last request: 0.000027 seconds.
  path: Assets/Prefabs/Cake.prefab
  artifactKey: Guid(ba9dcc5bef8730446b33fa467f87cd79) Importer(815301076,1909f56bfc062723c751e8b465ee728b)
Start importing Assets/Prefabs/Cake.prefab using Guid(ba9dcc5bef8730446b33fa467f87cd79) Importer(815301076,1909f56bfc062723c751e8b465ee728b)  -> (artifact id: '12f10cc797d73332903d39164c8cdaf9') in 0.011909 seconds
Number of updated asset objects reloaded before import = 0
Number of asset objects unloaded after import = 49
========================================================================
Received Import Request.
  Time since last request: 0.000020 seconds.
  path: Assets/Prefabs/Projectile.prefab
  artifactKey: Guid(1c17fbc581a1c3043a11216834c6fe8a) Importer(815301076,1909f56bfc062723c751e8b465ee728b)
Start importing Assets/Prefabs/Projectile.prefab using Guid(1c17fbc581a1c3043a11216834c6fe8a) Importer(815301076,1909f56bfc062723c751e8b465ee728b)  -> (artifact id: '3e35a155d6ca784499af5ae9350e78ec') in 0.012670 seconds
Number of updated asset objects reloaded before import = 0
Number of asset objects unloaded after import = 21
========================================================================
Received Import Request.
  Time since last request: 0.000026 seconds.
  path: Assets/Prefabs/Pear.prefab
  artifactKey: Guid(94a3ceefa7dbbdb4194fd2558be87435) Importer(815301076,1909f56bfc062723c751e8b465ee728b)
Start importing Assets/Prefabs/Pear.prefab using Guid(94a3ceefa7dbbdb4194fd2558be87435) Importer(815301076,1909f56bfc062723c751e8b465ee728b)  -> (artifact id: 'e6d0cf852126538f83ee1dc6d2c17f25') in 0.014945 seconds
Number of updated asset objects reloaded before import = 0
Number of asset objects unloaded after import = 11
========================================================================
Received Import Request.
  Time since last request: 0.000029 seconds.
  path: Assets/Prefabs/mitra6.fbx
  artifactKey: Guid(aa8807380b1bd54469fa955410922b4c) Importer(815301076,1909f56bfc062723c751e8b465ee728b)
Start importing Assets/Prefabs/mitra6.fbx using Guid(aa8807380b1bd54469fa955410922b4c) Importer(815301076,1909f56bfc062723c751e8b465ee728b)  -> (artifact id: '8872583f723f08a1ef25bdae66526949') in 0.112475 seconds
Number of updated asset objects reloaded before import = 0
Number of asset objects unloaded after import = 42
========================================================================
Received Import Request.
  Time since last request: 0.000031 seconds.
  path: Assets/Prefabs/Burger.prefab
  artifactKey: Guid(598adb3383843234296ec7956736165e) Importer(815301076,1909f56bfc062723c751e8b465ee728b)
Start importing Assets/Prefabs/Burger.prefab using Guid(598adb3383843234296ec7956736165e) Importer(815301076,1909f56bfc062723c751e8b465ee728b)  -> (artifact id: '906fae4446f26687b25882969697fe29') in 0.013808 seconds
Number of updated asset objects reloaded before import = 0
Number of asset objects unloaded after import = 50
========================================================================
Received Import Request.
  Time since last request: 0.000021 seconds.
  path: Assets/Prefabs/Carrot.prefab
  artifactKey: Guid(7fad5576958c1aa478acbdb42176a4c9) Importer(815301076,1909f56bfc062723c751e8b465ee728b)
Start importing Assets/Prefabs/Carrot.prefab using Guid(7fad5576958c1aa478acbdb42176a4c9) Importer(815301076,1909f56bfc062723c751e8b465ee728b)  -> (artifact id: '2e3ad3fb10197dada04ab9bf2f57729a') in 0.024971 seconds
Number of updated asset objects reloaded before import = 0
Number of asset objects unloaded after import = 71
========================================================================
Received Import Request.
  Time since last request: 0.000026 seconds.
  path: Assets/Prefabs/Pacman.fbx
  artifactKey: Guid(b7e5f88aeafe74d43bc52678c9699fcb) Importer(815301076,1909f56bfc062723c751e8b465ee728b)
Start importing Assets/Prefabs/Pacman.fbx using Guid(b7e5f88aeafe74d43bc52678c9699fcb) Importer(815301076,1909f56bfc062723c751e8b465ee728b)  -> (artifact id: 'c5ee17eddf7949584f21b2810d27a175') in 0.024823 seconds
Number of updated asset objects reloaded before import = 0
Number of asset objects unloaded after import = 10
========================================================================
Received Import Request.
  Time since last request: 26.539166 seconds.
  path: Assets/Imports/Scalable Grid Prototype Materials/Materials/Ground/Blue_Ground_Prototype.mat
  artifactKey: Guid(d4eec6c7d9ab2be46ab949e75ee0717a) Importer(815301076,1909f56bfc062723c751e8b465ee728b)
Start importing Assets/Imports/Scalable Grid Prototype Materials/Materials/Ground/Blue_Ground_Prototype.mat using Guid(d4eec6c7d9ab2be46ab949e75ee0717a) Importer(815301076,1909f56bfc062723c751e8b465ee728b)  -> (artifact id: '938d2c96a7efce27216fbd329a907504') in 0.015808 seconds
Number of updated asset objects reloaded before import = 0
Number of asset objects unloaded after import = 5
========================================================================
Received Import Request.
  Time since last request: 0.000030 seconds.
  path: Assets/Imports/BigRookGames/_AssetPacks/Stylized Weapon Pack/M4 Scoped Assault Rifle/Materials/FlashMuzzleAlpha.mat
  artifactKey: Guid(9eec51368aadd5f4cacce5ec4d6d9fc2) Importer(815301076,1909f56bfc062723c751e8b465ee728b)
Start importing Assets/Imports/BigRookGames/_AssetPacks/Stylized Weapon Pack/M4 Scoped Assault Rifle/Materials/FlashMuzzleAlpha.mat using Guid(9eec51368aadd5f4cacce5ec4d6d9fc2) Importer(815301076,1909f56bfc062723c751e8b465ee728b)  -> (artifact id: '4c0d2af4883f8d731dc03a643cbed960') in 0.009900 seconds
Number of updated asset objects reloaded before import = 0
Number of asset objects unloaded after import = 3
========================================================================
Received Import Request.
  Time since last request: 0.000036 seconds.
  path: Assets/Imports/Scalable Grid Prototype Materials/Materials/Gray_Prototype.mat
  artifactKey: Guid(21ca8723c11d2d34abf1e9e595b0942a) Importer(815301076,1909f56bfc062723c751e8b465ee728b)
Start importing Assets/Imports/Scalable Grid Prototype Materials/Materials/Gray_Prototype.mat using Guid(21ca8723c11d2d34abf1e9e595b0942a) Importer(815301076,1909f56bfc062723c751e8b465ee728b)  -> (artifact id: '18099da6b10b78820c976c6e86632baa') in 0.010446 seconds
Number of updated asset objects reloaded before import = 0
Number of asset objects unloaded after import = 4
========================================================================
Received Import Request.
  Time since last request: 0.000031 seconds.
  path: Assets/Imports/Scalable Grid Prototype Materials/Materials/Mantis_Prototype.mat
  artifactKey: Guid(720ea100b5a5ea741a0e79cfb3ab65c6) Importer(815301076,1909f56bfc062723c751e8b465ee728b)
Start importing Assets/Imports/Scalable Grid Prototype Materials/Materials/Mantis_Prototype.mat using Guid(720ea100b5a5ea741a0e79cfb3ab65c6) Importer(815301076,1909f56bfc062723c751e8b465ee728b)  -> (artifact id: 'd0fa304ce10676ba017083a424c54885') in 0.009331 seconds
Number of updated asset objects reloaded before import = 0
Number of asset objects unloaded after import = 4
========================================================================
Received Import Request.
  Time since last request: 0.000019 seconds.
  path: Assets/Imports/Scalable Grid Prototype Materials/Materials/Green_Prototype.mat
  artifactKey: Guid(efe26027cacc84b409062a6cff9b90c4) Importer(815301076,1909f56bfc062723c751e8b465ee728b)
Start importing Assets/Imports/Scalable Grid Prototype Materials/Materials/Green_Prototype.mat using Guid(efe26027cacc84b409062a6cff9b90c4) Importer(815301076,1909f56bfc062723c751e8b465ee728b)  -> (artifact id: '9459b44056bbf88a911a810a8deffb9c') in 0.010368 seconds
Number of updated asset objects reloaded before import = 0
Number of asset objects unloaded after import = 4
========================================================================
Received Import Request.
  Time since last request: 0.000020 seconds.
  path: Assets/TextMesh Pro/Resources/Fonts & Materials/LiberationSans SDF - Fallback.asset
  artifactKey: Guid(2e498d1c8094910479dc3e1b768306a4) Importer(815301076,1909f56bfc062723c751e8b465ee728b)
Start importing Assets/TextMesh Pro/Resources/Fonts & Materials/LiberationSans SDF - Fallback.asset using Guid(2e498d1c8094910479dc3e1b768306a4) Importer(815301076,1909f56bfc062723c751e8b465ee728b)  -> (artifact id: 'a06d82e89f16c283eee96ffaa516a50b') in 0.035108 seconds
Number of updated asset objects reloaded before import = 0
Number of asset objects unloaded after import = 7
========================================================================
Received Import Request.
  Time since last request: 0.000029 seconds.
  path: Assets/Imports/Scalable Grid Prototype Materials/Materials/Dark_Gray_Prototype.mat
  artifactKey: Guid(2b4f548f427906c468873dfbb5a93fcb) Importer(815301076,1909f56bfc062723c751e8b465ee728b)
Start importing Assets/Imports/Scalable Grid Prototype Materials/Materials/Dark_Gray_Prototype.mat using Guid(2b4f548f427906c468873dfbb5a93fcb) Importer(815301076,1909f56bfc062723c751e8b465ee728b)  -> (artifact id: '1c689a6ec2ee5c3c1437cd627e6522eb') in 0.010622 seconds
Number of updated asset objects reloaded before import = 0
Number of asset objects unloaded after import = 4
========================================================================
Received Import Request.
  Time since last request: 0.000023 seconds.
  path: Assets/Imports/BigRookGames/_AssetPacks/Stylized Weapon Pack/M4 Scoped Assault Rifle/Materials/Mobile/MOBILE_M4 Assault Rifle Scope.mat
  artifactKey: Guid(8b2d1dc310a67a54bbe5ea0812eae57e) Importer(815301076,1909f56bfc062723c751e8b465ee728b)
Start importing Assets/Imports/BigRookGames/_AssetPacks/Stylized Weapon Pack/M4 Scoped Assault Rifle/Materials/Mobile/MOBILE_M4 Assault Rifle Scope.mat using Guid(8b2d1dc310a67a54bbe5ea0812eae57e) Importer(815301076,1909f56bfc062723c751e8b465ee728b)  -> (artifact id: '2dc973e12e8face6035ee8e3d8526d4b') in 0.792070 seconds
Number of updated asset objects reloaded before import = 0
Number of asset objects unloaded after import = 3
========================================================================
Received Import Request.
  Time since last request: 0.000024 seconds.
  path: Assets/Imports/BigRookGames/_AssetPacks/Stylized Weapon Pack/M4 Scoped Assault Rifle/Materials/Example Scene Background.mat
  artifactKey: Guid(bf78829e63610dc40a8f91c02d4f755f) Importer(815301076,1909f56bfc062723c751e8b465ee728b)
Start importing Assets/Imports/BigRookGames/_AssetPacks/Stylized Weapon Pack/M4 Scoped Assault Rifle/Materials/Example Scene Background.mat using Guid(bf78829e63610dc40a8f91c02d4f755f) Importer(815301076,1909f56bfc062723c751e8b465ee728b)  -> (artifact id: '60205fc236e8ce4ae5f467f6fbf3f33d') in 0.706313 seconds
Number of updated asset objects reloaded before import = 0
Number of asset objects unloaded after import = 2
========================================================================
Received Import Request.
  Time since last request: 0.000040 seconds.
  path: Assets/Imports/AC Little Enchant Mesh VFX/Materials/Glow AD.mat
  artifactKey: Guid(5fb897f5b2ce1b94d9ce8c75213d1cac) Importer(815301076,1909f56bfc062723c751e8b465ee728b)
Start importing Assets/Imports/AC Little Enchant Mesh VFX/Materials/Glow AD.mat using Guid(5fb897f5b2ce1b94d9ce8c75213d1cac) Importer(815301076,1909f56bfc062723c751e8b465ee728b)  -> (artifact id: 'b997e1c79fd0b8c3056083e3c7e904a2') in 0.011622 seconds
Number of updated asset objects reloaded before import = 0
Number of asset objects unloaded after import = 3
========================================================================
Received Import Request.
  Time since last request: 0.000027 seconds.
  path: Assets/Imports/BigRookGames/_AssetPacks/Stylized Weapon Pack/M4 Scoped Assault Rifle/Materials/Dust.mat
  artifactKey: Guid(f6b63f8bae0764f4083957642f7f967a) Importer(815301076,1909f56bfc062723c751e8b465ee728b)
Start importing Assets/Imports/BigRookGames/_AssetPacks/Stylized Weapon Pack/M4 Scoped Assault Rifle/Materials/Dust.mat using Guid(f6b63f8bae0764f4083957642f7f967a) Importer(815301076,1909f56bfc062723c751e8b465ee728b)  -> (artifact id: '15d1d5eb3193c81af1b6e397e0cb6895') in 0.009809 seconds
Number of updated asset objects reloaded before import = 0
Number of asset objects unloaded after import = 3
========================================================================
Received Import Request.
  Time since last request: 0.000027 seconds.
  path: Assets/Imports/BigRookGames/_AssetPacks/Stylized Weapon Pack/M4 Scoped Assault Rifle/Materials/MuzzleSniperAlpha.mat
  artifactKey: Guid(de0290f0b61d4a64c86f96463e1f4069) Importer(815301076,1909f56bfc062723c751e8b465ee728b)
Start importing Assets/Imports/BigRookGames/_AssetPacks/Stylized Weapon Pack/M4 Scoped Assault Rifle/Materials/MuzzleSniperAlpha.mat using Guid(de0290f0b61d4a64c86f96463e1f4069) Importer(815301076,1909f56bfc062723c751e8b465ee728b)  -> (artifact id: 'e2ff942fe1561e1a669ceeba45256174') in 0.009215 seconds
Number of updated asset objects reloaded before import = 0
Number of asset objects unloaded after import = 3
========================================================================
Received Import Request.
  Time since last request: 0.000026 seconds.
  path: Assets/Imports/Scalable Grid Prototype Materials/Materials/Light_Gray_Prototype.mat
  artifactKey: Guid(848390390ab9d3740bfc096a1bdda56b) Importer(815301076,1909f56bfc062723c751e8b465ee728b)
Start importing Assets/Imports/Scalable Grid Prototype Materials/Materials/Light_Gray_Prototype.mat using Guid(848390390ab9d3740bfc096a1bdda56b) Importer(815301076,1909f56bfc062723c751e8b465ee728b)  -> (artifact id: '164f1e807e20271aca8e2088c6a05858') in 0.011235 seconds
Number of updated asset objects reloaded before import = 0
Number of asset objects unloaded after import = 4
========================================================================
Received Import Request.
  Time since last request: 0.000023 seconds.
  path: Assets/Imports/AC Little Enchant Mesh VFX/Demo/Materials Demo/Fire.mat
  artifactKey: Guid(7031be16772baaa449461ce30dbcd5d4) Importer(815301076,1909f56bfc062723c751e8b465ee728b)
Start importing Assets/Imports/AC Little Enchant Mesh VFX/Demo/Materials Demo/Fire.mat using Guid(7031be16772baaa449461ce30dbcd5d4) Importer(815301076,1909f56bfc062723c751e8b465ee728b)  -> (artifact id: 'fb1d63ff4af76e1e3ddcb60913d03257') in 0.008644 seconds
Number of updated asset objects reloaded before import = 0
Number of asset objects unloaded after import = 2
========================================================================
Received Import Request.
  Time since last request: 0.000123 seconds.
  path: Assets/Imports/AC Little Enchant Mesh VFX/Materials/Bubble.mat
  artifactKey: Guid(13d90e5aa66b28c4ab0abaa52da0453e) Importer(815301076,1909f56bfc062723c751e8b465ee728b)
Start importing Assets/Imports/AC Little Enchant Mesh VFX/Materials/Bubble.mat using Guid(13d90e5aa66b28c4ab0abaa52da0453e) Importer(815301076,1909f56bfc062723c751e8b465ee728b)  -> (artifact id: 'd012d751e7cf159a2c7d3aa7a263c552') in 0.009449 seconds
Number of updated asset objects reloaded before import = 0
Number of asset objects unloaded after import = 3
========================================================================
Received Import Request.
  Time since last request: 0.000025 seconds.
  path: Assets/Imports/AC Little Enchant Mesh VFX/Demo/Materials Demo/Nature.mat
  artifactKey: Guid(4fb5c2d28d4a596448de52eb10895114) Importer(815301076,1909f56bfc062723c751e8b465ee728b)
Start importing Assets/Imports/AC Little Enchant Mesh VFX/Demo/Materials Demo/Nature.mat using Guid(4fb5c2d28d4a596448de52eb10895114) Importer(815301076,1909f56bfc062723c751e8b465ee728b)  -> (artifact id: '062dae0a6f1f7c849c3179ff66414e87') in 0.008231 seconds
Number of updated asset objects reloaded before import = 0
Number of asset objects unloaded after import = 2
========================================================================
Received Import Request.
  Time since last request: 0.000086 seconds.
  path: Assets/Imports/AC Little Enchant Mesh VFX/Materials/Smoke.mat
  artifactKey: Guid(0d1e5a6592a5759408a417d61ba3c943) Importer(815301076,1909f56bfc062723c751e8b465ee728b)
Start importing Assets/Imports/AC Little Enchant Mesh VFX/Materials/Smoke.mat using Guid(0d1e5a6592a5759408a417d61ba3c943) Importer(815301076,1909f56bfc062723c751e8b465ee728b)  -> (artifact id: 'c5ac35c966468c26a396bbac83f30058') in 0.008606 seconds
Number of updated asset objects reloaded before import = 0
Number of asset objects unloaded after import = 3
Editor requested this worker to shutdown with reason: Scaling down because of idle timeout
TcpMessagingSession - receive error: operation aborted. errorcode: 995, details: The I/O operation has been aborted because of either a thread exit or an application request.
AssetImportWorker is now disconnected from the server
Process exiting
Exiting without the bug reporter. Application will terminate with return code 0