Using pre-set license
Built from '2022.3/staging' branch; Version is '2022.3.11f1 (d00248457e15) revision 13632072'; Using compiler version '192829333'; Build Type 'Release'
OS: 'Windows 11  (10.0.22631) 64bit Core' Language: 'en' Physical Memory: 16332 MB
BatchMode: 1, IsHumanControllingUs: 0, StartBugReporterOnCrash: 0, Is64bit: 1, IsPro: 1

COMMAND LINE ARGUMENTS:
C:\Program Files\Unity\Hub\Editor\2022.3.11f1\Editor\Unity.exe
-adb2
-batchMode
-noUpm
-name
AssetImportWorker13
-projectPath
C:/Users/david/Desktop/github/GMTK2024/GMTK2024
-logFile
Logs/AssetImportWorker13.log
-srvPort
62522
Successfully changed project path to: C:/Users/david/Desktop/github/GMTK2024/GMTK2024
C:/Users/david/Desktop/github/GMTK2024/GMTK2024
[UnityMemory] Configuration Parameters - Can be set up in boot.config
    "memorysetup-bucket-allocator-granularity=16"
    "memorysetup-bucket-allocator-bucket-count=8"
    "memorysetup-bucket-allocator-block-size=33554432"
    "memorysetup-bucket-allocator-block-count=8"
    "memorysetup-main-allocator-block-size=16777216"
    "memorysetup-thread-allocator-block-size=16777216"
    "memorysetup-gfx-main-allocator-block-size=16777216"
    "memorysetup-gfx-thread-allocator-block-size=16777216"
    "memorysetup-cache-allocator-block-size=4194304"
    "memorysetup-typetree-allocator-block-size=2097152"
    "memorysetup-profiler-bucket-allocator-granularity=16"
    "memorysetup-profiler-bucket-allocator-bucket-count=8"
    "memorysetup-profiler-bucket-allocator-block-size=33554432"
    "memorysetup-profiler-bucket-allocator-block-count=8"
    "memorysetup-profiler-allocator-block-size=16777216"
    "memorysetup-profiler-editor-allocator-block-size=1048576"
    "memorysetup-temp-allocator-size-main=16777216"
    "memorysetup-job-temp-allocator-block-size=2097152"
    "memorysetup-job-temp-allocator-block-size-background=1048576"
    "memorysetup-job-temp-allocator-reduction-small-platforms=262144"
    "memorysetup-allocator-temp-initial-block-size-main=262144"
    "memorysetup-allocator-temp-initial-block-size-worker=262144"
    "memorysetup-temp-allocator-size-background-worker=32768"
    "memorysetup-temp-allocator-size-job-worker=262144"
    "memorysetup-temp-allocator-size-preload-manager=33554432"
    "memorysetup-temp-allocator-size-nav-mesh-worker=65536"
    "memorysetup-temp-allocator-size-audio-worker=65536"
    "memorysetup-temp-allocator-size-cloud-worker=32768"
    "memorysetup-temp-allocator-size-gi-baking-worker=262144"
    "memorysetup-temp-allocator-size-gfx=262144"
Player connection [340] Host "[IP] 192.168.1.13 [Port] 0 [Flags] 2 [Guid] 2827165587 [EditorId] 2827165587 [Version] 1048832 [Id] WindowsEditor(7,PC-Altaro) [Debug] 1 [PackageName] WindowsEditor [ProjectName] Editor" joined multi-casting on [225.0.0.222:54997]...

Player connection [340] Host "[IP] 192.168.1.13 [Port] 0 [Flags] 2 [Guid] 2827165587 [EditorId] 2827165587 [Version] 1048832 [Id] WindowsEditor(7,PC-Altaro) [Debug] 1 [PackageName] WindowsEditor [ProjectName] Editor" joined alternative multi-casting on [225.0.0.222:34997]...

[Physics::Module] Initialized MultithreadedJobDispatcher with 11 workers.
Refreshing native plugins compatible for Editor in 23.15 ms, found 3 plugins.
Preloading 0 native plugins for Editor in 0.00 ms.
Initialize engine version: 2022.3.11f1 (d00248457e15)
[Subsystems] Discovering subsystems at path C:/Program Files/Unity/Hub/Editor/2022.3.11f1/Editor/Data/Resources/UnitySubsystems
[Subsystems] Discovering subsystems at path C:/Users/david/Desktop/github/GMTK2024/GMTK2024/Assets
GfxDevice: creating device client; threaded=0; jobified=0
Direct3D:
    Version:  Direct3D 11.0 [level 11.1]
    Renderer: AMD Radeon RX 6700 XT (ID=0x73df)
    Vendor:   ATI
    VRAM:     12243 MB
    Driver:   31.0.24033.1003
Initialize mono
Mono path[0] = 'C:/Program Files/Unity/Hub/Editor/2022.3.11f1/Editor/Data/Managed'
Mono path[1] = 'C:/Program Files/Unity/Hub/Editor/2022.3.11f1/Editor/Data/MonoBleedingEdge/lib/mono/unityjit-win32'
Mono config path = 'C:/Program Files/Unity/Hub/Editor/2022.3.11f1/Editor/Data/MonoBleedingEdge/etc'
Using monoOptions --debugger-agent=transport=dt_socket,embedding=1,server=y,suspend=n,address=127.0.0.1:56968
Begin MonoManager ReloadAssembly
Registering precompiled unity dll's ...
Register platform support module: C:/Program Files/Unity/Hub/Editor/2022.3.11f1/Editor/Data/PlaybackEngines/WebGLSupport/UnityEditor.WebGL.Extensions.dll
Register platform support module: C:/Program Files/Unity/Hub/Editor/2022.3.11f1/Editor/Data/PlaybackEngines/AndroidPlayer/UnityEditor.Android.Extensions.dll
Register platform support module: C:/Program Files/Unity/Hub/Editor/2022.3.11f1/Editor/Data/PlaybackEngines/WindowsStandaloneSupport/UnityEditor.WindowsStandalone.Extensions.dll
Registered in 0.022446 seconds.
- Loaded All Assemblies, in  1.289 seconds
Native extension for WindowsStandalone target not found
Native extension for Android target not found
Android Extension - Scanning For ADB Devices 831 ms
Native extension for WebGL target not found
Mono: successfully reloaded assembly
- Finished resetting the current domain, in  1.703 seconds
Domain Reload Profiling: 2990ms
	BeginReloadAssembly (333ms)
		ExecutionOrderSort (0ms)
		DisableScriptedObjects (0ms)
		BackupInstance (0ms)
		ReleaseScriptingObjects (0ms)
		CreateAndSetChildDomain (2ms)
	RebuildCommonClasses (138ms)
	RebuildNativeTypeToScriptingClass (17ms)
	initialDomainReloadingComplete (178ms)
	LoadAllAssembliesAndSetupDomain (621ms)
		LoadAssemblies (327ms)
		RebuildTransferFunctionScriptingTraits (0ms)
		AnalyzeDomain (618ms)
			TypeCache.Refresh (616ms)
				TypeCache.ScanAssembly (558ms)
			ScanForSourceGeneratedMonoScriptInfo (1ms)
			ResolveRequiredComponents (1ms)
	FinalizeReload (1704ms)
		ReleaseScriptCaches (0ms)
		RebuildScriptCaches (0ms)
		SetupLoadedEditorAssemblies (1569ms)
			LogAssemblyErrors (0ms)
			InitializePlatformSupportModulesInManaged (1056ms)
			SetLoadedEditorAssemblies (20ms)
			RefreshPlugins (0ms)
			BeforeProcessingInitializeOnLoad (3ms)
			ProcessInitializeOnLoadAttributes (331ms)
			ProcessInitializeOnLoadMethodAttributes (160ms)
			AfterProcessingInitializeOnLoad (0ms)
			EditorAssembliesLoaded (0ms)
		ExecutionOrderSort2 (0ms)
		AwakeInstancesAfterBackupRestoration (0ms)
========================================================================
Worker process is ready to serve import requests
Begin MonoManager ReloadAssembly
- Loaded All Assemblies, in  1.552 seconds
Refreshing native plugins compatible for Editor in 6.32 ms, found 3 plugins.
Native extension for WindowsStandalone target not found
Native extension for Android target not found
Native extension for WebGL target not found
Package Manager log level set to [2]
[Package Manager] Server::EnsureServerProcessIsRunning -- launch failed, reason: Unity was launched with the -noUpm command-line argument
[Package Manager] UpmClient::Send -- Unable to send message (not connected to UPM process).
[Package Manager] Cannot connect to Unity Package Manager local server
Mono: successfully reloaded assembly
- Finished resetting the current domain, in  1.098 seconds
Domain Reload Profiling: 2647ms
	BeginReloadAssembly (268ms)
		ExecutionOrderSort (0ms)
		DisableScriptedObjects (8ms)
		BackupInstance (0ms)
		ReleaseScriptingObjects (0ms)
		CreateAndSetChildDomain (22ms)
	RebuildCommonClasses (92ms)
	RebuildNativeTypeToScriptingClass (21ms)
	initialDomainReloadingComplete (95ms)
	LoadAllAssembliesAndSetupDomain (1073ms)
		LoadAssemblies (801ms)
		RebuildTransferFunctionScriptingTraits (0ms)
		AnalyzeDomain (422ms)
			TypeCache.Refresh (375ms)
				TypeCache.ScanAssembly (348ms)
			ScanForSourceGeneratedMonoScriptInfo (32ms)
			ResolveRequiredComponents (14ms)
	FinalizeReload (1099ms)
		ReleaseScriptCaches (0ms)
		RebuildScriptCaches (0ms)
		SetupLoadedEditorAssemblies (770ms)
			LogAssemblyErrors (0ms)
			InitializePlatformSupportModulesInManaged (62ms)
			SetLoadedEditorAssemblies (6ms)
			RefreshPlugins (0ms)
			BeforeProcessingInitializeOnLoad (115ms)
			ProcessInitializeOnLoadAttributes (480ms)
			ProcessInitializeOnLoadMethodAttributes (90ms)
			AfterProcessingInitializeOnLoad (16ms)
			EditorAssembliesLoaded (0ms)
		ExecutionOrderSort2 (0ms)
		AwakeInstancesAfterBackupRestoration (11ms)
Launched and connected shader compiler UnityShaderCompiler.exe after 0.05 seconds
Refreshing native plugins compatible for Editor in 5.69 ms, found 3 plugins.
Preloading 0 native plugins for Editor in 0.00 ms.
Unloading 5089 Unused Serialized files (Serialized files now loaded: 0)
Unloading 77 unused Assets / (1.6 MB). Loaded Objects now: 5547.
Memory consumption went from 227.0 MB to 225.5 MB.
Total: 4.145800 ms (FindLiveObjects: 0.545500 ms CreateObjectMapping: 0.165700 ms MarkObjects: 2.907000 ms  DeleteObjects: 0.525800 ms)

AssetImportParameters requested are different than current active one (requested -> active):
  custom:container-demuxer-ogg: 62fdf1f143b41e24485cea50d1cbac27 -> 
  custom:video-decoder-ogg-theora: a1e56fd34408186e4bbccfd4996cb3dc -> 
  custom:framework-win-MediaFoundation: 216162199b28c13a410421893ffa2e32 -> 
  custom:CustomObjectIndexerAttribute: d54d2f2da18e7612c182cf67624b6b12 -> 
  custom:container-demuxer-webm: 4f35f7cbe854078d1ac9338744f61a02 -> 
  custom:container-muxer-webm: aa71ff27fc2769a1b78a27578f13a17b -> 
  custom:video-decoder-webm-vp8: 9c59270c3fd7afecdb556c50c9e8de78 -> 
  custom:SearchIndexIgnoredProperties: e643bd26f0fe6173181afceb89e7c659 -> 
  custom:AudioImporter_EditorPlatform: d09bf68614088b80899f8185d706f6e7 -> 
  custom:video-encoder-webm-vp8: eb34c28f22e8b96e1ab97ce403110664 -> 
  custom:audio-decoder-ogg-vorbis: bf7c407c2cedff20999df2af8eb42d56 -> 
  custom:audio-encoder-webm-vorbis: bf7c407c2cedff20999df2af8eb42d56 -> 
========================================================================
Received Import Request.
  Time since last request: 49607.744757 seconds.
  path: Assets/Imports/AC Little Enchant Mesh VFX/Prefabs/Dark Lvl 3.prefab
  artifactKey: Guid(158e426725463794cae0a836b2491d0b) Importer(2089858483,3d70f49cd1c2eb9ae422958d1c652c6b)
Start importing Assets/Imports/AC Little Enchant Mesh VFX/Prefabs/Dark Lvl 3.prefab using Guid(158e426725463794cae0a836b2491d0b) Importer(2089858483,3d70f49cd1c2eb9ae422958d1c652c6b) Generated GUIDs only implemented for interfaces!
 -> (artifact id: '135b1a1719e8ef9120fc22d693ed126a') in 0.212213 seconds
Number of updated asset objects reloaded before import = 0
Number of asset objects unloaded after import = 30
========================================================================
Received Import Request.
  Time since last request: 0.000030 seconds.
  path: Assets/Nicrom/Shaders/Wind/Assets
  artifactKey: Guid(37cbde719924a2243a0bba26926d1a09) Importer(2089858483,0ecaa5967403d082aa24f35e1b516d23)
Start importing Assets/Nicrom/Shaders/Wind/Assets using Guid(37cbde719924a2243a0bba26926d1a09) Importer(2089858483,0ecaa5967403d082aa24f35e1b516d23) Generated GUIDs only implemented for interfaces!
 -> (artifact id: 'da5e61bcae478c5d32172402aebf9a7e') in 0.006601 seconds
Number of updated asset objects reloaded before import = 0
Number of asset objects unloaded after import = 1
========================================================================
Received Import Request.
  Time since last request: 0.000046 seconds.
  path: Assets/Nicrom/Shaders/Wind/Assets/Materials/LPW_Tree_C1_01.mat
  artifactKey: Guid(790a32d6fe431f24d95e325e93a8af98) Importer(2089858483,0ecaa5967403d082aa24f35e1b516d23)
Start importing Assets/Nicrom/Shaders/Wind/Assets/Materials/LPW_Tree_C1_01.mat using Guid(790a32d6fe431f24d95e325e93a8af98) Importer(2089858483,0ecaa5967403d082aa24f35e1b516d23) Generated GUIDs only implemented for interfaces!
 -> (artifact id: '0b44257a4a1afd219b67d4351f2914d9') in 0.045924 seconds
Number of updated asset objects reloaded before import = 0
Number of asset objects unloaded after import = 3
========================================================================
Received Import Request.
  Time since last request: 0.000022 seconds.
  path: Assets/Imports/AC Little Enchant Mesh VFX/Demo/Prefabs Demo/Ice Lvl 2.prefab
  artifactKey: Guid(e59dc85317b93784dab2efa7d09af646) Importer(2089858483,3d70f49cd1c2eb9ae422958d1c652c6b)
Start importing Assets/Imports/AC Little Enchant Mesh VFX/Demo/Prefabs Demo/Ice Lvl 2.prefab using Guid(e59dc85317b93784dab2efa7d09af646) Importer(2089858483,3d70f49cd1c2eb9ae422958d1c652c6b) Generated GUIDs only implemented for interfaces!
 -> (artifact id: 'ad034a8dca9138973d8ea7d2a061471b') in 0.011907 seconds
Number of updated asset objects reloaded before import = 0
Number of asset objects unloaded after import = 28
========================================================================
Received Import Request.
  Time since last request: 0.000023 seconds.
  path: Assets/Imports/AC Little Enchant Mesh VFX/Prefabs/Nature Lvl 1.prefab
  artifactKey: Guid(9ba5c59aab8437a4f9a41fca9b2c4634) Importer(2089858483,3d70f49cd1c2eb9ae422958d1c652c6b)
Start importing Assets/Imports/AC Little Enchant Mesh VFX/Prefabs/Nature Lvl 1.prefab using Guid(9ba5c59aab8437a4f9a41fca9b2c4634) Importer(2089858483,3d70f49cd1c2eb9ae422958d1c652c6b) Generated GUIDs only implemented for interfaces!
 -> (artifact id: 'f763ea9e1296ece711399116d3e35cde') in 0.013402 seconds
Number of updated asset objects reloaded before import = 0
Number of asset objects unloaded after import = 20
========================================================================
Received Import Request.
  Time since last request: 0.000022 seconds.
  path: Assets/Nicrom/Shaders/Wind/Assets/Materials/LPW_Ground_02.mat
  artifactKey: Guid(3d8367cece3b5b94b9fefc8fddb97cb7) Importer(2089858483,0ecaa5967403d082aa24f35e1b516d23)
Start importing Assets/Nicrom/Shaders/Wind/Assets/Materials/LPW_Ground_02.mat using Guid(3d8367cece3b5b94b9fefc8fddb97cb7) Importer(2089858483,0ecaa5967403d082aa24f35e1b516d23) Generated GUIDs only implemented for interfaces!
 -> (artifact id: '18d0af6184cc9caf8a6330cbb2402236') in 0.022902 seconds
Number of updated asset objects reloaded before import = 0
Number of asset objects unloaded after import = 1
========================================================================
Received Import Request.
  Time since last request: 0.000077 seconds.
  path: Assets/Nicrom/Shaders/Wind/Assets/Models/LPW_Grass_B1_40cm_01.fbx
  artifactKey: Guid(737ebd30c66793f498ef51c8913789f2) Importer(2089858483,0ecaa5967403d082aa24f35e1b516d23)
Start importing Assets/Nicrom/Shaders/Wind/Assets/Models/LPW_Grass_B1_40cm_01.fbx using Guid(737ebd30c66793f498ef51c8913789f2) Importer(2089858483,0ecaa5967403d082aa24f35e1b516d23) Generated GUIDs only implemented for interfaces!
 -> (artifact id: '2e8640ce58233253079f18efc24854d8') in 0.049588 seconds
Number of updated asset objects reloaded before import = 0
Number of asset objects unloaded after import = 8
========================================================================
Received Import Request.
  Time since last request: 0.000022 seconds.
  path: Assets/Settings/URP-Performant.asset
  artifactKey: Guid(d0e2fc18fe036412f8223b3b3d9ad574) Importer(2089858483,3d70f49cd1c2eb9ae422958d1c652c6b)
Start importing Assets/Settings/URP-Performant.asset using Guid(d0e2fc18fe036412f8223b3b3d9ad574) Importer(2089858483,3d70f49cd1c2eb9ae422958d1c652c6b) Generated GUIDs only implemented for interfaces!
 -> (artifact id: 'dd61b545f39069493bcce6cd8b822543') in 0.010110 seconds
Number of updated asset objects reloaded before import = 0
Number of asset objects unloaded after import = 1
========================================================================
Received Import Request.
  Time since last request: 0.000036 seconds.
  path: Assets/Nicrom/Shaders/Wind/Assets/Models/LPW_Tree_B1_9m_01.fbx
  artifactKey: Guid(086866415dea3c64bb043c7b9c5d5a28) Importer(2089858483,0ecaa5967403d082aa24f35e1b516d23)
Start importing Assets/Nicrom/Shaders/Wind/Assets/Models/LPW_Tree_B1_9m_01.fbx using Guid(086866415dea3c64bb043c7b9c5d5a28) Importer(2089858483,0ecaa5967403d082aa24f35e1b516d23) Generated GUIDs only implemented for interfaces!
 -> (artifact id: '5d4829f61b98aa6d40a7b2b2544d8376') in 0.021664 seconds
Number of updated asset objects reloaded before import = 0
Number of asset objects unloaded after import = 9
========================================================================
Received Import Request.
  Time since last request: 0.000020 seconds.
  path: Assets/Imports/AC Little Enchant Mesh VFX/Demo/Prefabs Demo/Water Lvl 2.prefab
  artifactKey: Guid(8682cc7edc2c6bb4a98e1181aa01acca) Importer(2089858483,3d70f49cd1c2eb9ae422958d1c652c6b)
Start importing Assets/Imports/AC Little Enchant Mesh VFX/Demo/Prefabs Demo/Water Lvl 2.prefab using Guid(8682cc7edc2c6bb4a98e1181aa01acca) Importer(2089858483,3d70f49cd1c2eb9ae422958d1c652c6b) Generated GUIDs only implemented for interfaces!
 -> (artifact id: '3a3001e3b18846355852cfc87500a435') in 0.009634 seconds
Number of updated asset objects reloaded before import = 0
Number of asset objects unloaded after import = 24
========================================================================
Received Import Request.
  Time since last request: 0.000024 seconds.
  path: Assets/Imports/AC Little Enchant Mesh VFX/Demo/Prefabs Demo/Water Lvl 1.prefab
  artifactKey: Guid(92aa580b0ec299f43b080c037c2f9db1) Importer(2089858483,3d70f49cd1c2eb9ae422958d1c652c6b)
Start importing Assets/Imports/AC Little Enchant Mesh VFX/Demo/Prefabs Demo/Water Lvl 1.prefab using Guid(92aa580b0ec299f43b080c037c2f9db1) Importer(2089858483,3d70f49cd1c2eb9ae422958d1c652c6b) Generated GUIDs only implemented for interfaces!
 -> (artifact id: '4be5ca7434b5e18fe7a1bb56381594a6') in 0.011551 seconds
Number of updated asset objects reloaded before import = 0
Number of asset objects unloaded after import = 19
========================================================================
Received Import Request.
  Time since last request: 0.000023 seconds.
  path: Assets/Nicrom/Shaders/Wind/Demo/LPW_Settings.lighting
  artifactKey: Guid(86025a968facd544ba2100849959246a) Importer(2089858483,0ecaa5967403d082aa24f35e1b516d23)
Start importing Assets/Nicrom/Shaders/Wind/Demo/LPW_Settings.lighting using Guid(86025a968facd544ba2100849959246a) Importer(2089858483,0ecaa5967403d082aa24f35e1b516d23) Generated GUIDs only implemented for interfaces!
 -> (artifact id: '698bbe26fca23cc1db9f0909afb4c77c') in 0.017071 seconds
Number of updated asset objects reloaded before import = 0
Number of asset objects unloaded after import = 1
========================================================================
Received Import Request.
  Time since last request: 0.000018 seconds.
  path: Assets/Nicrom/Shaders/Wind/UpgradePackages/LPW_HDRP_Unity2021.3+.unitypackage
  artifactKey: Guid(0077ec58043001e4f8eb8017d34dc3dc) Importer(2089858483,0ecaa5967403d082aa24f35e1b516d23)
Start importing Assets/Nicrom/Shaders/Wind/UpgradePackages/LPW_HDRP_Unity2021.3+.unitypackage using Guid(0077ec58043001e4f8eb8017d34dc3dc) Importer(2089858483,0ecaa5967403d082aa24f35e1b516d23) Generated GUIDs only implemented for interfaces!
 -> (artifact id: '88bc50609c5a4bc7592cd29d1f257790') in 0.005991 seconds
Number of updated asset objects reloaded before import = 0
Number of asset objects unloaded after import = 1
========================================================================
Received Import Request.
  Time since last request: 0.000071 seconds.
  path: Assets/Imports/AC Little Enchant Mesh VFX/Demo/Prefabs Demo/Fire Lvl 2.prefab
  artifactKey: Guid(657ebedc5dbc72c4ab7b7b298ec592b7) Importer(2089858483,3d70f49cd1c2eb9ae422958d1c652c6b)
Start importing Assets/Imports/AC Little Enchant Mesh VFX/Demo/Prefabs Demo/Fire Lvl 2.prefab using Guid(657ebedc5dbc72c4ab7b7b298ec592b7) Importer(2089858483,3d70f49cd1c2eb9ae422958d1c652c6b) Generated GUIDs only implemented for interfaces!
 -> (artifact id: '6ee91dba243220a84542c001c4d3e637') in 0.010076 seconds
Number of updated asset objects reloaded before import = 0
Number of asset objects unloaded after import = 24
========================================================================
Received Import Request.
  Time since last request: 0.000022 seconds.
  path: Assets/Nicrom/Shaders/Wind/_Prefabs
  artifactKey: Guid(cfc751ce1b94282458639bdc847d0744) Importer(2089858483,0ecaa5967403d082aa24f35e1b516d23)
Start importing Assets/Nicrom/Shaders/Wind/_Prefabs using Guid(cfc751ce1b94282458639bdc847d0744) Importer(2089858483,0ecaa5967403d082aa24f35e1b516d23) Generated GUIDs only implemented for interfaces!
 -> (artifact id: 'a0d8d5535ebf4e8a3c7cdb155cb13370') in 0.004977 seconds
Number of updated asset objects reloaded before import = 0
Number of asset objects unloaded after import = 1
========================================================================
Received Import Request.
  Time since last request: 0.000067 seconds.
  path: Assets/Nicrom/Shaders/Wind/Assets/Shaders/ASE
  artifactKey: Guid(89752cc2a2b32f248b1d97702caaf210) Importer(2089858483,0ecaa5967403d082aa24f35e1b516d23)
Start importing Assets/Nicrom/Shaders/Wind/Assets/Shaders/ASE using Guid(89752cc2a2b32f248b1d97702caaf210) Importer(2089858483,0ecaa5967403d082aa24f35e1b516d23) Generated GUIDs only implemented for interfaces!
 -> (artifact id: 'c7fe61a271a1d0d5f2402cdbc14427a1') in 0.005204 seconds
Number of updated asset objects reloaded before import = 0
Number of asset objects unloaded after import = 1
========================================================================
Received Import Request.
  Time since last request: 0.000128 seconds.
  path: Assets/Nicrom/Shaders/Wind/Assets/Materials
  artifactKey: Guid(bb3f34dab8cd9b748a9b31248949d0a9) Importer(2089858483,0ecaa5967403d082aa24f35e1b516d23)
Start importing Assets/Nicrom/Shaders/Wind/Assets/Materials using Guid(bb3f34dab8cd9b748a9b31248949d0a9) Importer(2089858483,0ecaa5967403d082aa24f35e1b516d23) Generated GUIDs only implemented for interfaces!
 -> (artifact id: '2addfaaf33d4e343ed9b9b49a1282788') in 0.005059 seconds
Number of updated asset objects reloaded before import = 0
Number of asset objects unloaded after import = 1
========================================================================
Received Import Request.
  Time since last request: 0.000049 seconds.
  path: Assets/Imports/AC Little Enchant Mesh VFX/Demo/Prefabs Demo/Dark Lvl 2.prefab
  artifactKey: Guid(07bda7a151dd4364ebe9fefe8325031e) Importer(2089858483,3d70f49cd1c2eb9ae422958d1c652c6b)
Start importing Assets/Imports/AC Little Enchant Mesh VFX/Demo/Prefabs Demo/Dark Lvl 2.prefab using Guid(07bda7a151dd4364ebe9fefe8325031e) Importer(2089858483,3d70f49cd1c2eb9ae422958d1c652c6b) Generated GUIDs only implemented for interfaces!
 -> (artifact id: 'd42047b0e13ed5787776884c84fb1e7e') in 0.012635 seconds
Number of updated asset objects reloaded before import = 0
Number of asset objects unloaded after import = 24
========================================================================
Received Import Request.
  Time since last request: 0.000021 seconds.
  path: Assets/Nicrom/Shaders/Wind/Assets/Shaders/ASE/LPW_Vegetation.shader
  artifactKey: Guid(aa39e15a9f5d0ed47aa0951572b2dc9e) Importer(2089858483,0ecaa5967403d082aa24f35e1b516d23)
Start importing Assets/Nicrom/Shaders/Wind/Assets/Shaders/ASE/LPW_Vegetation.shader using Guid(aa39e15a9f5d0ed47aa0951572b2dc9e) Importer(2089858483,0ecaa5967403d082aa24f35e1b516d23) Generated GUIDs only implemented for interfaces!
 -> (artifact id: 'ce2c90ceebfaa7e7509cd1d9a70a6b28') in 0.017176 seconds
Number of updated asset objects reloaded before import = 0
Number of asset objects unloaded after import = 1
========================================================================
Received Import Request.
  Time since last request: 0.000103 seconds.
  path: Assets/Nicrom/Shaders/Wind/Assets/Models/LPW_Tree_C1_11m_01.fbx
  artifactKey: Guid(e27c287717052ac4b903c9f886180c78) Importer(2089858483,0ecaa5967403d082aa24f35e1b516d23)
Start importing Assets/Nicrom/Shaders/Wind/Assets/Models/LPW_Tree_C1_11m_01.fbx using Guid(e27c287717052ac4b903c9f886180c78) Importer(2089858483,0ecaa5967403d082aa24f35e1b516d23) Generated GUIDs only implemented for interfaces!
 -> (artifact id: 'dedf59980ca6cf8d2b7ebe92b429e087') in 0.014292 seconds
Number of updated asset objects reloaded before import = 0
Number of asset objects unloaded after import = 7
========================================================================
Received Import Request.
  Time since last request: 0.000019 seconds.
  path: Assets/Imports/AC Little Enchant Mesh VFX/Demo/Prefabs Demo/Dark Lvl 3.prefab
  artifactKey: Guid(53231f47692cfc643bbb907c51053b26) Importer(2089858483,3d70f49cd1c2eb9ae422958d1c652c6b)
Start importing Assets/Imports/AC Little Enchant Mesh VFX/Demo/Prefabs Demo/Dark Lvl 3.prefab using Guid(53231f47692cfc643bbb907c51053b26) Importer(2089858483,3d70f49cd1c2eb9ae422958d1c652c6b) Generated GUIDs only implemented for interfaces!
 -> (artifact id: '7172794af5b9357124a93e906e6ca7b6') in 0.013590 seconds
Number of updated asset objects reloaded before import = 0
Number of asset objects unloaded after import = 33
========================================================================
Received Import Request.
  Time since last request: 0.000022 seconds.
  path: Assets/Nicrom/Shaders/Wind/_Prefabs/LPW_Ground_A1_100x100_02.prefab
  artifactKey: Guid(14d1ebaf454fb5d4daead1c6ae0281c4) Importer(2089858483,3d70f49cd1c2eb9ae422958d1c652c6b)
Start importing Assets/Nicrom/Shaders/Wind/_Prefabs/LPW_Ground_A1_100x100_02.prefab using Guid(14d1ebaf454fb5d4daead1c6ae0281c4) Importer(2089858483,3d70f49cd1c2eb9ae422958d1c652c6b) Generated GUIDs only implemented for interfaces!
 -> (artifact id: '2f88f2a867a5bfa31e7573cbb39596dd') in 0.007548 seconds
Number of updated asset objects reloaded before import = 0
Number of asset objects unloaded after import = 9
========================================================================
Received Import Request.
  Time since last request: 0.000021 seconds.
  path: Assets/Nicrom/Shaders/Wind/Assets/Models/LPW_Tree_A1_6.5m_01.fbx
  artifactKey: Guid(394ff57e6222f6a49b8053a8947975ff) Importer(2089858483,0ecaa5967403d082aa24f35e1b516d23)
Start importing Assets/Nicrom/Shaders/Wind/Assets/Models/LPW_Tree_A1_6.5m_01.fbx using Guid(394ff57e6222f6a49b8053a8947975ff) Importer(2089858483,0ecaa5967403d082aa24f35e1b516d23) Generated GUIDs only implemented for interfaces!
 -> (artifact id: 'd405d9ac86bb225a4518feb2377547c0') in 0.017836 seconds
Number of updated asset objects reloaded before import = 0
Number of asset objects unloaded after import = 7
========================================================================
Received Import Request.
  Time since last request: 0.000019 seconds.
  path: Assets/Nicrom/Shaders/Wind/Assets/Models/LPW_Rock_Boulder_A1_01.fbx
  artifactKey: Guid(f3a70418971d85f47a436c1493b944d8) Importer(2089858483,0ecaa5967403d082aa24f35e1b516d23)
Start importing Assets/Nicrom/Shaders/Wind/Assets/Models/LPW_Rock_Boulder_A1_01.fbx using Guid(f3a70418971d85f47a436c1493b944d8) Importer(2089858483,0ecaa5967403d082aa24f35e1b516d23) Generated GUIDs only implemented for interfaces!
 -> (artifact id: '20513c45054352b707646b7c6a9938eb') in 0.019248 seconds
Number of updated asset objects reloaded before import = 0
Number of asset objects unloaded after import = 8
========================================================================
Received Import Request.
  Time since last request: 9.281663 seconds.
  path: Assets/Nicrom/Shaders/Wind/Assets/Textures/LPW_Grass_Flat_01.png
  artifactKey: Guid(2c4e51a73d7c73d40935ba83394b9014) Importer(2089858483,0ecaa5967403d082aa24f35e1b516d23)
Start importing Assets/Nicrom/Shaders/Wind/Assets/Textures/LPW_Grass_Flat_01.png using Guid(2c4e51a73d7c73d40935ba83394b9014) Importer(2089858483,0ecaa5967403d082aa24f35e1b516d23) Generated GUIDs only implemented for interfaces!
 -> (artifact id: '4af288658019344329f64d0ab3ce2079') in 0.051494 seconds
Number of updated asset objects reloaded before import = 0
Number of asset objects unloaded after import = 1
========================================================================
Received Import Request.
  Time since last request: 0.000027 seconds.
  path: Assets/Nicrom/Shaders/Wind/Demo/PPP/LPW_PPP_01.asset
  artifactKey: Guid(9cbdbe2439b334c48b0a50962b36ab83) Importer(2089858483,0ecaa5967403d082aa24f35e1b516d23)
Start importing Assets/Nicrom/Shaders/Wind/Demo/PPP/LPW_PPP_01.asset using Guid(9cbdbe2439b334c48b0a50962b36ab83) Importer(2089858483,0ecaa5967403d082aa24f35e1b516d23) Generated GUIDs only implemented for interfaces!
 -> (artifact id: 'fe6bd1bc55477740647fc24eab90fe6c') in 0.029394 seconds
Number of updated asset objects reloaded before import = 0
Number of asset objects unloaded after import = 5
========================================================================
Received Import Request.
  Time since last request: 0.000088 seconds.
  path: Assets/Nicrom/Shaders/Wind/Documentation/LPW_Log.txt
  artifactKey: Guid(d7869631dd2baba40877d5e19ea5faa1) Importer(2089858483,0ecaa5967403d082aa24f35e1b516d23)
Start importing Assets/Nicrom/Shaders/Wind/Documentation/LPW_Log.txt using Guid(d7869631dd2baba40877d5e19ea5faa1) Importer(2089858483,0ecaa5967403d082aa24f35e1b516d23) Generated GUIDs only implemented for interfaces!
 -> (artifact id: 'f111bc524cba436c9be0674a9a72e05d') in 0.005113 seconds
Number of updated asset objects reloaded before import = 0
Number of asset objects unloaded after import = 1
========================================================================
Received Import Request.
  Time since last request: 0.000021 seconds.
  path: Assets/Nicrom/Shaders/Wind/Assets/Models/LPW_Grass_A1_50cm_01.fbx
  artifactKey: Guid(02e48aea181058a47acc4c8a06b88f13) Importer(2089858483,0ecaa5967403d082aa24f35e1b516d23)
Start importing Assets/Nicrom/Shaders/Wind/Assets/Models/LPW_Grass_A1_50cm_01.fbx using Guid(02e48aea181058a47acc4c8a06b88f13) Importer(2089858483,0ecaa5967403d082aa24f35e1b516d23) Generated GUIDs only implemented for interfaces!
 -> (artifact id: '017cac7e067d9418030a5d5f87209e98') in 0.017869 seconds
Number of updated asset objects reloaded before import = 0
Number of asset objects unloaded after import = 7
========================================================================
Received Import Request.
  Time since last request: 0.000023 seconds.
  path: Assets/Nicrom/Shaders/Wind/Assets/Models/LPW_Grass_A1_40cm_01.fbx
  artifactKey: Guid(2b44582523d7fdf48ae9a30dd4e38897) Importer(2089858483,0ecaa5967403d082aa24f35e1b516d23)
Start importing Assets/Nicrom/Shaders/Wind/Assets/Models/LPW_Grass_A1_40cm_01.fbx using Guid(2b44582523d7fdf48ae9a30dd4e38897) Importer(2089858483,0ecaa5967403d082aa24f35e1b516d23) Generated GUIDs only implemented for interfaces!
 -> (artifact id: '22ea30248db75aae78ec4030bdda8ae1') in 0.020638 seconds
Number of updated asset objects reloaded before import = 0
Number of asset objects unloaded after import = 9
========================================================================
Received Import Request.
  Time since last request: 0.000043 seconds.
  path: Assets/Nicrom/Shaders/Wind/Assets/Shaders/ASE/LPW_Vegetation_Transparent.shader
  artifactKey: Guid(0d71372cfce069949bb2e0d5c9bb5421) Importer(2089858483,0ecaa5967403d082aa24f35e1b516d23)
Start importing Assets/Nicrom/Shaders/Wind/Assets/Shaders/ASE/LPW_Vegetation_Transparent.shader using Guid(0d71372cfce069949bb2e0d5c9bb5421) Importer(2089858483,0ecaa5967403d082aa24f35e1b516d23) Generated GUIDs only implemented for interfaces!
 -> (artifact id: 'aca679cd0762260171c50a45fff78280') in 0.013150 seconds
Number of updated asset objects reloaded before import = 0
Number of asset objects unloaded after import = 1
========================================================================
Received Import Request.
  Time since last request: 0.000042 seconds.
  path: Assets/Nicrom/Shaders/Wind/Assets/Materials/LPW_Flower_A1_01.mat
  artifactKey: Guid(426667a7d6a2f5b4eb289cdb68d8960e) Importer(2089858483,0ecaa5967403d082aa24f35e1b516d23)
Start importing Assets/Nicrom/Shaders/Wind/Assets/Materials/LPW_Flower_A1_01.mat using Guid(426667a7d6a2f5b4eb289cdb68d8960e) Importer(2089858483,0ecaa5967403d082aa24f35e1b516d23) Generated GUIDs only implemented for interfaces!
 -> (artifact id: '54bdabb3b9d93841e40a9121c9fb058a') in 0.009156 seconds
Number of updated asset objects reloaded before import = 0
Number of asset objects unloaded after import = 3
========================================================================
Received Import Request.
  Time since last request: 0.000023 seconds.
  path: Assets/Nicrom/Shaders/Wind/UpgradePackages/LPW_HDRP_Unity2022.2+.unitypackage
  artifactKey: Guid(f33a3944d7082ee42b5a51ae9c09e7a2) Importer(2089858483,0ecaa5967403d082aa24f35e1b516d23)
Start importing Assets/Nicrom/Shaders/Wind/UpgradePackages/LPW_HDRP_Unity2022.2+.unitypackage using Guid(f33a3944d7082ee42b5a51ae9c09e7a2) Importer(2089858483,0ecaa5967403d082aa24f35e1b516d23) Generated GUIDs only implemented for interfaces!
 -> (artifact id: '677a39359e790a0220e9d319b6c88de3') in 0.004932 seconds
Number of updated asset objects reloaded before import = 0
Number of asset objects unloaded after import = 1
========================================================================
Received Import Request.
  Time since last request: 0.000020 seconds.
  path: Assets/Nicrom/Shaders/Wind/Assets/Models/LPW_Ground_A1_100x100_02.fbx
  artifactKey: Guid(9900244c1a644074d9fb129310a0542b) Importer(2089858483,0ecaa5967403d082aa24f35e1b516d23)
Start importing Assets/Nicrom/Shaders/Wind/Assets/Models/LPW_Ground_A1_100x100_02.fbx using Guid(9900244c1a644074d9fb129310a0542b) Importer(2089858483,0ecaa5967403d082aa24f35e1b516d23) Generated GUIDs only implemented for interfaces!
 -> (artifact id: '34e1aa5d60908118e3581759a9c0ba80') in 0.023023 seconds
Number of updated asset objects reloaded before import = 0
Number of asset objects unloaded after import = 9
========================================================================
Received Import Request.
  Time since last request: 0.000018 seconds.
  path: Assets/Nicrom/Shaders/Wind/_Prefabs/LPW_Grass_B1_40cm_01.prefab
  artifactKey: Guid(f37c8cfcbf935f6428718bf11e4a8de8) Importer(2089858483,0ecaa5967403d082aa24f35e1b516d23)
Start importing Assets/Nicrom/Shaders/Wind/_Prefabs/LPW_Grass_B1_40cm_01.prefab using Guid(f37c8cfcbf935f6428718bf11e4a8de8) Importer(2089858483,0ecaa5967403d082aa24f35e1b516d23) Generated GUIDs only implemented for interfaces!
 -> (artifact id: '0f3273c5012762c611e0d823e18283c9') in 0.008998 seconds
Number of updated asset objects reloaded before import = 0
Number of asset objects unloaded after import = 7
========================================================================
Received Import Request.
  Time since last request: 0.438314 seconds.
  path: Assets/Scenes/Main.unity
  artifactKey: Guid(99c9720ab356a0642a771bea13969a05) Importer(2089858483,0ecaa5967403d082aa24f35e1b516d23)
Start importing Assets/Scenes/Main.unity using Guid(99c9720ab356a0642a771bea13969a05) Importer(2089858483,0ecaa5967403d082aa24f35e1b516d23) Generated GUIDs only implemented for interfaces!
 -> (artifact id: '3e943f4fc5e472e6348b60e1fda1df97') in 0.004213 seconds
Number of updated asset objects reloaded before import = 0
Number of asset objects unloaded after import = 1
========================================================================
Received Prepare
Begin MonoManager ReloadAssembly
- Loaded All Assemblies, in  0.836 seconds
Refreshing native plugins compatible for Editor in 5.58 ms, found 3 plugins.
Native extension for WindowsStandalone target not found
Native extension for Android target not found
Native extension for WebGL target not found
[Package Manager] Server::EnsureServerProcessIsRunning -- launch failed, reason: Unity was launched with the -noUpm command-line argument
[Package Manager] UpmClient::Send -- Unable to send message (not connected to UPM process).
[Package Manager] Cannot connect to Unity Package Manager local server
Mono: successfully reloaded assembly
- Finished resetting the current domain, in  2.443 seconds
Domain Reload Profiling: 3275ms
	BeginReloadAssembly (266ms)
		ExecutionOrderSort (0ms)
		DisableScriptedObjects (5ms)
		BackupInstance (0ms)
		ReleaseScriptingObjects (0ms)
		CreateAndSetChildDomain (78ms)
	RebuildCommonClasses (39ms)
	RebuildNativeTypeToScriptingClass (16ms)
	initialDomainReloadingComplete (43ms)
	LoadAllAssembliesAndSetupDomain (467ms)
		LoadAssemblies (526ms)
		RebuildTransferFunctionScriptingTraits (0ms)
		AnalyzeDomain (84ms)
			TypeCache.Refresh (13ms)
				TypeCache.ScanAssembly (0ms)
			ScanForSourceGeneratedMonoScriptInfo (56ms)
			ResolveRequiredComponents (13ms)
	FinalizeReload (2444ms)
		ReleaseScriptCaches (0ms)
		RebuildScriptCaches (0ms)
		SetupLoadedEditorAssemblies (530ms)
			LogAssemblyErrors (0ms)
			InitializePlatformSupportModulesInManaged (32ms)
			SetLoadedEditorAssemblies (4ms)
			RefreshPlugins (0ms)
			BeforeProcessingInitializeOnLoad (86ms)
			ProcessInitializeOnLoadAttributes (324ms)
			ProcessInitializeOnLoadMethodAttributes (75ms)
			AfterProcessingInitializeOnLoad (9ms)
			EditorAssembliesLoaded (0ms)
		ExecutionOrderSort2 (0ms)
		AwakeInstancesAfterBackupRestoration (17ms)
Refreshing native plugins compatible for Editor in 3.74 ms, found 3 plugins.
Preloading 0 native plugins for Editor in 0.00 ms.
Unloading 4892 Unused Serialized files (Serialized files now loaded: 0)
Unloading 52 unused Assets / (1.5 MB). Loaded Objects now: 5551.
Memory consumption went from 192.0 MB to 190.5 MB.
Total: 3.714700 ms (FindLiveObjects: 0.494400 ms CreateObjectMapping: 0.163500 ms MarkObjects: 2.699900 ms  DeleteObjects: 0.355500 ms)

Prepare: number of updated asset objects reloaded= 2
AssetImportParameters requested are different than current active one (requested -> active):
  custom:container-demuxer-ogg: 62fdf1f143b41e24485cea50d1cbac27 -> 
  custom:video-decoder-ogg-theora: a1e56fd34408186e4bbccfd4996cb3dc -> 
  custom:framework-win-MediaFoundation: 216162199b28c13a410421893ffa2e32 -> 
  custom:CustomObjectIndexerAttribute: d54d2f2da18e7612c182cf67624b6b12 -> 
  custom:container-demuxer-webm: 4f35f7cbe854078d1ac9338744f61a02 -> 
  custom:container-muxer-webm: aa71ff27fc2769a1b78a27578f13a17b -> 
  custom:video-decoder-webm-vp8: 9c59270c3fd7afecdb556c50c9e8de78 -> 
  custom:SearchIndexIgnoredProperties: e643bd26f0fe6173181afceb89e7c659 -> 
  custom:AudioImporter_EditorPlatform: d09bf68614088b80899f8185d706f6e7 -> 
  custom:video-encoder-webm-vp8: eb34c28f22e8b96e1ab97ce403110664 -> 
  custom:audio-decoder-ogg-vorbis: bf7c407c2cedff20999df2af8eb42d56 -> 
  custom:audio-encoder-webm-vorbis: bf7c407c2cedff20999df2af8eb42d56 -> 
Editor requested this worker to shutdown with reason: Scaling down because of idle timeout
TcpMessagingSession - receive error: operation aborted. errorcode: 995, details: The I/O operation has been aborted because of either a thread exit or an application request.
AssetImportWorker is now disconnected from the server
Process exiting
Exiting without the bug reporter. Application will terminate with return code 0